<?xml version="1.0" encoding="UTF-8"?>
<coverage generated="1610746027126" clover="3.2.0">
  <project timestamp="1610746027127" name="All files">
    <metrics statements="1891" coveredstatements="1519" conditionals="519" coveredconditionals="347" methods="285" coveredmethods="253" elements="2695" coveredelements="2119" complexity="0" loc="1891" ncloc="1891" packages="7" files="26" classes="26"/>
    <package name="backend">
      <metrics statements="64" coveredstatements="61" conditionals="12" coveredconditionals="5" methods="2" coveredmethods="1"/>
      <file name="app.js" path="C:\LocalRepos\Springboard\Capstone2\backend\app.js">
        <metrics statements="41" coveredstatements="39" conditionals="2" coveredconditionals="1" methods="2" coveredmethods="1"/>
        <line num="2" count="8" type="stmt"/>
        <line num="3" count="8" type="stmt"/>
        <line num="5" count="8" type="stmt"/>
        <line num="6" count="8" type="stmt"/>
        <line num="7" count="8" type="stmt"/>
        <line num="9" count="8" type="stmt"/>
        <line num="10" count="8" type="stmt"/>
        <line num="12" count="8" type="stmt"/>
        <line num="13" count="8" type="stmt"/>
        <line num="14" count="8" type="stmt"/>
        <line num="22" count="8" type="stmt"/>
        <line num="23" count="8" type="stmt"/>
        <line num="25" count="8" type="stmt"/>
        <line num="26" count="8" type="stmt"/>
        <line num="27" count="8" type="stmt"/>
        <line num="30" count="8" type="stmt"/>
        <line num="37" count="8" type="stmt"/>
        <line num="41" count="8" type="stmt"/>
        <line num="44" count="8" type="stmt"/>
        <line num="45" count="8" type="stmt"/>
        <line num="46" count="8" type="stmt"/>
        <line num="47" count="8" type="stmt"/>
        <line num="48" count="8" type="stmt"/>
        <line num="49" count="8" type="stmt"/>
        <line num="50" count="8" type="stmt"/>
        <line num="52" count="8" type="stmt"/>
        <line num="53" count="8" type="stmt"/>
        <line num="54" count="8" type="stmt"/>
        <line num="55" count="8" type="stmt"/>
        <line num="56" count="8" type="stmt"/>
        <line num="57" count="8" type="stmt"/>
        <line num="58" count="8" type="stmt"/>
        <line num="61" count="8" type="stmt"/>
        <line num="63" count="8" type="stmt"/>
        <line num="66" count="8" type="stmt"/>
        <line num="67" count="0" type="stmt"/>
        <line num="70" count="0" type="stmt"/>
        <line num="75" count="8" type="stmt"/>
        <line num="76" count="131" type="cond" truecount="1" falsecount="1"/>
        <line num="79" count="131" type="stmt"/>
        <line num="85" count="8" type="stmt"/>
      </file>
      <file name="config.js" path="C:\LocalRepos\Springboard\Capstone2\backend\config.js">
        <metrics statements="18" coveredstatements="17" conditionals="8" coveredconditionals="3" methods="0" coveredmethods="0"/>
        <line num="3" count="9" type="stmt"/>
        <line num="5" count="9" type="cond" truecount="1" falsecount="1"/>
        <line num="7" count="9" type="cond" truecount="1" falsecount="1"/>
        <line num="9" count="9" type="stmt"/>
        <line num="11" count="9" type="stmt"/>
        <line num="13" count="9" type="stmt"/>
        <line num="15" count="9" type="stmt"/>
        <line num="17" count="9" type="stmt"/>
        <line num="19" count="9" type="stmt"/>
        <line num="21" count="9" type="stmt"/>
        <line num="23" count="9" type="stmt"/>
        <line num="25" count="9" type="stmt"/>
        <line num="27" count="9" type="stmt"/>
        <line num="29" count="9" type="stmt"/>
        <line num="39" count="9" type="cond" truecount="1" falsecount="1"/>
        <line num="40" count="9" type="stmt"/>
        <line num="42" count="0" type="cond" truecount="0" falsecount="2"/>
        <line num="45" count="9" type="stmt"/>
      </file>
      <file name="db.js" path="C:\LocalRepos\Springboard\Capstone2\backend\db.js">
        <metrics statements="5" coveredstatements="5" conditionals="2" coveredconditionals="1" methods="0" coveredmethods="0"/>
        <line num="3" count="8" type="stmt"/>
        <line num="6" count="8" type="stmt"/>
        <line num="8" count="8" type="cond" truecount="1" falsecount="1"/>
        <line num="20" count="8" type="stmt"/>
        <line num="22" count="8" type="stmt"/>
      </file>
    </package>
    <package name="backend.helpers">
      <metrics statements="32" coveredstatements="30" conditionals="2" coveredconditionals="1" methods="4" coveredmethods="4"/>
      <file name="authHandling.js" path="C:\LocalRepos\Springboard\Capstone2\backend\helpers\authHandling.js">
        <metrics statements="14" coveredstatements="13" conditionals="0" coveredconditionals="0" methods="2" coveredmethods="2"/>
        <line num="2" count="9" type="stmt"/>
        <line num="3" count="9" type="stmt"/>
        <line num="9" count="403" type="stmt"/>
        <line num="10" count="403" type="stmt"/>
        <line num="15" count="403" type="stmt"/>
        <line num="19" count="403" type="stmt"/>
        <line num="26" count="601" type="stmt"/>
        <line num="27" count="601" type="stmt"/>
        <line num="30" count="149" type="stmt"/>
        <line num="33" count="149" type="stmt"/>
        <line num="34" count="149" type="stmt"/>
        <line num="36" count="0" type="stmt"/>
        <line num="39" count="149" type="stmt"/>
        <line num="43" count="9" type="stmt"/>
      </file>
      <file name="expressError.js" path="C:\LocalRepos\Springboard\Capstone2\backend\helpers\expressError.js">
        <metrics statements="4" coveredstatements="4" conditionals="0" coveredconditionals="0" methods="1" coveredmethods="1"/>
        <line num="11" count="86" type="stmt"/>
        <line num="12" count="86" type="stmt"/>
        <line num="13" count="86" type="stmt"/>
        <line num="18" count="8" type="stmt"/>
      </file>
      <file name="partialUpdate.js" path="C:\LocalRepos\Springboard\Capstone2\backend\helpers\partialUpdate.js">
        <metrics statements="14" coveredstatements="13" conditionals="2" coveredconditionals="1" methods="1" coveredmethods="1"/>
        <line num="18" count="15" type="stmt"/>
        <line num="19" count="15" type="stmt"/>
        <line num="22" count="15" type="stmt"/>
        <line num="23" count="23" type="cond" truecount="1" falsecount="1"/>
        <line num="24" count="0" type="stmt"/>
        <line num="28" count="15" type="stmt"/>
        <line num="29" count="23" type="stmt"/>
        <line num="30" count="23" type="stmt"/>
        <line num="34" count="15" type="stmt"/>
        <line num="35" count="15" type="stmt"/>
        <line num="37" count="15" type="stmt"/>
        <line num="38" count="15" type="stmt"/>
        <line num="40" count="15" type="stmt"/>
        <line num="44" count="8" type="stmt"/>
      </file>
    </package>
    <package name="backend.integrations.Square">
      <metrics statements="22" coveredstatements="19" conditionals="0" coveredconditionals="0" methods="3" coveredmethods="2"/>
      <file name="paymentRouter.js" path="C:\LocalRepos\Springboard\Capstone2\backend\integrations\Square\paymentRouter.js">
        <metrics statements="22" coveredstatements="19" conditionals="0" coveredconditionals="0" methods="3" coveredmethods="2"/>
        <line num="5" count="8" type="stmt"/>
        <line num="6" count="8" type="stmt"/>
        <line num="7" count="8" type="stmt"/>
        <line num="18" count="8" type="stmt"/>
        <line num="19" count="8" type="stmt"/>
        <line num="21" count="8" type="stmt"/>
        <line num="23" count="8" type="stmt"/>
        <line num="24" count="1" type="stmt"/>
        <line num="26" count="1" type="stmt"/>
        <line num="27" count="1" type="stmt"/>
        <line num="29" count="1" type="stmt"/>
        <line num="32" count="1" type="stmt"/>
        <line num="44" count="1" type="stmt"/>
        <line num="51" count="1" type="stmt"/>
        <line num="58" count="1" type="stmt"/>
        <line num="66" count="1" type="stmt"/>
        <line num="67" count="1" type="stmt"/>
        <line num="68" count="1" type="stmt"/>
        <line num="74" count="0" type="stmt"/>
        <line num="75" count="0" type="stmt"/>
        <line num="82" count="0" type="stmt"/>
        <line num="88" count="8" type="stmt"/>
      </file>
    </package>
    <package name="backend.middleware">
      <metrics statements="32" coveredstatements="31" conditionals="14" coveredconditionals="13" methods="6" coveredmethods="6"/>
      <file name="auth.js" path="C:\LocalRepos\Springboard\Capstone2\backend\middleware\auth.js">
        <metrics statements="32" coveredstatements="31" conditionals="14" coveredconditionals="13" methods="6" coveredmethods="6"/>
        <line num="2" count="9" type="stmt"/>
        <line num="7" count="601" type="stmt"/>
        <line num="8" count="601" type="stmt"/>
        <line num="9" count="149" type="stmt"/>
        <line num="10" count="149" type="stmt"/>
        <line num="12" count="452" type="stmt"/>
        <line num="19" count="8" type="stmt"/>
        <line num="20" count="8" type="cond" truecount="1" falsecount="1"/>
        <line num="21" count="7" type="stmt"/>
        <line num="23" count="0" type="stmt"/>
        <line num="25" count="1" type="stmt"/>
        <line num="32" count="4" type="stmt"/>
        <line num="33" count="4" type="cond" truecount="4" falsecount="0"/>
        <line num="34" count="1" type="stmt"/>
        <line num="37" count="2" type="stmt"/>
        <line num="39" count="1" type="stmt"/>
        <line num="46" count="37" type="stmt"/>
        <line num="47" count="37" type="cond" truecount="2" falsecount="0"/>
        <line num="48" count="25" type="stmt"/>
        <line num="51" count="7" type="stmt"/>
        <line num="54" count="5" type="stmt"/>
        <line num="62" count="4" type="stmt"/>
        <line num="63" count="4" type="cond" truecount="4" falsecount="0"/>
        <line num="64" count="1" type="stmt"/>
        <line num="67" count="2" type="stmt"/>
        <line num="69" count="1" type="stmt"/>
        <line num="76" count="131" type="stmt"/>
        <line num="77" count="131" type="cond" truecount="2" falsecount="0"/>
        <line num="78" count="90" type="stmt"/>
        <line num="81" count="28" type="stmt"/>
        <line num="84" count="13" type="stmt"/>
        <line num="88" count="9" type="stmt"/>
      </file>
    </package>
    <package name="backend.models">
      <metrics statements="419" coveredstatements="333" conditionals="148" coveredconditionals="92" methods="82" coveredmethods="68"/>
      <file name="gathering.js" path="C:\LocalRepos\Springboard\Capstone2\backend\models\gathering.js">
        <metrics statements="50" coveredstatements="44" conditionals="24" coveredconditionals="18" methods="12" coveredmethods="12"/>
        <line num="1" count="8" type="stmt"/>
        <line num="2" count="8" type="stmt"/>
        <line num="18" count="8" type="stmt"/>
        <line num="33" count="1" type="stmt"/>
        <line num="34" count="1" type="stmt"/>
        <line num="38" count="3" type="cond" truecount="3" falsecount="1"/>
        <line num="39" count="0" type="stmt"/>
        <line num="42" count="3" type="stmt"/>
        <line num="43" count="2" type="stmt"/>
        <line num="47" count="1" type="cond" truecount="3" falsecount="1"/>
        <line num="48" count="0" type="stmt"/>
        <line num="51" count="1" type="stmt"/>
        <line num="52" count="1" type="stmt"/>
        <line num="64" count="11" type="stmt"/>
        <line num="66" count="11" type="cond" truecount="2" falsecount="0"/>
        <line num="67" count="9" type="stmt"/>
        <line num="70" count="2" type="stmt"/>
        <line num="74" count="2" type="stmt"/>
        <line num="76" count="2" type="cond" truecount="2" falsecount="0"/>
        <line num="77" count="1" type="stmt"/>
        <line num="78" count="1" type="stmt"/>
        <line num="79" count="1" type="stmt"/>
        <line num="82" count="1" type="stmt"/>
        <line num="86" count="1" type="stmt"/>
        <line num="87" count="1" type="stmt"/>
        <line num="91" count="2" type="stmt"/>
        <line num="93" count="2" type="cond" truecount="2" falsecount="0"/>
        <line num="94" count="1" type="stmt"/>
        <line num="97" count="1" type="stmt"/>
        <line num="101" count="2" type="stmt"/>
        <line num="103" count="2" type="cond" truecount="2" falsecount="0"/>
        <line num="104" count="1" type="stmt"/>
        <line num="107" count="1" type="stmt"/>
        <line num="118" count="1" type="stmt"/>
        <line num="120" count="1" type="cond" truecount="1" falsecount="1"/>
        <line num="121" count="0" type="stmt"/>
        <line num="123" count="1" type="stmt"/>
        <line num="134" count="1" type="stmt"/>
        <line num="136" count="1" type="cond" truecount="1" falsecount="1"/>
        <line num="137" count="0" type="stmt"/>
        <line num="139" count="1" type="stmt"/>
        <line num="143" count="1" type="stmt"/>
        <line num="145" count="1" type="cond" truecount="1" falsecount="1"/>
        <line num="146" count="0" type="stmt"/>
        <line num="148" count="1" type="stmt"/>
        <line num="152" count="1" type="stmt"/>
        <line num="154" count="1" type="cond" truecount="1" falsecount="1"/>
        <line num="155" count="0" type="stmt"/>
        <line num="157" count="1" type="stmt"/>
        <line num="161" count="8" type="stmt"/>
      </file>
      <file name="merchant.js" path="C:\LocalRepos\Springboard\Capstone2\backend\models\merchant.js">
        <metrics statements="90" coveredstatements="82" conditionals="28" coveredconditionals="20" methods="15" coveredmethods="14"/>
        <line num="1" count="8" type="stmt"/>
        <line num="2" count="8" type="stmt"/>
        <line num="3" count="8" type="stmt"/>
        <line num="18" count="8" type="stmt"/>
        <line num="24" count="8" type="stmt"/>
        <line num="28" count="8" type="stmt"/>
        <line num="34" count="8" type="stmt"/>
        <line num="40" count="203" type="stmt"/>
        <line num="42" count="203" type="cond" truecount="1" falsecount="1"/>
        <line num="44" count="203" type="stmt"/>
        <line num="45" count="203" type="cond" truecount="2" falsecount="0"/>
        <line num="46" count="202" type="stmt"/>
        <line num="47" count="202" type="stmt"/>
        <line num="48" count="202" type="stmt"/>
        <line num="49" count="202" type="stmt"/>
        <line num="53" count="1" type="stmt"/>
        <line num="58" count="1" type="stmt"/>
        <line num="60" count="1" type="cond" truecount="1" falsecount="1"/>
        <line num="61" count="0" type="stmt"/>
        <line num="64" count="1" type="stmt"/>
        <line num="65" count="1" type="stmt"/>
        <line num="66" count="1" type="stmt"/>
        <line num="68" count="1" type="stmt"/>
        <line num="77" count="2" type="stmt"/>
        <line num="78" count="2" type="stmt"/>
        <line num="81" count="2" type="stmt"/>
        <line num="82" count="2" type="cond" truecount="2" falsecount="0"/>
        <line num="83" count="1" type="stmt"/>
        <line num="87" count="1" type="stmt"/>
        <line num="88" count="1" type="stmt"/>
        <line num="91" count="1" type="stmt"/>
        <line num="92" count="1" type="stmt"/>
        <line num="95" count="1" type="stmt"/>
        <line num="96" count="1" type="stmt"/>
        <line num="98" count="1" type="stmt"/>
        <line num="99" count="1" type="stmt"/>
        <line num="101" count="1" type="stmt"/>
        <line num="102" count="1" type="stmt"/>
        <line num="111" count="1" type="stmt"/>
        <line num="112" count="1" type="stmt"/>
        <line num="113" count="1" type="stmt"/>
        <line num="115" count="1" type="cond" truecount="1" falsecount="1"/>
        <line num="116" count="1" type="stmt"/>
        <line num="117" count="1" type="stmt"/>
        <line num="118" count="1" type="stmt"/>
        <line num="121" count="1" type="stmt"/>
        <line num="122" count="1" type="stmt"/>
        <line num="123" count="1" type="stmt"/>
        <line num="126" count="1" type="stmt"/>
        <line num="127" count="1" type="stmt"/>
        <line num="128" count="0" type="stmt"/>
        <line num="132" count="1" type="stmt"/>
        <line num="141" count="2" type="stmt"/>
        <line num="142" count="2" type="stmt"/>
        <line num="143" count="2" type="stmt"/>
        <line num="145" count="0" type="stmt"/>
        <line num="155" count="7" type="stmt"/>
        <line num="157" count="7" type="stmt"/>
        <line num="159" count="7" type="cond" truecount="1" falsecount="1"/>
        <line num="160" count="0" type="stmt"/>
        <line num="162" count="7" type="stmt"/>
        <line num="168" count="3" type="cond" truecount="2" falsecount="0"/>
        <line num="169" count="1" type="stmt"/>
        <line num="173" count="3" type="cond" truecount="2" falsecount="0"/>
        <line num="174" count="2" type="stmt"/>
        <line num="175" count="2" type="cond" truecount="4" falsecount="0"/>
        <line num="176" count="1" type="stmt"/>
        <line num="181" count="2" type="stmt"/>
        <line num="182" count="2" type="cond" truecount="1" falsecount="1"/>
        <line num="183" count="0" type="stmt"/>
        <line num="187" count="2" type="stmt"/>
        <line num="188" count="2" type="stmt"/>
        <line num="189" count="2" type="stmt"/>
        <line num="195" count="1" type="stmt"/>
        <line num="197" count="1" type="cond" truecount="1" falsecount="1"/>
        <line num="198" count="0" type="stmt"/>
        <line num="200" count="1" type="stmt"/>
        <line num="207" count="1" type="stmt"/>
        <line num="209" count="1" type="stmt"/>
        <line num="213" count="4" type="stmt"/>
        <line num="215" count="4" type="stmt"/>
        <line num="219" count="1" type="stmt"/>
        <line num="221" count="1" type="cond" truecount="1" falsecount="1"/>
        <line num="222" count="0" type="stmt"/>
        <line num="224" count="1" type="stmt"/>
        <line num="228" count="1" type="stmt"/>
        <line num="230" count="1" type="cond" truecount="1" falsecount="1"/>
        <line num="231" count="0" type="stmt"/>
        <line num="233" count="1" type="stmt"/>
        <line num="240" count="8" type="stmt"/>
      </file>
      <file name="order.js" path="C:\LocalRepos\Springboard\Capstone2\backend\models\order.js">
        <metrics statements="59" coveredstatements="39" conditionals="18" coveredconditionals="8" methods="7" coveredmethods="5"/>
        <line num="16" count="8" type="stmt"/>
        <line num="20" count="8" type="stmt"/>
        <line num="22" count="8" type="stmt"/>
        <line num="38" count="1" type="cond" truecount="1" falsecount="1"/>
        <line num="39" count="0" type="stmt"/>
        <line num="40" count="0" type="stmt"/>
        <line num="43" count="1" type="stmt"/>
        <line num="45" count="1" type="stmt"/>
        <line num="49" count="1" type="stmt"/>
        <line num="51" count="1" type="cond" truecount="1" falsecount="1"/>
        <line num="52" count="0" type="stmt"/>
        <line num="53" count="0" type="stmt"/>
        <line num="57" count="1" type="stmt"/>
        <line num="59" count="1" type="cond" truecount="1" falsecount="1"/>
        <line num="60" count="0" type="stmt"/>
        <line num="61" count="0" type="stmt"/>
        <line num="65" count="1" type="stmt"/>
        <line num="66" count="1" type="stmt"/>
        <line num="69" count="1" type="stmt"/>
        <line num="70" count="1" type="stmt"/>
        <line num="72" count="1" type="cond" truecount="3" falsecount="1"/>
        <line num="73" count="1" type="stmt"/>
        <line num="74" count="0" type="cond" truecount="0" falsecount="2"/>
        <line num="75" count="0" type="stmt"/>
        <line num="76" count="0" type="cond" truecount="0" falsecount="2"/>
        <line num="77" count="0" type="stmt"/>
        <line num="79" count="0" type="stmt"/>
        <line num="81" count="1" type="stmt"/>
        <line num="86" count="1" type="stmt"/>
        <line num="89" count="1" type="stmt"/>
        <line num="92" count="1" type="stmt"/>
        <line num="93" count="1" type="stmt"/>
        <line num="96" count="1" type="stmt"/>
        <line num="99" count="1" type="stmt"/>
        <line num="101" count="1" type="stmt"/>
        <line num="104" count="0" type="stmt"/>
        <line num="105" count="0" type="stmt"/>
        <line num="112" count="1" type="stmt"/>
        <line num="114" count="1" type="stmt"/>
        <line num="116" count="1" type="stmt"/>
        <line num="118" count="0" type="stmt"/>
        <line num="131" count="2" type="stmt"/>
        <line num="132" count="2" type="cond" truecount="1" falsecount="1"/>
        <line num="133" count="0" type="stmt"/>
        <line num="136" count="2" type="stmt"/>
        <line num="137" count="2" type="cond" truecount="1" falsecount="1"/>
        <line num="138" count="0" type="stmt"/>
        <line num="141" count="2" type="stmt"/>
        <line num="142" count="2" type="stmt"/>
        <line num="143" count="2" type="stmt"/>
        <line num="148" count="1" type="stmt"/>
        <line num="149" count="1" type="stmt"/>
        <line num="154" count="0" type="stmt"/>
        <line num="155" count="0" type="stmt"/>
        <line num="175" count="1" type="stmt"/>
        <line num="176" count="1" type="stmt"/>
        <line num="191" count="0" type="stmt"/>
        <line num="192" count="0" type="stmt"/>
        <line num="196" count="8" type="stmt"/>
      </file>
      <file name="product.js" path="C:\LocalRepos\Springboard\Capstone2\backend\models\product.js">
        <metrics statements="179" coveredstatements="131" conditionals="58" coveredconditionals="31" methods="43" coveredmethods="32"/>
        <line num="55" count="8" type="stmt"/>
        <line num="61" count="8" type="stmt"/>
        <line num="62" count="8" type="stmt"/>
        <line num="76" count="2" type="stmt"/>
        <line num="77" count="2" type="stmt"/>
        <line num="82" count="2" type="stmt"/>
        <line num="83" count="2" type="stmt"/>
        <line num="88" count="2" type="stmt"/>
        <line num="89" count="2" type="stmt"/>
        <line num="94" count="2" type="stmt"/>
        <line num="95" count="2" type="stmt"/>
        <line num="97" count="2" type="stmt"/>
        <line num="98" count="2" type="cond" truecount="2" falsecount="0"/>
        <line num="99" count="1" type="stmt"/>
        <line num="103" count="1" type="cond" truecount="1" falsecount="1"/>
        <line num="104" count="1" type="stmt"/>
        <line num="107" count="1" type="stmt"/>
        <line num="109" count="1" type="stmt"/>
        <line num="110" count="1" type="stmt"/>
        <line num="112" count="1" type="stmt"/>
        <line num="113" count="1" type="stmt"/>
        <line num="119" count="2" type="stmt"/>
        <line num="120" count="2" type="stmt"/>
        <line num="125" count="2" type="stmt"/>
        <line num="126" count="2" type="stmt"/>
        <line num="131" count="1" type="stmt"/>
        <line num="132" count="1" type="stmt"/>
        <line num="133" count="1" type="stmt"/>
        <line num="135" count="1" type="stmt"/>
        <line num="136" count="1" type="stmt"/>
        <line num="138" count="1" type="stmt"/>
        <line num="140" count="0" type="stmt"/>
        <line num="146" count="0" type="stmt"/>
        <line num="147" count="0" type="stmt"/>
        <line num="162" count="29" type="stmt"/>
        <line num="164" count="29" type="cond" truecount="1" falsecount="1"/>
        <line num="165" count="0" type="stmt"/>
        <line num="167" count="29" type="stmt"/>
        <line num="172" count="2" type="stmt"/>
        <line num="173" count="2" type="stmt"/>
        <line num="175" count="2" type="stmt"/>
        <line num="177" count="2" type="cond" truecount="2" falsecount="0"/>
        <line num="178" count="1" type="stmt"/>
        <line num="181" count="1" type="stmt"/>
        <line num="182" count="1" type="stmt"/>
        <line num="183" count="1" type="stmt"/>
        <line num="184" count="1" type="stmt"/>
        <line num="186" count="1" type="stmt"/>
        <line num="188" count="1" type="stmt"/>
        <line num="189" count="1" type="stmt"/>
        <line num="191" count="1" type="stmt"/>
        <line num="192" count="1" type="stmt"/>
        <line num="198" count="0" type="stmt"/>
        <line num="199" count="0" type="stmt"/>
        <line num="204" count="0" type="stmt"/>
        <line num="205" count="0" type="stmt"/>
        <line num="210" count="0" type="stmt"/>
        <line num="211" count="0" type="stmt"/>
        <line num="216" count="0" type="stmt"/>
        <line num="217" count="0" type="stmt"/>
        <line num="222" count="0" type="stmt"/>
        <line num="223" count="0" type="stmt"/>
        <line num="228" count="0" type="stmt"/>
        <line num="229" count="0" type="stmt"/>
        <line num="234" count="0" type="stmt"/>
        <line num="236" count="0" type="cond" truecount="0" falsecount="2"/>
        <line num="237" count="0" type="stmt"/>
        <line num="239" count="0" type="stmt"/>
        <line num="248" count="9" type="stmt"/>
        <line num="249" count="9" type="stmt"/>
        <line num="250" count="9" type="stmt"/>
        <line num="252" count="9" type="cond" truecount="2" falsecount="0"/>
        <line num="253" count="5" type="stmt"/>
        <line num="254" count="5" type="stmt"/>
        <line num="255" count="5" type="stmt"/>
        <line num="258" count="5" type="stmt"/>
        <line num="259" count="5" type="stmt"/>
        <line num="260" count="5" type="stmt"/>
        <line num="263" count="5" type="stmt"/>
        <line num="264" count="5" type="stmt"/>
        <line num="265" count="0" type="stmt"/>
        <line num="269" count="9" type="stmt"/>
        <line num="278" count="5" type="stmt"/>
        <line num="280" count="5" type="cond" truecount="1" falsecount="1"/>
        <line num="281" count="0" type="stmt"/>
        <line num="283" count="5" type="stmt"/>
        <line num="288" count="3" type="stmt"/>
        <line num="290" count="3" type="cond" truecount="1" falsecount="1"/>
        <line num="291" count="0" type="stmt"/>
        <line num="293" count="3" type="stmt"/>
        <line num="298" count="4" type="stmt"/>
        <line num="300" count="4" type="cond" truecount="1" falsecount="1"/>
        <line num="301" count="0" type="stmt"/>
        <line num="303" count="4" type="stmt"/>
        <line num="308" count="6" type="stmt"/>
        <line num="310" count="6" type="cond" truecount="1" falsecount="1"/>
        <line num="311" count="0" type="stmt"/>
        <line num="313" count="6" type="stmt"/>
        <line num="318" count="3" type="stmt"/>
        <line num="320" count="3" type="cond" truecount="1" falsecount="1"/>
        <line num="321" count="0" type="stmt"/>
        <line num="323" count="3" type="stmt"/>
        <line num="328" count="4" type="stmt"/>
        <line num="330" count="4" type="cond" truecount="1" falsecount="1"/>
        <line num="331" count="0" type="stmt"/>
        <line num="333" count="4" type="stmt"/>
        <line num="342" count="0" type="stmt"/>
        <line num="343" count="0" type="stmt"/>
        <line num="365" count="1" type="stmt"/>
        <line num="367" count="1" type="cond" truecount="1" falsecount="1"/>
        <line num="368" count="0" type="stmt"/>
        <line num="370" count="1" type="stmt"/>
        <line num="374" count="1" type="stmt"/>
        <line num="376" count="1" type="cond" truecount="1" falsecount="1"/>
        <line num="377" count="0" type="stmt"/>
        <line num="379" count="1" type="stmt"/>
        <line num="383" count="1" type="stmt"/>
        <line num="385" count="1" type="cond" truecount="1" falsecount="1"/>
        <line num="386" count="0" type="stmt"/>
        <line num="388" count="1" type="stmt"/>
        <line num="392" count="2" type="stmt"/>
        <line num="393" count="2" type="stmt"/>
        <line num="395" count="2" type="stmt"/>
        <line num="396" count="2" type="cond" truecount="2" falsecount="0"/>
        <line num="397" count="1" type="stmt"/>
        <line num="401" count="1" type="cond" truecount="1" falsecount="1"/>
        <line num="402" count="0" type="stmt"/>
        <line num="405" count="1" type="stmt"/>
        <line num="407" count="1" type="cond" truecount="1" falsecount="1"/>
        <line num="408" count="0" type="stmt"/>
        <line num="411" count="1" type="stmt"/>
        <line num="412" count="1" type="stmt"/>
        <line num="414" count="1" type="stmt"/>
        <line num="415" count="1" type="stmt"/>
        <line num="420" count="1" type="stmt"/>
        <line num="422" count="1" type="cond" truecount="1" falsecount="1"/>
        <line num="423" count="0" type="stmt"/>
        <line num="425" count="1" type="stmt"/>
        <line num="429" count="1" type="stmt"/>
        <line num="431" count="1" type="cond" truecount="1" falsecount="1"/>
        <line num="432" count="0" type="stmt"/>
        <line num="434" count="1" type="stmt"/>
        <line num="438" count="1" type="stmt"/>
        <line num="440" count="1" type="cond" truecount="1" falsecount="1"/>
        <line num="441" count="0" type="stmt"/>
        <line num="443" count="1" type="stmt"/>
        <line num="456" count="1" type="stmt"/>
        <line num="458" count="1" type="cond" truecount="1" falsecount="1"/>
        <line num="459" count="0" type="stmt"/>
        <line num="461" count="1" type="stmt"/>
        <line num="465" count="1" type="stmt"/>
        <line num="467" count="1" type="cond" truecount="1" falsecount="1"/>
        <line num="468" count="0" type="stmt"/>
        <line num="470" count="1" type="stmt"/>
        <line num="474" count="1" type="stmt"/>
        <line num="476" count="1" type="cond" truecount="1" falsecount="1"/>
        <line num="477" count="0" type="stmt"/>
        <line num="479" count="1" type="stmt"/>
        <line num="483" count="1" type="stmt"/>
        <line num="485" count="1" type="cond" truecount="1" falsecount="1"/>
        <line num="486" count="0" type="stmt"/>
        <line num="488" count="1" type="stmt"/>
        <line num="492" count="1" type="stmt"/>
        <line num="494" count="1" type="cond" truecount="1" falsecount="1"/>
        <line num="495" count="0" type="stmt"/>
        <line num="497" count="1" type="stmt"/>
        <line num="501" count="1" type="stmt"/>
        <line num="503" count="1" type="cond" truecount="1" falsecount="1"/>
        <line num="504" count="0" type="stmt"/>
        <line num="506" count="1" type="stmt"/>
        <line num="510" count="1" type="stmt"/>
        <line num="512" count="1" type="cond" truecount="1" falsecount="1"/>
        <line num="513" count="0" type="stmt"/>
        <line num="515" count="1" type="stmt"/>
        <line num="519" count="0" type="stmt"/>
        <line num="521" count="0" type="cond" truecount="0" falsecount="2"/>
        <line num="522" count="0" type="stmt"/>
        <line num="524" count="0" type="stmt"/>
        <line num="529" count="8" type="stmt"/>
      </file>
      <file name="user.js" path="C:\LocalRepos\Springboard\Capstone2\backend\models\user.js">
        <metrics statements="41" coveredstatements="37" conditionals="20" coveredconditionals="15" methods="5" coveredmethods="5"/>
        <line num="1" count="8" type="stmt"/>
        <line num="2" count="8" type="stmt"/>
        <line num="3" count="8" type="stmt"/>
        <line num="11" count="8" type="stmt"/>
        <line num="17" count="200" type="stmt"/>
        <line num="19" count="200" type="cond" truecount="1" falsecount="1"/>
        <line num="21" count="200" type="stmt"/>
        <line num="22" count="200" type="cond" truecount="2" falsecount="0"/>
        <line num="23" count="199" type="stmt"/>
        <line num="24" count="199" type="stmt"/>
        <line num="25" count="199" type="stmt"/>
        <line num="26" count="199" type="stmt"/>
        <line num="30" count="1" type="stmt"/>
        <line num="35" count="1" type="stmt"/>
        <line num="37" count="1" type="cond" truecount="1" falsecount="1"/>
        <line num="38" count="0" type="stmt"/>
        <line num="41" count="1" type="stmt"/>
        <line num="42" count="1" type="stmt"/>
        <line num="43" count="1" type="stmt"/>
        <line num="45" count="1" type="stmt"/>
        <line num="50" count="8" type="stmt"/>
        <line num="52" count="8" type="cond" truecount="1" falsecount="1"/>
        <line num="53" count="0" type="stmt"/>
        <line num="55" count="8" type="stmt"/>
        <line num="61" count="3" type="cond" truecount="2" falsecount="0"/>
        <line num="62" count="1" type="stmt"/>
        <line num="66" count="3" type="cond" truecount="2" falsecount="0"/>
        <line num="67" count="2" type="stmt"/>
        <line num="68" count="2" type="cond" truecount="4" falsecount="0"/>
        <line num="69" count="1" type="stmt"/>
        <line num="74" count="2" type="stmt"/>
        <line num="75" count="2" type="cond" truecount="1" falsecount="1"/>
        <line num="76" count="0" type="stmt"/>
        <line num="80" count="2" type="stmt"/>
        <line num="81" count="2" type="stmt"/>
        <line num="82" count="2" type="stmt"/>
        <line num="87" count="1" type="stmt"/>
        <line num="89" count="1" type="cond" truecount="1" falsecount="1"/>
        <line num="90" count="0" type="stmt"/>
        <line num="92" count="1" type="stmt"/>
        <line num="97" count="8" type="stmt"/>
      </file>
    </package>
    <package name="backend.repositories">
      <metrics statements="608" coveredstatements="439" conditionals="59" coveredconditionals="35" methods="94" coveredmethods="81"/>
      <file name="common.repository.js" path="C:\LocalRepos\Springboard\Capstone2\backend\repositories\common.repository.js">
        <metrics statements="14" coveredstatements="11" conditionals="0" coveredconditionals="0" methods="3" coveredmethods="3"/>
        <line num="1" count="8" type="stmt"/>
        <line num="4" count="10" type="stmt"/>
        <line num="5" count="10" type="stmt"/>
        <line num="7" count="10" type="stmt"/>
        <line num="9" count="0" type="stmt"/>
        <line num="15" count="6" type="stmt"/>
        <line num="16" count="6" type="stmt"/>
        <line num="18" count="6" type="stmt"/>
        <line num="20" count="0" type="stmt"/>
        <line num="26" count="4" type="stmt"/>
        <line num="27" count="4" type="stmt"/>
        <line num="29" count="4" type="stmt"/>
        <line num="31" count="0" type="stmt"/>
        <line num="35" count="8" type="stmt"/>
      </file>
      <file name="gathering.repository.js" path="C:\LocalRepos\Springboard\Capstone2\backend\repositories\gathering.repository.js">
        <metrics statements="73" coveredstatements="60" conditionals="2" coveredconditionals="1" methods="13" coveredmethods="13"/>
        <line num="1" count="8" type="stmt"/>
        <line num="2" count="8" type="stmt"/>
        <line num="3" count="8" type="stmt"/>
        <line num="4" count="8" type="stmt"/>
        <line num="7" count="1" type="stmt"/>
        <line num="8" count="1" type="stmt"/>
        <line num="10" count="1" type="stmt"/>
        <line num="17" count="1" type="stmt"/>
        <line num="19" count="0" type="stmt"/>
        <line num="24" count="3" type="stmt"/>
        <line num="25" count="3" type="stmt"/>
        <line num="26" count="3" type="stmt"/>
        <line num="28" count="3" type="stmt"/>
        <line num="29" count="3" type="stmt"/>
        <line num="30" count="3" type="stmt"/>
        <line num="33" count="3" type="stmt"/>
        <line num="35" count="3" type="stmt"/>
        <line num="43" count="2" type="stmt"/>
        <line num="45" count="1" type="stmt"/>
        <line num="50" count="1" type="stmt"/>
        <line num="51" count="1" type="stmt"/>
        <line num="52" count="1" type="stmt"/>
        <line num="54" count="1" type="stmt"/>
        <line num="55" count="1" type="stmt"/>
        <line num="56" count="1" type="stmt"/>
        <line num="59" count="1" type="stmt"/>
        <line num="61" count="1" type="stmt"/>
        <line num="69" count="1" type="stmt"/>
        <line num="71" count="0" type="stmt"/>
        <line num="76" count="13" type="stmt"/>
        <line num="77" count="13" type="stmt"/>
        <line num="83" count="13" type="stmt"/>
        <line num="85" count="0" type="stmt"/>
        <line num="90" count="1" type="stmt"/>
        <line num="91" count="1" type="stmt"/>
        <line num="97" count="1" type="stmt"/>
        <line num="99" count="0" type="stmt"/>
        <line num="104" count="1" type="stmt"/>
        <line num="105" count="1" type="stmt"/>
        <line num="111" count="1" type="stmt"/>
        <line num="113" count="0" type="stmt"/>
        <line num="140" count="2" type="stmt"/>
        <line num="141" count="2" type="stmt"/>
        <line num="167" count="2" type="stmt"/>
        <line num="169" count="0" type="stmt"/>
        <line num="175" count="2" type="stmt"/>
        <line num="176" count="2" type="stmt"/>
        <line num="188" count="2" type="stmt"/>
        <line num="190" count="0" type="stmt"/>
        <line num="195" count="2" type="stmt"/>
        <line num="196" count="2" type="stmt"/>
        <line num="209" count="2" type="stmt"/>
        <line num="211" count="0" type="stmt"/>
        <line num="216" count="1" type="stmt"/>
        <line num="217" count="1" type="cond" truecount="1" falsecount="1"/>
        <line num="218" count="0" type="stmt"/>
        <line num="222" count="1" type="stmt"/>
        <line num="229" count="1" type="stmt"/>
        <line num="230" count="1" type="stmt"/>
        <line num="232" count="0" type="stmt"/>
        <line num="237" count="1" type="stmt"/>
        <line num="238" count="1" type="stmt"/>
        <line num="244" count="1" type="stmt"/>
        <line num="246" count="0" type="stmt"/>
        <line num="251" count="1" type="stmt"/>
        <line num="252" count="1" type="stmt"/>
        <line num="258" count="1" type="stmt"/>
        <line num="260" count="0" type="stmt"/>
        <line num="265" count="1" type="stmt"/>
        <line num="266" count="1" type="stmt"/>
        <line num="272" count="1" type="stmt"/>
        <line num="274" count="0" type="stmt"/>
        <line num="279" count="8" type="stmt"/>
      </file>
      <file name="merchant.repository.js" path="C:\LocalRepos\Springboard\Capstone2\backend\repositories\merchant.repository.js">
        <metrics statements="82" coveredstatements="58" conditionals="12" coveredconditionals="7" methods="11" coveredmethods="11"/>
        <line num="1" count="8" type="stmt"/>
        <line num="2" count="8" type="stmt"/>
        <line num="3" count="8" type="stmt"/>
        <line num="7" count="1" type="stmt"/>
        <line num="8" count="1" type="stmt"/>
        <line num="19" count="1" type="stmt"/>
        <line num="21" count="0" type="stmt"/>
        <line num="27" count="2" type="stmt"/>
        <line num="28" count="2" type="stmt"/>
        <line num="29" count="2" type="stmt"/>
        <line num="30" count="2" type="stmt"/>
        <line num="31" count="2" type="stmt"/>
        <line num="34" count="2" type="cond" truecount="2" falsecount="0"/>
        <line num="35" count="1" type="stmt"/>
        <line num="37" count="1" type="stmt"/>
        <line num="38" count="1" type="stmt"/>
        <line num="39" count="1" type="stmt"/>
        <line num="42" count="1" type="stmt"/>
        <line num="43" count="1" type="stmt"/>
        <line num="44" count="1" type="stmt"/>
        <line num="48" count="2" type="cond" truecount="1" falsecount="1"/>
        <line num="49" count="0" type="cond" truecount="0" falsecount="2"/>
        <line num="50" count="0" type="stmt"/>
        <line num="51" count="0" type="stmt"/>
        <line num="53" count="0" type="stmt"/>
        <line num="55" count="0" type="stmt"/>
        <line num="56" count="0" type="stmt"/>
        <line num="57" count="0" type="stmt"/>
        <line num="60" count="0" type="stmt"/>
        <line num="61" count="0" type="stmt"/>
        <line num="62" count="0" type="stmt"/>
        <line num="66" count="2" type="cond" truecount="1" falsecount="1"/>
        <line num="67" count="0" type="stmt"/>
        <line num="74" count="2" type="cond" truecount="2" falsecount="0"/>
        <line num="77" count="2" type="cond" truecount="1" falsecount="1"/>
        <line num="78" count="0" type="stmt"/>
        <line num="79" count="0" type="stmt"/>
        <line num="81" count="2" type="stmt"/>
        <line num="84" count="2" type="stmt"/>
        <line num="99" count="2" type="stmt"/>
        <line num="100" count="2" type="stmt"/>
        <line num="101" count="2" type="stmt"/>
        <line num="103" count="0" type="stmt"/>
        <line num="108" count="206" type="stmt"/>
        <line num="109" count="206" type="stmt"/>
        <line num="119" count="206" type="stmt"/>
        <line num="121" count="0" type="stmt"/>
        <line num="126" count="7" type="stmt"/>
        <line num="127" count="7" type="stmt"/>
        <line num="133" count="7" type="stmt"/>
        <line num="135" count="0" type="stmt"/>
        <line num="140" count="2" type="stmt"/>
        <line num="141" count="2" type="stmt"/>
        <line num="159" count="2" type="stmt"/>
        <line num="161" count="0" type="stmt"/>
        <line num="166" count="2" type="stmt"/>
        <line num="168" count="2" type="stmt"/>
        <line num="175" count="2" type="stmt"/>
        <line num="176" count="2" type="stmt"/>
        <line num="178" count="0" type="stmt"/>
        <line num="183" count="1" type="stmt"/>
        <line num="184" count="1" type="stmt"/>
        <line num="190" count="1" type="stmt"/>
        <line num="192" count="0" type="stmt"/>
        <line num="199" count="1" type="stmt"/>
        <line num="200" count="1" type="stmt"/>
        <line num="213" count="1" type="stmt"/>
        <line num="215" count="0" type="stmt"/>
        <line num="220" count="11" type="stmt"/>
        <line num="221" count="11" type="stmt"/>
        <line num="227" count="11" type="stmt"/>
        <line num="229" count="0" type="stmt"/>
        <line num="234" count="1" type="stmt"/>
        <line num="236" count="1" type="stmt"/>
        <line num="243" count="1" type="stmt"/>
        <line num="244" count="1" type="stmt"/>
        <line num="246" count="0" type="stmt"/>
        <line num="251" count="1" type="stmt"/>
        <line num="252" count="1" type="stmt"/>
        <line num="258" count="1" type="stmt"/>
        <line num="260" count="0" type="stmt"/>
        <line num="266" count="8" type="stmt"/>
      </file>
      <file name="order.repository.js" path="C:\LocalRepos\Springboard\Capstone2\backend\repositories\order.repository.js">
        <metrics statements="116" coveredstatements="80" conditionals="18" coveredconditionals="9" methods="15" coveredmethods="11"/>
        <line num="1" count="8" type="stmt"/>
        <line num="2" count="8" type="stmt"/>
        <line num="3" count="8" type="stmt"/>
        <line num="4" count="8" type="stmt"/>
        <line num="14" count="1" type="stmt"/>
        <line num="15" count="1" type="stmt"/>
        <line num="24" count="1" type="stmt"/>
        <line num="26" count="0" type="stmt"/>
        <line num="31" count="2" type="stmt"/>
        <line num="33" count="2" type="stmt"/>
        <line num="34" count="2" type="stmt"/>
        <line num="43" count="2" type="stmt"/>
        <line num="45" count="0" type="stmt"/>
        <line num="50" count="1" type="stmt"/>
        <line num="51" count="1" type="stmt"/>
        <line num="54" count="1" type="stmt"/>
        <line num="55" count="1" type="stmt"/>
        <line num="57" count="1" type="stmt"/>
        <line num="62" count="1" type="stmt"/>
        <line num="64" count="1" type="stmt"/>
        <line num="65" count="1" type="stmt"/>
        <line num="75" count="1" type="stmt"/>
        <line num="77" count="0" type="stmt"/>
        <line num="83" count="1" type="stmt"/>
        <line num="84" count="1" type="stmt"/>
        <line num="86" count="1" type="stmt"/>
        <line num="87" count="1" type="cond" truecount="1" falsecount="1"/>
        <line num="88" count="0" type="stmt"/>
        <line num="91" count="1" type="stmt"/>
        <line num="92" count="1" type="stmt"/>
        <line num="95" count="1" type="cond" truecount="1" falsecount="1"/>
        <line num="96" count="0" type="stmt"/>
        <line num="99" count="1" type="stmt"/>
        <line num="101" count="1" type="stmt"/>
        <line num="102" count="1" type="stmt"/>
        <line num="112" count="1" type="stmt"/>
        <line num="115" count="0" type="stmt"/>
        <line num="120" count="1" type="stmt"/>
        <line num="121" count="1" type="stmt"/>
        <line num="123" count="1" type="stmt"/>
        <line num="124" count="1" type="cond" truecount="1" falsecount="1"/>
        <line num="125" count="0" type="stmt"/>
        <line num="128" count="1" type="stmt"/>
        <line num="129" count="1" type="stmt"/>
        <line num="132" count="1" type="cond" truecount="1" falsecount="1"/>
        <line num="133" count="0" type="stmt"/>
        <line num="136" count="1" type="stmt"/>
        <line num="139" count="1" type="stmt"/>
        <line num="140" count="1" type="stmt"/>
        <line num="150" count="1" type="stmt"/>
        <line num="153" count="0" type="stmt"/>
        <line num="165" count="2" type="stmt"/>
        <line num="166" count="2" type="stmt"/>
        <line num="172" count="2" type="stmt"/>
        <line num="174" count="0" type="stmt"/>
        <line num="179" count="2" type="stmt"/>
        <line num="180" count="2" type="stmt"/>
        <line num="186" count="2" type="stmt"/>
        <line num="188" count="0" type="stmt"/>
        <line num="193" count="1" type="stmt"/>
        <line num="194" count="1" type="stmt"/>
        <line num="208" count="1" type="stmt"/>
        <line num="210" count="0" type="stmt"/>
        <line num="216" count="0" type="stmt"/>
        <line num="217" count="0" type="stmt"/>
        <line num="237" count="0" type="stmt"/>
        <line num="239" count="0" type="stmt"/>
        <line num="252" count="2" type="stmt"/>
        <line num="259" count="2" type="stmt"/>
        <line num="260" count="2" type="stmt"/>
        <line num="262" count="2" type="cond" truecount="1" falsecount="1"/>
        <line num="263" count="0" type="stmt"/>
        <line num="264" count="0" type="stmt"/>
        <line num="265" count="0" type="stmt"/>
        <line num="268" count="2" type="stmt"/>
        <line num="273" count="0" type="stmt"/>
        <line num="275" count="0" type="stmt"/>
        <line num="276" count="0" type="stmt"/>
        <line num="287" count="0" type="stmt"/>
        <line num="289" count="0" type="stmt"/>
        <line num="301" count="0" type="stmt"/>
        <line num="302" count="0" type="stmt"/>
        <line num="308" count="0" type="stmt"/>
        <line num="310" count="0" type="stmt"/>
        <line num="316" count="0" type="stmt"/>
        <line num="317" count="0" type="stmt"/>
        <line num="323" count="0" type="stmt"/>
        <line num="325" count="0" type="stmt"/>
        <line num="338" count="2" type="stmt"/>
        <line num="339" count="2" type="stmt"/>
        <line num="345" count="2" type="stmt"/>
        <line num="346" count="2" type="cond" truecount="1" falsecount="1"/>
        <line num="347" count="0" type="stmt"/>
        <line num="350" count="2" type="stmt"/>
        <line num="352" count="0" type="stmt"/>
        <line num="365" count="1" type="stmt"/>
        <line num="366" count="1" type="stmt"/>
        <line num="368" count="1" type="stmt"/>
        <line num="369" count="1" type="stmt"/>
        <line num="372" count="1" type="cond" truecount="1" falsecount="1"/>
        <line num="373" count="0" type="stmt"/>
        <line num="377" count="1" type="stmt"/>
        <line num="378" count="1" type="stmt"/>
        <line num="380" count="1" type="cond" truecount="1" falsecount="1"/>
        <line num="381" count="1" type="stmt"/>
        <line num="382" count="1" type="stmt"/>
        <line num="385" count="1" type="cond" truecount="1" falsecount="1"/>
        <line num="386" count="1" type="stmt"/>
        <line num="387" count="1" type="stmt"/>
        <line num="388" count="1" type="stmt"/>
        <line num="391" count="1" type="stmt"/>
        <line num="394" count="1" type="stmt"/>
        <line num="395" count="1" type="stmt"/>
        <line num="424" count="1" type="stmt"/>
        <line num="426" count="0" type="stmt"/>
        <line num="431" count="8" type="stmt"/>
      </file>
      <file name="product.repository.js" path="C:\LocalRepos\Springboard\Capstone2\backend\repositories\product.repository.js">
        <metrics statements="298" coveredstatements="210" conditionals="27" coveredconditionals="18" methods="47" coveredmethods="38"/>
        <line num="1" count="8" type="stmt"/>
        <line num="2" count="8" type="stmt"/>
        <line num="3" count="8" type="stmt"/>
        <line num="4" count="8" type="stmt"/>
        <line num="14" count="2" type="stmt"/>
        <line num="15" count="2" type="stmt"/>
        <line num="17" count="2" type="stmt"/>
        <line num="18" count="3" type="stmt"/>
        <line num="19" count="3" type="stmt"/>
        <line num="22" count="2" type="stmt"/>
        <line num="25" count="2" type="stmt"/>
        <line num="26" count="2" type="stmt"/>
        <line num="37" count="2" type="stmt"/>
        <line num="39" count="0" type="stmt"/>
        <line num="44" count="2" type="stmt"/>
        <line num="45" count="2" type="stmt"/>
        <line num="47" count="2" type="stmt"/>
        <line num="48" count="3" type="stmt"/>
        <line num="49" count="3" type="stmt"/>
        <line num="52" count="2" type="stmt"/>
        <line num="55" count="2" type="stmt"/>
        <line num="56" count="2" type="stmt"/>
        <line num="64" count="2" type="stmt"/>
        <line num="66" count="0" type="stmt"/>
        <line num="71" count="2" type="stmt"/>
        <line num="72" count="2" type="stmt"/>
        <line num="74" count="2" type="stmt"/>
        <line num="75" count="3" type="stmt"/>
        <line num="76" count="3" type="stmt"/>
        <line num="79" count="2" type="stmt"/>
        <line num="81" count="2" type="stmt"/>
        <line num="82" count="2" type="stmt"/>
        <line num="90" count="2" type="stmt"/>
        <line num="92" count="0" type="stmt"/>
        <line num="97" count="1" type="stmt"/>
        <line num="98" count="1" type="stmt"/>
        <line num="109" count="1" type="stmt"/>
        <line num="111" count="0" type="stmt"/>
        <line num="116" count="2" type="stmt"/>
        <line num="117" count="2" type="stmt"/>
        <line num="119" count="2" type="stmt"/>
        <line num="120" count="3" type="stmt"/>
        <line num="121" count="3" type="stmt"/>
        <line num="124" count="2" type="stmt"/>
        <line num="126" count="2" type="stmt"/>
        <line num="127" count="2" type="stmt"/>
        <line num="135" count="2" type="stmt"/>
        <line num="137" count="0" type="stmt"/>
        <line num="142" count="2" type="stmt"/>
        <line num="143" count="2" type="stmt"/>
        <line num="145" count="2" type="stmt"/>
        <line num="146" count="3" type="stmt"/>
        <line num="147" count="3" type="stmt"/>
        <line num="150" count="2" type="stmt"/>
        <line num="152" count="2" type="stmt"/>
        <line num="153" count="2" type="stmt"/>
        <line num="161" count="2" type="stmt"/>
        <line num="163" count="0" type="stmt"/>
        <line num="169" count="1" type="stmt"/>
        <line num="171" count="1" type="stmt"/>
        <line num="172" count="1" type="stmt"/>
        <line num="187" count="1" type="stmt"/>
        <line num="189" count="0" type="stmt"/>
        <line num="194" count="0" type="stmt"/>
        <line num="195" count="0" type="stmt"/>
        <line num="207" count="0" type="stmt"/>
        <line num="209" count="0" type="stmt"/>
        <line num="222" count="35" type="stmt"/>
        <line num="223" count="35" type="stmt"/>
        <line num="229" count="35" type="stmt"/>
        <line num="231" count="0" type="stmt"/>
        <line num="237" count="1" type="stmt"/>
        <line num="238" count="1" type="stmt"/>
        <line num="252" count="1" type="stmt"/>
        <line num="254" count="0" type="stmt"/>
        <line num="259" count="0" type="stmt"/>
        <line num="260" count="0" type="stmt"/>
        <line num="274" count="0" type="stmt"/>
        <line num="276" count="0" type="stmt"/>
        <line num="281" count="1" type="stmt"/>
        <line num="282" count="1" type="stmt"/>
        <line num="296" count="1" type="stmt"/>
        <line num="298" count="0" type="stmt"/>
        <line num="303" count="1" type="stmt"/>
        <line num="304" count="1" type="stmt"/>
        <line num="317" count="1" type="stmt"/>
        <line num="319" count="0" type="stmt"/>
        <line num="324" count="1" type="stmt"/>
        <line num="325" count="1" type="stmt"/>
        <line num="346" count="1" type="stmt"/>
        <line num="348" count="0" type="stmt"/>
        <line num="353" count="0" type="stmt"/>
        <line num="354" count="0" type="stmt"/>
        <line num="367" count="0" type="stmt"/>
        <line num="369" count="0" type="stmt"/>
        <line num="374" count="0" type="stmt"/>
        <line num="375" count="0" type="stmt"/>
        <line num="389" count="0" type="stmt"/>
        <line num="391" count="0" type="stmt"/>
        <line num="396" count="0" type="stmt"/>
        <line num="397" count="0" type="stmt"/>
        <line num="404" count="0" type="stmt"/>
        <line num="406" count="0" type="stmt"/>
        <line num="413" count="12" type="stmt"/>
        <line num="414" count="12" type="stmt"/>
        <line num="415" count="12" type="stmt"/>
        <line num="416" count="12" type="stmt"/>
        <line num="417" count="12" type="stmt"/>
        <line num="418" count="12" type="stmt"/>
        <line num="421" count="12" type="cond" truecount="2" falsecount="0"/>
        <line num="422" count="4" type="stmt"/>
        <line num="424" count="4" type="stmt"/>
        <line num="425" count="4" type="stmt"/>
        <line num="426" count="4" type="stmt"/>
        <line num="429" count="4" type="stmt"/>
        <line num="430" count="4" type="stmt"/>
        <line num="431" count="4" type="stmt"/>
        <line num="435" count="12" type="cond" truecount="2" falsecount="0"/>
        <line num="436" count="3" type="cond" truecount="1" falsecount="1"/>
        <line num="437" count="3" type="stmt"/>
        <line num="438" count="3" type="stmt"/>
        <line num="440" count="0" type="stmt"/>
        <line num="442" count="0" type="stmt"/>
        <line num="443" count="0" type="stmt"/>
        <line num="444" count="0" type="stmt"/>
        <line num="447" count="0" type="stmt"/>
        <line num="448" count="0" type="stmt"/>
        <line num="449" count="0" type="stmt"/>
        <line num="454" count="12" type="cond" truecount="2" falsecount="0"/>
        <line num="455" count="4" type="stmt"/>
        <line num="460" count="4" type="stmt"/>
        <line num="462" count="4" type="stmt"/>
        <line num="463" count="4" type="stmt"/>
        <line num="464" count="4" type="stmt"/>
        <line num="467" count="4" type="stmt"/>
        <line num="468" count="4" type="stmt"/>
        <line num="469" count="4" type="stmt"/>
        <line num="474" count="12" type="cond" truecount="2" falsecount="0"/>
        <line num="475" count="1" type="stmt"/>
        <line num="480" count="1" type="cond" truecount="1" falsecount="1"/>
        <line num="481" count="1" type="stmt"/>
        <line num="482" count="1" type="stmt"/>
        <line num="485" count="0" type="stmt"/>
        <line num="491" count="12" type="cond" truecount="2" falsecount="0"/>
        <line num="492" count="2" type="stmt"/>
        <line num="493" count="2" type="stmt"/>
        <line num="495" count="2" type="stmt"/>
        <line num="496" count="2" type="stmt"/>
        <line num="497" count="2" type="stmt"/>
        <line num="501" count="12" type="cond" truecount="2" falsecount="0"/>
        <line num="504" count="12" type="cond" truecount="1" falsecount="1"/>
        <line num="506" count="0" type="cond" truecount="0" falsecount="1"/>
        <line num="508" count="0" type="stmt"/>
        <line num="511" count="0" type="stmt"/>
        <line num="516" count="12" type="cond" truecount="2" falsecount="0"/>
        <line num="517" count="1" type="stmt"/>
        <line num="518" count="1" type="stmt"/>
        <line num="520" count="11" type="stmt"/>
        <line num="523" count="12" type="stmt"/>
        <line num="551" count="12" type="stmt"/>
        <line num="552" count="12" type="stmt"/>
        <line num="553" count="12" type="stmt"/>
        <line num="555" count="0" type="stmt"/>
        <line num="560" count="6" type="stmt"/>
        <line num="561" count="6" type="stmt"/>
        <line num="562" count="6" type="stmt"/>
        <line num="563" count="6" type="stmt"/>
        <line num="566" count="6" type="stmt"/>
        <line num="578" count="6" type="stmt"/>
        <line num="580" count="0" type="stmt"/>
        <line num="585" count="6" type="stmt"/>
        <line num="586" count="6" type="stmt"/>
        <line num="587" count="6" type="stmt"/>
        <line num="588" count="6" type="stmt"/>
        <line num="591" count="6" type="stmt"/>
        <line num="597" count="6" type="stmt"/>
        <line num="599" count="0" type="stmt"/>
        <line num="605" count="5" type="stmt"/>
        <line num="606" count="5" type="stmt"/>
        <line num="620" count="5" type="stmt"/>
        <line num="622" count="0" type="stmt"/>
        <line num="627" count="3" type="stmt"/>
        <line num="628" count="3" type="stmt"/>
        <line num="641" count="3" type="stmt"/>
        <line num="643" count="0" type="stmt"/>
        <line num="648" count="4" type="stmt"/>
        <line num="649" count="4" type="stmt"/>
        <line num="662" count="4" type="stmt"/>
        <line num="664" count="0" type="stmt"/>
        <line num="669" count="6" type="stmt"/>
        <line num="670" count="6" type="stmt"/>
        <line num="684" count="6" type="stmt"/>
        <line num="686" count="0" type="stmt"/>
        <line num="691" count="3" type="stmt"/>
        <line num="692" count="3" type="stmt"/>
        <line num="705" count="3" type="stmt"/>
        <line num="707" count="0" type="stmt"/>
        <line num="712" count="4" type="stmt"/>
        <line num="713" count="4" type="stmt"/>
        <line num="729" count="4" type="stmt"/>
        <line num="731" count="0" type="stmt"/>
        <line num="737" count="0" type="stmt"/>
        <line num="738" count="0" type="stmt"/>
        <line num="753" count="0" type="stmt"/>
        <line num="755" count="0" type="stmt"/>
        <line num="771" count="1" type="stmt"/>
        <line num="773" count="1" type="stmt"/>
        <line num="780" count="1" type="stmt"/>
        <line num="781" count="1" type="stmt"/>
        <line num="783" count="0" type="stmt"/>
        <line num="788" count="1" type="stmt"/>
        <line num="790" count="1" type="stmt"/>
        <line num="797" count="1" type="stmt"/>
        <line num="798" count="1" type="stmt"/>
        <line num="800" count="0" type="stmt"/>
        <line num="805" count="1" type="stmt"/>
        <line num="807" count="1" type="stmt"/>
        <line num="814" count="1" type="stmt"/>
        <line num="815" count="1" type="stmt"/>
        <line num="817" count="0" type="stmt"/>
        <line num="822" count="1" type="stmt"/>
        <line num="824" count="1" type="stmt"/>
        <line num="831" count="1" type="stmt"/>
        <line num="832" count="1" type="stmt"/>
        <line num="834" count="0" type="stmt"/>
        <line num="839" count="1" type="stmt"/>
        <line num="841" count="1" type="stmt"/>
        <line num="848" count="1" type="stmt"/>
        <line num="849" count="1" type="stmt"/>
        <line num="851" count="0" type="stmt"/>
        <line num="856" count="1" type="stmt"/>
        <line num="858" count="1" type="stmt"/>
        <line num="865" count="1" type="stmt"/>
        <line num="866" count="1" type="stmt"/>
        <line num="868" count="0" type="stmt"/>
        <line num="873" count="1" type="stmt"/>
        <line num="875" count="1" type="stmt"/>
        <line num="882" count="1" type="stmt"/>
        <line num="883" count="1" type="stmt"/>
        <line num="885" count="0" type="stmt"/>
        <line num="894" count="1" type="cond" truecount="1" falsecount="1"/>
        <line num="895" count="1" type="stmt"/>
        <line num="896" count="0" type="cond" truecount="0" falsecount="2"/>
        <line num="897" count="0" type="stmt"/>
        <line num="899" count="0" type="stmt"/>
        <line num="902" count="1" type="stmt"/>
        <line num="903" count="1" type="stmt"/>
        <line num="910" count="1" type="stmt"/>
        <line num="912" count="0" type="stmt"/>
        <line num="917" count="1" type="stmt"/>
        <line num="918" count="1" type="stmt"/>
        <line num="924" count="1" type="stmt"/>
        <line num="926" count="0" type="stmt"/>
        <line num="931" count="0" type="stmt"/>
        <line num="932" count="0" type="stmt"/>
        <line num="937" count="0" type="stmt"/>
        <line num="939" count="0" type="stmt"/>
        <line num="944" count="0" type="stmt"/>
        <line num="945" count="0" type="stmt"/>
        <line num="950" count="0" type="stmt"/>
        <line num="952" count="0" type="stmt"/>
        <line num="957" count="1" type="stmt"/>
        <line num="958" count="1" type="stmt"/>
        <line num="964" count="1" type="stmt"/>
        <line num="966" count="0" type="stmt"/>
        <line num="979" count="1" type="stmt"/>
        <line num="980" count="1" type="stmt"/>
        <line num="986" count="1" type="stmt"/>
        <line num="988" count="0" type="stmt"/>
        <line num="993" count="1" type="stmt"/>
        <line num="994" count="1" type="stmt"/>
        <line num="1000" count="1" type="stmt"/>
        <line num="1002" count="0" type="stmt"/>
        <line num="1007" count="1" type="stmt"/>
        <line num="1008" count="1" type="stmt"/>
        <line num="1014" count="1" type="stmt"/>
        <line num="1016" count="0" type="stmt"/>
        <line num="1021" count="1" type="stmt"/>
        <line num="1022" count="1" type="stmt"/>
        <line num="1028" count="1" type="stmt"/>
        <line num="1030" count="0" type="stmt"/>
        <line num="1035" count="1" type="stmt"/>
        <line num="1036" count="1" type="stmt"/>
        <line num="1042" count="1" type="stmt"/>
        <line num="1044" count="0" type="stmt"/>
        <line num="1049" count="1" type="stmt"/>
        <line num="1050" count="1" type="stmt"/>
        <line num="1056" count="1" type="stmt"/>
        <line num="1058" count="0" type="stmt"/>
        <line num="1063" count="1" type="stmt"/>
        <line num="1064" count="1" type="stmt"/>
        <line num="1070" count="1" type="stmt"/>
        <line num="1072" count="0" type="stmt"/>
        <line num="1078" count="0" type="stmt"/>
        <line num="1079" count="0" type="stmt"/>
        <line num="1087" count="0" type="stmt"/>
        <line num="1089" count="0" type="stmt"/>
        <line num="1094" count="8" type="stmt"/>
      </file>
      <file name="user.repository.js" path="C:\LocalRepos\Springboard\Capstone2\backend\repositories\user.repository.js">
        <metrics statements="25" coveredstatements="20" conditionals="0" coveredconditionals="0" methods="5" coveredmethods="5"/>
        <line num="1" count="8" type="stmt"/>
        <line num="2" count="8" type="stmt"/>
        <line num="3" count="8" type="stmt"/>
        <line num="7" count="1" type="stmt"/>
        <line num="8" count="1" type="stmt"/>
        <line num="20" count="1" type="stmt"/>
        <line num="22" count="0" type="stmt"/>
        <line num="27" count="203" type="stmt"/>
        <line num="28" count="203" type="stmt"/>
        <line num="38" count="203" type="stmt"/>
        <line num="40" count="0" type="stmt"/>
        <line num="45" count="8" type="stmt"/>
        <line num="46" count="8" type="stmt"/>
        <line num="52" count="8" type="stmt"/>
        <line num="54" count="0" type="stmt"/>
        <line num="59" count="2" type="stmt"/>
        <line num="61" count="2" type="stmt"/>
        <line num="68" count="2" type="stmt"/>
        <line num="69" count="2" type="stmt"/>
        <line num="71" count="0" type="stmt"/>
        <line num="76" count="1" type="stmt"/>
        <line num="77" count="1" type="stmt"/>
        <line num="83" count="1" type="stmt"/>
        <line num="85" count="0" type="stmt"/>
        <line num="90" count="8" type="stmt"/>
      </file>
    </package>
    <package name="backend.routes">
      <metrics statements="714" coveredstatements="606" conditionals="284" coveredconditionals="201" methods="94" coveredmethods="91"/>
      <file name="auth.js" path="C:\LocalRepos\Springboard\Capstone2\backend\routes\auth.js">
        <metrics statements="36" coveredstatements="34" conditionals="8" coveredconditionals="6" methods="4" coveredmethods="4"/>
        <line num="2" count="8" type="stmt"/>
        <line num="3" count="8" type="stmt"/>
        <line num="6" count="8" type="stmt"/>
        <line num="7" count="8" type="stmt"/>
        <line num="10" count="8" type="stmt"/>
        <line num="11" count="8" type="stmt"/>
        <line num="14" count="8" type="stmt"/>
        <line num="15" count="8" type="stmt"/>
        <line num="18" count="8" type="stmt"/>
        <line num="23" count="8" type="stmt"/>
        <line num="24" count="202" type="stmt"/>
        <line num="26" count="202" type="stmt"/>
        <line num="27" count="202" type="cond" truecount="2" falsecount="0"/>
        <line num="29" count="2" type="stmt"/>
        <line num="30" count="2" type="stmt"/>
        <line num="34" count="200" type="stmt"/>
        <line num="35" count="200" type="stmt"/>
        <line num="36" count="199" type="cond" truecount="1" falsecount="1"/>
        <line num="37" count="0" type="stmt"/>
        <line num="40" count="199" type="stmt"/>
        <line num="41" count="199" type="stmt"/>
        <line num="43" count="3" type="stmt"/>
        <line num="51" count="8" type="stmt"/>
        <line num="52" count="205" type="stmt"/>
        <line num="54" count="205" type="stmt"/>
        <line num="55" count="205" type="cond" truecount="2" falsecount="0"/>
        <line num="57" count="2" type="stmt"/>
        <line num="58" count="2" type="stmt"/>
        <line num="62" count="203" type="stmt"/>
        <line num="63" count="203" type="stmt"/>
        <line num="64" count="202" type="cond" truecount="1" falsecount="1"/>
        <line num="65" count="0" type="stmt"/>
        <line num="68" count="202" type="stmt"/>
        <line num="69" count="202" type="stmt"/>
        <line num="71" count="3" type="stmt"/>
        <line num="75" count="8" type="stmt"/>
      </file>
      <file name="gatherings.js" path="C:\LocalRepos\Springboard\Capstone2\backend\routes\gatherings.js">
        <metrics statements="109" coveredstatements="96" conditionals="46" coveredconditionals="33" methods="14" coveredmethods="14"/>
        <line num="2" count="8" type="stmt"/>
        <line num="3" count="8" type="stmt"/>
        <line num="6" count="8" type="stmt"/>
        <line num="9" count="8" type="stmt"/>
        <line num="12" count="8" type="stmt"/>
        <line num="13" count="8" type="stmt"/>
        <line num="14" count="8" type="stmt"/>
        <line num="15" count="8" type="stmt"/>
        <line num="18" count="8" type="stmt"/>
        <line num="20" count="8" type="stmt"/>
        <line num="33" count="8" type="stmt"/>
        <line num="34" count="3" type="stmt"/>
        <line num="35" count="3" type="stmt"/>
        <line num="36" count="3" type="cond" truecount="2" falsecount="0"/>
        <line num="38" count="2" type="stmt"/>
        <line num="39" count="2" type="stmt"/>
        <line num="42" count="1" type="stmt"/>
        <line num="43" count="1" type="stmt"/>
        <line num="45" count="1" type="stmt"/>
        <line num="47" count="1" type="stmt"/>
        <line num="49" count="2" type="stmt"/>
        <line num="57" count="8" type="stmt"/>
        <line num="58" count="3" type="stmt"/>
        <line num="62" count="3" type="stmt"/>
        <line num="63" count="3" type="cond" truecount="3" falsecount="1"/>
        <line num="64" count="0" type="stmt"/>
        <line num="68" count="3" type="stmt"/>
        <line num="69" count="3" type="cond" truecount="2" falsecount="0"/>
        <line num="71" count="1" type="stmt"/>
        <line num="72" count="1" type="stmt"/>
        <line num="75" count="2" type="stmt"/>
        <line num="77" count="1" type="stmt"/>
        <line num="79" count="2" type="stmt"/>
        <line num="84" count="8" type="stmt"/>
        <line num="85" count="3" type="stmt"/>
        <line num="87" count="3" type="stmt"/>
        <line num="88" count="2" type="cond" truecount="3" falsecount="1"/>
        <line num="89" count="0" type="stmt"/>
        <line num="93" count="2" type="stmt"/>
        <line num="94" count="2" type="cond" truecount="2" falsecount="0"/>
        <line num="96" count="1" type="stmt"/>
        <line num="97" count="1" type="stmt"/>
        <line num="100" count="1" type="stmt"/>
        <line num="102" count="1" type="stmt"/>
        <line num="104" count="2" type="stmt"/>
        <line num="117" count="8" type="stmt"/>
        <line num="118" count="2" type="stmt"/>
        <line num="119" count="2" type="stmt"/>
        <line num="120" count="1" type="cond" truecount="1" falsecount="1"/>
        <line num="121" count="0" type="stmt"/>
        <line num="124" count="1" type="stmt"/>
        <line num="126" count="1" type="stmt"/>
        <line num="131" count="8" type="stmt"/>
        <line num="132" count="1" type="stmt"/>
        <line num="133" count="1" type="stmt"/>
        <line num="135" count="1" type="stmt"/>
        <line num="137" count="0" type="stmt"/>
        <line num="150" count="8" type="stmt"/>
        <line num="151" count="3" type="stmt"/>
        <line num="153" count="3" type="stmt"/>
        <line num="154" count="3" type="cond" truecount="1" falsecount="1"/>
        <line num="155" count="0" type="stmt"/>
        <line num="156" count="3" type="cond" truecount="1" falsecount="1"/>
        <line num="157" count="0" type="stmt"/>
        <line num="161" count="3" type="stmt"/>
        <line num="162" count="3" type="cond" truecount="2" falsecount="0"/>
        <line num="164" count="2" type="stmt"/>
        <line num="165" count="2" type="stmt"/>
        <line num="170" count="1" type="stmt"/>
        <line num="171" count="1" type="stmt"/>
        <line num="172" count="1" type="stmt"/>
        <line num="173" count="2" type="cond" truecount="5" falsecount="1"/>
        <line num="176" count="2" type="stmt"/>
        <line num="181" count="1" type="cond" truecount="1" falsecount="1"/>
        <line num="182" count="0" type="stmt"/>
        <line num="186" count="1" type="stmt"/>
        <line num="187" count="1" type="stmt"/>
        <line num="190" count="2" type="stmt"/>
        <line num="203" count="8" type="stmt"/>
        <line num="204" count="2" type="stmt"/>
        <line num="206" count="2" type="stmt"/>
        <line num="207" count="1" type="cond" truecount="1" falsecount="1"/>
        <line num="208" count="0" type="stmt"/>
        <line num="209" count="1" type="cond" truecount="1" falsecount="1"/>
        <line num="210" count="0" type="stmt"/>
        <line num="213" count="1" type="stmt"/>
        <line num="214" count="1" type="stmt"/>
        <line num="217" count="1" type="stmt"/>
        <line num="222" count="8" type="stmt"/>
        <line num="223" count="2" type="stmt"/>
        <line num="225" count="2" type="stmt"/>
        <line num="226" count="1" type="cond" truecount="1" falsecount="1"/>
        <line num="227" count="0" type="stmt"/>
        <line num="228" count="1" type="cond" truecount="3" falsecount="1"/>
        <line num="229" count="0" type="stmt"/>
        <line num="232" count="1" type="stmt"/>
        <line num="233" count="1" type="stmt"/>
        <line num="236" count="1" type="stmt"/>
        <line num="241" count="8" type="stmt"/>
        <line num="242" count="2" type="stmt"/>
        <line num="244" count="2" type="stmt"/>
        <line num="245" count="1" type="cond" truecount="1" falsecount="1"/>
        <line num="246" count="0" type="stmt"/>
        <line num="247" count="1" type="cond" truecount="3" falsecount="1"/>
        <line num="248" count="0" type="stmt"/>
        <line num="251" count="1" type="stmt"/>
        <line num="252" count="1" type="stmt"/>
        <line num="255" count="1" type="stmt"/>
        <line num="259" count="8" type="stmt"/>
      </file>
      <file name="merchants.js" path="C:\LocalRepos\Springboard\Capstone2\backend\routes\merchants.js">
        <metrics statements="108" coveredstatements="93" conditionals="34" coveredconditionals="26" methods="15" coveredmethods="15"/>
        <line num="2" count="8" type="stmt"/>
        <line num="3" count="8" type="stmt"/>
        <line num="6" count="8" type="stmt"/>
        <line num="9" count="8" type="stmt"/>
        <line num="10" count="8" type="stmt"/>
        <line num="13" count="8" type="stmt"/>
        <line num="16" count="8" type="stmt"/>
        <line num="19" count="8" type="stmt"/>
        <line num="27" count="8" type="stmt"/>
        <line num="28" count="3" type="stmt"/>
        <line num="36" count="3" type="stmt"/>
        <line num="37" count="3" type="cond" truecount="2" falsecount="0"/>
        <line num="38" count="2" type="stmt"/>
        <line num="39" count="2" type="stmt"/>
        <line num="42" count="1" type="stmt"/>
        <line num="44" count="1" type="stmt"/>
        <line num="46" count="2" type="stmt"/>
        <line num="58" count="8" type="stmt"/>
        <line num="59" count="1" type="stmt"/>
        <line num="60" count="1" type="stmt"/>
        <line num="61" count="1" type="stmt"/>
        <line num="63" count="1" type="stmt"/>
        <line num="65" count="0" type="stmt"/>
        <line num="70" count="8" type="stmt"/>
        <line num="80" count="8" type="stmt"/>
        <line num="81" count="2" type="stmt"/>
        <line num="84" count="2" type="cond" truecount="2" falsecount="0"/>
        <line num="85" count="1" type="stmt"/>
        <line num="87" count="1" type="stmt"/>
        <line num="90" count="2" type="stmt"/>
        <line num="92" count="0" type="stmt"/>
        <line num="96" count="8" type="stmt"/>
        <line num="97" count="1" type="stmt"/>
        <line num="98" count="1" type="stmt"/>
        <line num="99" count="1" type="cond" truecount="1" falsecount="1"/>
        <line num="100" count="0" type="stmt"/>
        <line num="103" count="1" type="stmt"/>
        <line num="105" count="0" type="stmt"/>
        <line num="109" count="8" type="stmt"/>
        <line num="110" count="1" type="stmt"/>
        <line num="111" count="1" type="stmt"/>
        <line num="112" count="1" type="cond" truecount="1" falsecount="1"/>
        <line num="113" count="0" type="stmt"/>
        <line num="116" count="1" type="stmt"/>
        <line num="118" count="0" type="stmt"/>
        <line num="122" count="8" type="stmt"/>
        <line num="123" count="2" type="stmt"/>
        <line num="125" count="2" type="stmt"/>
        <line num="126" count="2" type="cond" truecount="2" falsecount="0"/>
        <line num="127" count="1" type="stmt"/>
        <line num="130" count="1" type="stmt"/>
        <line num="132" count="1" type="stmt"/>
        <line num="136" count="8" type="stmt"/>
        <line num="137" count="1" type="stmt"/>
        <line num="140" count="1" type="cond" truecount="1" falsecount="1"/>
        <line num="141" count="0" type="stmt"/>
        <line num="143" count="1" type="stmt"/>
        <line num="146" count="1" type="stmt"/>
        <line num="148" count="0" type="stmt"/>
        <line num="160" count="8" type="stmt"/>
        <line num="161" count="6" type="stmt"/>
        <line num="163" count="6" type="stmt"/>
        <line num="164" count="6" type="cond" truecount="1" falsecount="1"/>
        <line num="165" count="0" type="stmt"/>
        <line num="169" count="6" type="stmt"/>
        <line num="170" count="6" type="cond" truecount="2" falsecount="0"/>
        <line num="171" count="3" type="stmt"/>
        <line num="172" count="3" type="stmt"/>
        <line num="176" count="3" type="stmt"/>
        <line num="177" count="3" type="stmt"/>
        <line num="178" count="3" type="stmt"/>
        <line num="179" count="4" type="cond" truecount="6" falsecount="0"/>
        <line num="182" count="3" type="stmt"/>
        <line num="187" count="3" type="cond" truecount="2" falsecount="0"/>
        <line num="188" count="1" type="stmt"/>
        <line num="192" count="3" type="cond" truecount="1" falsecount="1"/>
        <line num="193" count="0" type="stmt"/>
        <line num="197" count="3" type="stmt"/>
        <line num="198" count="2" type="stmt"/>
        <line num="200" count="4" type="stmt"/>
        <line num="205" count="8" type="stmt"/>
        <line num="206" count="3" type="stmt"/>
        <line num="207" count="3" type="stmt"/>
        <line num="208" count="3" type="cond" truecount="1" falsecount="1"/>
        <line num="209" count="0" type="stmt"/>
        <line num="213" count="3" type="stmt"/>
        <line num="214" count="3" type="cond" truecount="2" falsecount="0"/>
        <line num="215" count="2" type="stmt"/>
        <line num="216" count="2" type="stmt"/>
        <line num="219" count="1" type="stmt"/>
        <line num="221" count="1" type="stmt"/>
        <line num="223" count="2" type="stmt"/>
        <line num="235" count="8" type="stmt"/>
        <line num="236" count="1" type="stmt"/>
        <line num="237" count="1" type="stmt"/>
        <line num="238" count="1" type="cond" truecount="1" falsecount="1"/>
        <line num="239" count="0" type="stmt"/>
        <line num="242" count="1" type="stmt"/>
        <line num="243" count="1" type="stmt"/>
        <line num="244" count="1" type="stmt"/>
        <line num="246" count="0" type="stmt"/>
        <line num="250" count="8" type="stmt"/>
        <line num="251" count="1" type="stmt"/>
        <line num="252" count="1" type="stmt"/>
        <line num="253" count="1" type="cond" truecount="1" falsecount="1"/>
        <line num="254" count="0" type="stmt"/>
        <line num="257" count="1" type="stmt"/>
        <line num="259" count="0" type="stmt"/>
      </file>
      <file name="orders.js" path="C:\LocalRepos\Springboard\Capstone2\backend\routes\orders.js">
        <metrics statements="27" coveredstatements="25" conditionals="2" coveredconditionals="2" methods="4" coveredmethods="4"/>
        <line num="2" count="8" type="stmt"/>
        <line num="3" count="8" type="stmt"/>
[...]
        <line num="140" count="0" type="stmt"/>
        <line num="144" count="4" type="stmt"/>
        <line num="145" count="4" type="cond" truecount="2" falsecount="0"/>
        <line num="147" count="2" type="stmt"/>
        <line num="148" count="2" type="stmt"/>
        <line num="151" count="2" type="stmt"/>
        <line num="153" count="2" type="stmt"/>
        <line num="155" count="2" type="stmt"/>
        <line num="159" count="8" type="stmt"/>
        <line num="160" count="7" type="stmt"/>
        <line num="162" count="7" type="stmt"/>
        <line num="163" count="7" type="cond" truecount="3" falsecount="1"/>
        <line num="164" count="0" type="stmt"/>
        <line num="168" count="7" type="stmt"/>
        <line num="169" count="7" type="cond" truecount="2" falsecount="0"/>
        <line num="171" count="5" type="stmt"/>
        <line num="172" count="5" type="stmt"/>
        <line num="175" count="2" type="stmt"/>
        <line num="177" count="2" type="stmt"/>
        <line num="179" count="5" type="stmt"/>
        <line num="183" count="8" type="stmt"/>
        <line num="184" count="4" type="stmt"/>
        <line num="186" count="4" type="stmt"/>
        <line num="187" count="4" type="cond" truecount="2" falsecount="0"/>
        <line num="189" count="3" type="stmt"/>
        <line num="190" count="3" type="stmt"/>
        <line num="193" count="1" type="stmt"/>
        <line num="195" count="1" type="stmt"/>
        <line num="197" count="3" type="stmt"/>
        <line num="201" count="8" type="stmt"/>
        <line num="202" count="0" type="stmt"/>
        <line num="204" count="0" type="stmt"/>
        <line num="205" count="0" type="cond" truecount="0" falsecount="4"/>
        <line num="206" count="0" type="stmt"/>
        <line num="209" count="0" type="stmt"/>
        <line num="211" count="0" type="stmt"/>
        <line num="213" count="0" type="stmt"/>
        <line num="225" count="8" type="stmt"/>
        <line num="226" count="9" type="stmt"/>
        <line num="229" count="9" type="cond" truecount="2" falsecount="0"/>
        <line num="230" count="8" type="stmt"/>
        <line num="232" count="1" type="stmt"/>
        <line num="235" count="9" type="stmt"/>
        <line num="237" count="0" type="stmt"/>
        <line num="241" count="8" type="stmt"/>
        <line num="242" count="2" type="stmt"/>
        <line num="244" count="2" type="stmt"/>
        <line num="245" count="1" type="cond" truecount="1" falsecount="1"/>
        <line num="246" count="0" type="stmt"/>
        <line num="249" count="1" type="stmt"/>
        <line num="251" count="1" type="stmt"/>
        <line num="257" count="8" type="stmt"/>
        <line num="258" count="0" type="stmt"/>
        <line num="260" count="0" type="stmt"/>
        <line num="265" count="0" type="stmt"/>
        <line num="267" count="0" type="stmt"/>
        <line num="280" count="8" type="stmt"/>
        <line num="281" count="3" type="stmt"/>
        <line num="283" count="3" type="stmt"/>
        <line num="284" count="3" type="cond" truecount="1" falsecount="1"/>
        <line num="285" count="0" type="stmt"/>
        <line num="286" count="3" type="cond" truecount="1" falsecount="1"/>
        <line num="287" count="0" type="stmt"/>
        <line num="291" count="3" type="stmt"/>
        <line num="292" count="3" type="cond" truecount="2" falsecount="0"/>
        <line num="294" count="3" type="stmt"/>
        <line num="295" count="2" type="stmt"/>
        <line num="300" count="1" type="stmt"/>
        <line num="301" count="1" type="stmt"/>
        <line num="302" count="1" type="stmt"/>
        <line num="303" count="1" type="cond" truecount="5" falsecount="1"/>
        <line num="306" count="1" type="stmt"/>
        <line num="311" count="1" type="cond" truecount="1" falsecount="1"/>
        <line num="312" count="0" type="stmt"/>
        <line num="316" count="1" type="stmt"/>
        <line num="317" count="1" type="stmt"/>
        <line num="319" count="2" type="stmt"/>
        <line num="324" count="8" type="stmt"/>
        <line num="325" count="4" type="stmt"/>
        <line num="327" count="4" type="stmt"/>
        <line num="328" count="4" type="cond" truecount="1" falsecount="1"/>
        <line num="329" count="0" type="stmt"/>
        <line num="330" count="4" type="cond" truecount="1" falsecount="1"/>
        <line num="331" count="0" type="stmt"/>
        <line num="335" count="4" type="stmt"/>
        <line num="336" count="4" type="cond" truecount="2" falsecount="0"/>
        <line num="338" count="3" type="stmt"/>
        <line num="339" count="3" type="stmt"/>
        <line num="344" count="1" type="stmt"/>
        <line num="345" count="1" type="stmt"/>
        <line num="346" count="1" type="stmt"/>
        <line num="347" count="1" type="cond" truecount="5" falsecount="1"/>
        <line num="350" count="1" type="stmt"/>
        <line num="355" count="1" type="cond" truecount="1" falsecount="1"/>
        <line num="356" count="0" type="stmt"/>
        <line num="360" count="1" type="stmt"/>
        <line num="361" count="1" type="stmt"/>
        <line num="363" count="3" type="stmt"/>
        <line num="368" count="8" type="stmt"/>
        <line num="369" count="2" type="stmt"/>
        <line num="371" count="2" type="stmt"/>
        <line num="372" count="2" type="cond" truecount="1" falsecount="1"/>
        <line num="373" count="0" type="stmt"/>
        <line num="374" count="2" type="cond" truecount="1" falsecount="1"/>
        <line num="375" count="0" type="stmt"/>
        <line num="379" count="2" type="stmt"/>
        <line num="380" count="2" type="cond" truecount="2" falsecount="0"/>
        <line num="382" count="1" type="stmt"/>
        <line num="383" count="1" type="stmt"/>
        <line num="388" count="1" type="stmt"/>
        <line num="389" count="1" type="stmt"/>
        <line num="390" count="1" type="stmt"/>
        <line num="391" count="1" type="cond" truecount="5" falsecount="1"/>
        <line num="394" count="1" type="stmt"/>
        <line num="399" count="1" type="cond" truecount="1" falsecount="1"/>
        <line num="400" count="0" type="stmt"/>
        <line num="404" count="1" type="stmt"/>
        <line num="405" count="1" type="stmt"/>
        <line num="407" count="1" type="stmt"/>
        <line num="412" count="8" type="stmt"/>
        <line num="413" count="3" type="stmt"/>
        <line num="415" count="3" type="stmt"/>
        <line num="416" count="3" type="cond" truecount="1" falsecount="1"/>
        <line num="417" count="0" type="stmt"/>
        <line num="418" count="3" type="cond" truecount="1" falsecount="1"/>
        <line num="419" count="0" type="stmt"/>
        <line num="423" count="3" type="stmt"/>
        <line num="424" count="3" type="cond" truecount="2" falsecount="0"/>
        <line num="426" count="1" type="stmt"/>
        <line num="427" count="1" type="stmt"/>
        <line num="432" count="2" type="stmt"/>
        <line num="433" count="2" type="stmt"/>
        <line num="434" count="2" type="stmt"/>
        <line num="435" count="2" type="cond" truecount="5" falsecount="1"/>
        <line num="438" count="2" type="stmt"/>
        <line num="443" count="2" type="cond" truecount="1" falsecount="1"/>
        <line num="444" count="0" type="stmt"/>
        <line num="448" count="2" type="stmt"/>
        <line num="449" count="1" type="stmt"/>
        <line num="451" count="2" type="stmt"/>
        <line num="456" count="8" type="stmt"/>
        <line num="457" count="5" type="stmt"/>
        <line num="459" count="5" type="stmt"/>
        <line num="460" count="5" type="cond" truecount="1" falsecount="1"/>
        <line num="461" count="0" type="stmt"/>
        <line num="462" count="5" type="cond" truecount="1" falsecount="1"/>
        <line num="463" count="0" type="stmt"/>
        <line num="467" count="5" type="stmt"/>
        <line num="468" count="5" type="cond" truecount="2" falsecount="0"/>
        <line num="470" count="4" type="stmt"/>
        <line num="471" count="4" type="stmt"/>
        <line num="476" count="1" type="stmt"/>
        <line num="477" count="1" type="stmt"/>
        <line num="478" count="1" type="stmt"/>
        <line num="479" count="1" type="cond" truecount="5" falsecount="1"/>
        <line num="482" count="1" type="stmt"/>
        <line num="487" count="1" type="cond" truecount="1" falsecount="1"/>
        <line num="488" count="0" type="stmt"/>
        <line num="492" count="1" type="stmt"/>
        <line num="493" count="1" type="stmt"/>
        <line num="495" count="4" type="stmt"/>
        <line num="500" count="8" type="stmt"/>
        <line num="501" count="2" type="stmt"/>
        <line num="503" count="2" type="stmt"/>
        <line num="504" count="2" type="cond" truecount="1" falsecount="1"/>
        <line num="505" count="0" type="stmt"/>
        <line num="506" count="2" type="cond" truecount="1" falsecount="1"/>
        <line num="507" count="0" type="stmt"/>
        <line num="511" count="2" type="stmt"/>
        <line num="512" count="2" type="cond" truecount="2" falsecount="0"/>
        <line num="514" count="1" type="stmt"/>
        <line num="515" count="1" type="stmt"/>
        <line num="520" count="1" type="stmt"/>
        <line num="521" count="1" type="stmt"/>
        <line num="522" count="1" type="stmt"/>
        <line num="523" count="1" type="cond" truecount="5" falsecount="1"/>
        <line num="526" count="1" type="stmt"/>
        <line num="531" count="1" type="cond" truecount="1" falsecount="1"/>
        <line num="532" count="0" type="stmt"/>
        <line num="536" count="1" type="stmt"/>
        <line num="537" count="1" type="stmt"/>
        <line num="539" count="1" type="stmt"/>
        <line num="544" count="8" type="stmt"/>
        <line num="545" count="3" type="stmt"/>
        <line num="547" count="3" type="stmt"/>
        <line num="548" count="3" type="cond" truecount="1" falsecount="1"/>
        <line num="549" count="0" type="stmt"/>
        <line num="550" count="3" type="cond" truecount="1" falsecount="1"/>
        <line num="551" count="0" type="stmt"/>
        <line num="555" count="3" type="stmt"/>
        <line num="556" count="3" type="cond" truecount="2" falsecount="0"/>
        <line num="558" count="2" type="stmt"/>
        <line num="559" count="2" type="stmt"/>
        <line num="564" count="1" type="stmt"/>
        <line num="565" count="1" type="stmt"/>
        <line num="566" count="1" type="stmt"/>
        <line num="567" count="1" type="cond" truecount="5" falsecount="1"/>
        <line num="570" count="1" type="stmt"/>
        <line num="575" count="1" type="cond" truecount="1" falsecount="1"/>
        <line num="576" count="0" type="stmt"/>
        <line num="580" count="1" type="stmt"/>
        <line num="581" count="1" type="stmt"/>
        <line num="583" count="2" type="stmt"/>
        <line num="596" count="8" type="stmt"/>
        <line num="597" count="1" type="stmt"/>
        <line num="599" count="1" type="stmt"/>
        <line num="600" count="1" type="cond" truecount="1" falsecount="1"/>
        <line num="601" count="0" type="stmt"/>
        <line num="602" count="1" type="cond" truecount="1" falsecount="1"/>
        <line num="603" count="0" type="stmt"/>
        <line num="606" count="1" type="stmt"/>
        <line num="608" count="1" type="stmt"/>
        <line num="610" count="0" type="stmt"/>
        <line num="615" count="8" type="stmt"/>
        <line num="616" count="1" type="stmt"/>
        <line num="618" count="1" type="stmt"/>
        <line num="619" count="1" type="cond" truecount="1" falsecount="1"/>
        <line num="620" count="0" type="stmt"/>
        <line num="621" count="1" type="cond" truecount="1" falsecount="1"/>
        <line num="622" count="0" type="stmt"/>
        <line num="625" count="1" type="stmt"/>
        <line num="627" count="1" type="stmt"/>
        <line num="629" count="0" type="stmt"/>
        <line num="634" count="8" type="stmt"/>
        <line num="635" count="1" type="stmt"/>
        <line num="637" count="1" type="stmt"/>
        <line num="638" count="1" type="cond" truecount="1" falsecount="1"/>
        <line num="639" count="0" type="stmt"/>
        <line num="640" count="1" type="cond" truecount="1" falsecount="1"/>
        <line num="641" count="0" type="stmt"/>
        <line num="644" count="1" type="stmt"/>
        <line num="646" count="1" type="stmt"/>
        <line num="648" count="0" type="stmt"/>
        <line num="653" count="8" type="stmt"/>
        <line num="654" count="1" type="stmt"/>
        <line num="656" count="1" type="stmt"/>
        <line num="657" count="1" type="cond" truecount="1" falsecount="1"/>
        <line num="658" count="0" type="stmt"/>
        <line num="659" count="1" type="cond" truecount="1" falsecount="1"/>
        <line num="660" count="0" type="stmt"/>
        <line num="663" count="1" type="stmt"/>
        <line num="665" count="1" type="stmt"/>
        <line num="667" count="0" type="stmt"/>
        <line num="672" count="8" type="stmt"/>
        <line num="673" count="1" type="stmt"/>
        <line num="675" count="1" type="stmt"/>
        <line num="676" count="1" type="cond" truecount="1" falsecount="1"/>
        <line num="677" count="0" type="stmt"/>
        <line num="678" count="1" type="cond" truecount="1" falsecount="1"/>
        <line num="679" count="0" type="stmt"/>
        <line num="682" count="1" type="stmt"/>
        <line num="684" count="1" type="stmt"/>
        <line num="686" count="0" type="stmt"/>
        <line num="691" count="8" type="stmt"/>
        <line num="692" count="1" type="stmt"/>
        <line num="694" count="1" type="stmt"/>
        <line num="695" count="1" type="cond" truecount="1" falsecount="1"/>
        <line num="696" count="0" type="stmt"/>
        <line num="697" count="1" type="cond" truecount="1" falsecount="1"/>
        <line num="698" count="0" type="stmt"/>
        <line num="701" count="1" type="stmt"/>
        <line num="703" count="1" type="stmt"/>
        <line num="705" count="0" type="stmt"/>
        <line num="710" count="8" type="stmt"/>
        <line num="711" count="1" type="stmt"/>
        <line num="713" count="1" type="stmt"/>
        <line num="714" count="1" type="cond" truecount="1" falsecount="1"/>
        <line num="715" count="0" type="stmt"/>
        <line num="716" count="1" type="cond" truecount="1" falsecount="1"/>
        <line num="717" count="0" type="stmt"/>
        <line num="720" count="1" type="stmt"/>
        <line num="722" count="1" type="stmt"/>
        <line num="724" count="0" type="stmt"/>
        <line num="730" count="8" type="stmt"/>
        <line num="731" count="0" type="stmt"/>
        <line num="733" count="0" type="stmt"/>
        <line num="735" count="0" type="cond" truecount="0" falsecount="2"/>
        <line num="736" count="0" type="stmt"/>
        <line num="737" count="0" type="cond" truecount="0" falsecount="2"/>
        <line num="738" count="0" type="stmt"/>
        <line num="741" count="0" type="stmt"/>
        <line num="743" count="0" type="stmt"/>
        <line num="745" count="0" type="stmt"/>
        <line num="749" count="8" type="stmt"/>
      </file>
      <file name="register.js" path="C:\LocalRepos\Springboard\Capstone2\backend\routes\register.js">
        <metrics statements="30" coveredstatements="30" conditionals="4" coveredconditionals="4" methods="4" coveredmethods="4"/>
        <line num="2" count="8" type="stmt"/>
        <line num="3" count="8" type="stmt"/>
        <line num="6" count="8" type="stmt"/>
        <line num="7" count="8" type="stmt"/>
        <line num="10" count="8" type="stmt"/>
        <line num="11" count="8" type="stmt"/>
        <line num="14" count="8" type="stmt"/>
        <line num="15" count="8" type="stmt"/>
        <line num="17" count="8" type="stmt"/>
        <line num="29" count="8" type="stmt"/>
        <line num="30" count="5" type="stmt"/>
        <line num="32" count="5" type="stmt"/>
        <line num="33" count="5" type="cond" truecount="2" falsecount="0"/>
        <line num="35" count="4" type="stmt"/>
        <line num="36" count="4" type="stmt"/>
        <line num="40" count="1" type="stmt"/>
        <line num="42" count="1" type="stmt"/>
        <line num="43" count="1" type="stmt"/>
        <line num="45" count="4" type="stmt"/>
        <line num="53" count="8" type="stmt"/>
        <line num="54" count="5" type="stmt"/>
        <line num="56" count="5" type="stmt"/>
        <line num="57" count="5" type="cond" truecount="2" falsecount="0"/>
        <line num="59" count="4" type="stmt"/>
        <line num="60" count="4" type="stmt"/>
        <line num="64" count="1" type="stmt"/>
        <line num="66" count="1" type="stmt"/>
        <line num="67" count="1" type="stmt"/>
        <line num="69" count="4" type="stmt"/>
        <line num="73" count="8" type="stmt"/>
      </file>
      <file name="users.js" path="C:\LocalRepos\Springboard\Capstone2\backend\routes\users.js">
        <metrics statements="51" coveredstatements="44" conditionals="18" coveredconditionals="14" methods="6" coveredmethods="6"/>
        <line num="2" count="8" type="stmt"/>
        <line num="3" count="8" type="stmt"/>
        <line num="6" count="8" type="stmt"/>
        <line num="9" count="8" type="stmt"/>
        <line num="12" count="8" type="stmt"/>
        <line num="15" count="8" type="stmt"/>
        <line num="18" count="8" type="stmt"/>
        <line num="27" count="8" type="stmt"/>
        <line num="28" count="1" type="stmt"/>
        <line num="29" count="1" type="stmt"/>
        <line num="30" count="1" type="cond" truecount="1" falsecount="1"/>
        <line num="31" count="0" type="stmt"/>
        <line num="34" count="1" type="stmt"/>
        <line num="36" count="0" type="stmt"/>
        <line num="47" count="8" type="stmt"/>
        <line num="48" count="7" type="stmt"/>
        <line num="50" count="7" type="stmt"/>
        <line num="51" count="7" type="cond" truecount="1" falsecount="1"/>
        <line num="52" count="0" type="stmt"/>
        <line num="56" count="7" type="stmt"/>
        <line num="57" count="7" type="cond" truecount="2" falsecount="0"/>
        <line num="58" count="4" type="stmt"/>
        <line num="59" count="4" type="stmt"/>
        <line num="63" count="3" type="stmt"/>
        <line num="64" count="3" type="stmt"/>
        <line num="65" count="3" type="stmt"/>
        <line num="66" count="4" type="cond" truecount="6" falsecount="0"/>
        <line num="69" count="3" type="stmt"/>
        <line num="74" count="3" type="cond" truecount="2" falsecount="0"/>
        <line num="75" count="1" type="stmt"/>
        <line num="79" count="3" type="cond" truecount="1" falsecount="1"/>
        <line num="80" count="0" type="stmt"/>
        <line num="84" count="3" type="stmt"/>
        <line num="85" count="2" type="stmt"/>
        <line num="87" count="5" type="stmt"/>
        <line num="98" count="8" type="stmt"/>
        <line num="99" count="1" type="stmt"/>
        <line num="100" count="1" type="stmt"/>
        <line num="101" count="1" type="cond" truecount="1" falsecount="1"/>
        <line num="102" count="0" type="stmt"/>
        <line num="105" count="1" type="stmt"/>
        <line num="106" count="1" type="stmt"/>
        <line num="107" count="1" type="stmt"/>
        <line num="109" count="0" type="stmt"/>
        <line num="120" count="8" type="stmt"/>
        <line num="121" count="1" type="stmt"/>
        <line num="122" count="1" type="stmt"/>
        <line num="123" count="1" type="stmt"/>
        <line num="125" count="1" type="stmt"/>
        <line num="127" count="0" type="stmt"/>
        <line num="131" count="8" type="stmt"/>
      </file>
    </package>
  </project>
</coverage>
