{"C:\\LocalRepos\\Springboard\\Capstone2\\backend\\app.js": {"path":"C:\\LocalRepos\\Springboard\\Capstone2\\backend\\app.js","statementMap":{"0":{"start":{"line":2,"column":16},"end":{"line":2,"column":34}},"1":{"start":{"line":3,"column":13},"end":{"line":3,"column":28}},"2":{"start":{"line":5,"column":21},"end":{"line":5,"column":45}},"3":{"start":{"line":6,"column":19},"end":{"line":6,"column":41}},"4":{"start":{"line":7,"column":13},"end":{"line":7,"column":28}},"5":{"start":{"line":9,"column":21},"end":{"line":9,"column":54}},"6":{"start":{"line":10,"column":12},"end":{"line":10,"column":21}},"7":{"start":{"line":12,"column":40},"end":{"line":12,"column":59}},"8":{"start":{"line":13,"column":28},"end":{"line":13,"column":56}},"9":{"start":{"line":14,"column":20},"end":{"line":20,"column":1}},"10":{"start":{"line":22,"column":0},"end":{"line":22,"column":24}},"11":{"start":{"line":23,"column":0},"end":{"line":23,"column":27}},"12":{"start":{"line":25,"column":0},"end":{"line":25,"column":24}},"13":{"start":{"line":26,"column":0},"end":{"line":26,"column":27}},"14":{"start":{"line":27,"column":0},"end":{"line":29,"column":4}},"15":{"start":{"line":30,"column":0},"end":{"line":30,"column":25}},"16":{"start":{"line":37,"column":0},"end":{"line":37,"column":48}},"17":{"start":{"line":41,"column":0},"end":{"line":41,"column":55}},"18":{"start":{"line":44,"column":18},"end":{"line":44,"column":46}},"19":{"start":{"line":45,"column":19},"end":{"line":45,"column":43}},"20":{"start":{"line":46,"column":19},"end":{"line":46,"column":44}},"21":{"start":{"line":47,"column":22},"end":{"line":47,"column":50}},"22":{"start":{"line":48,"column":23},"end":{"line":48,"column":52}},"23":{"start":{"line":49,"column":24},"end":{"line":49,"column":54}},"24":{"start":{"line":50,"column":20},"end":{"line":50,"column":46}},"25":{"start":{"line":52,"column":0},"end":{"line":52,"column":31}},"26":{"start":{"line":53,"column":0},"end":{"line":53,"column":33}},"27":{"start":{"line":54,"column":0},"end":{"line":54,"column":34}},"28":{"start":{"line":55,"column":0},"end":{"line":55,"column":40}},"29":{"start":{"line":56,"column":0},"end":{"line":56,"column":42}},"30":{"start":{"line":57,"column":0},"end":{"line":57,"column":44}},"31":{"start":{"line":58,"column":0},"end":{"line":58,"column":36}},"32":{"start":{"line":61,"column":22},"end":{"line":61,"column":68}},"33":{"start":{"line":63,"column":0},"end":{"line":63,"column":37}},"34":{"start":{"line":66,"column":0},"end":{"line":71,"column":3}},"35":{"start":{"line":67,"column":14},"end":{"line":67,"column":48}},"36":{"start":{"line":70,"column":2},"end":{"line":70,"column":19}},"37":{"start":{"line":75,"column":0},"end":{"line":83,"column":3}},"38":{"start":{"line":76,"column":2},"end":{"line":76,"column":32}},"39":{"start":{"line":79,"column":2},"end":{"line":82,"column":5}},"40":{"start":{"line":85,"column":0},"end":{"line":85,"column":21}}},"fnMap":{"0":{"name":"(anonymous_0)","decl":{"start":{"line":66,"column":8},"end":{"line":66,"column":9}},"loc":{"start":{"line":66,"column":33},"end":{"line":71,"column":1}},"line":66},"1":{"name":"(anonymous_1)","decl":{"start":{"line":75,"column":8},"end":{"line":75,"column":9}},"loc":{"start":{"line":75,"column":38},"end":{"line":83,"column":1}},"line":75}},"branchMap":{"0":{"loc":{"start":{"line":76,"column":13},"end":{"line":76,"column":30}},"type":"binary-expr","locations":[{"start":{"line":76,"column":13},"end":{"line":76,"column":23}},{"start":{"line":76,"column":27},"end":{"line":76,"column":30}}],"line":76}},"s":{"0":8,"1":8,"2":8,"3":8,"4":8,"5":8,"6":8,"7":8,"8":8,"9":8,"10":8,"11":8,"12":8,"13":8,"14":8,"15":8,"16":8,"17":8,"18":8,"19":8,"20":8,"21":8,"22":8,"23":8,"24":8,"25":8,"26":8,"27":8,"28":8,"29":8,"30":8,"31":8,"32":8,"33":8,"34":8,"35":0,"36":0,"37":8,"38":131,"39":131,"40":8},"f":{"0":0,"1":131},"b":{"0":[131,0]},"_coverageSchema":"1a1c01bbd47fc00a2c39e90264f33305004495a9","hash":"e255f5dcba93ad2ac8cfbf58ccba58a71196d3af"}
,"C:\\LocalRepos\\Springboard\\Capstone2\\backend\\config.js": {"path":"C:\\LocalRepos\\Springboard\\Capstone2\\backend\\config.js","statementMap":{"0":{"start":{"line":3,"column":0},"end":{"line":3,"column":27}},"1":{"start":{"line":5,"column":19},"end":{"line":5,"column":51}},"2":{"start":{"line":7,"column":13},"end":{"line":7,"column":38}},"3":{"start":{"line":9,"column":27},"end":{"line":9,"column":29}},"4":{"start":{"line":11,"column":22},"end":{"line":11,"column":47}},"5":{"start":{"line":13,"column":21},"end":{"line":13,"column":45}},"6":{"start":{"line":15,"column":23},"end":{"line":15,"column":49}},"7":{"start":{"line":17,"column":22},"end":{"line":17,"column":47}},"8":{"start":{"line":19,"column":28},"end":{"line":19,"column":59}},"9":{"start":{"line":21,"column":33},"end":{"line":21,"column":69}},"10":{"start":{"line":23,"column":29},"end":{"line":23,"column":61}},"11":{"start":{"line":25,"column":24},"end":{"line":25,"column":51}},"12":{"start":{"line":27,"column":20},"end":{"line":27,"column":66}},"13":{"start":{"line":29,"column":17},"end":{"line":29,"column":37}},"14":{"start":{"line":39,"column":0},"end":{"line":43,"column":1}},"15":{"start":{"line":40,"column":2},"end":{"line":40,"column":28}},"16":{"start":{"line":42,"column":2},"end":{"line":42,"column":51}},"17":{"start":{"line":45,"column":0},"end":{"line":60,"column":2}}},"fnMap":{},"branchMap":{"0":{"loc":{"start":{"line":5,"column":19},"end":{"line":5,"column":51}},"type":"binary-expr","locations":[{"start":{"line":5,"column":19},"end":{"line":5,"column":41}},{"start":{"line":5,"column":45},"end":{"line":5,"column":51}}],"line":5},"1":{"loc":{"start":{"line":7,"column":13},"end":{"line":7,"column":38}},"type":"binary-expr","locations":[{"start":{"line":7,"column":13},"end":{"line":7,"column":30}},{"start":{"line":7,"column":34},"end":{"line":7,"column":38}}],"line":7},"2":{"loc":{"start":{"line":39,"column":0},"end":{"line":43,"column":1}},"type":"if","locations":[{"start":{"line":39,"column":0},"end":{"line":43,"column":1}},{"start":{"line":39,"column":0},"end":{"line":43,"column":1}}],"line":39},"3":{"loc":{"start":{"line":42,"column":11},"end":{"line":42,"column":50}},"type":"binary-expr","locations":[{"start":{"line":42,"column":11},"end":{"line":42,"column":35}},{"start":{"line":42,"column":39},"end":{"line":42,"column":50}}],"line":42}},"s":{"0":9,"1":9,"2":9,"3":9,"4":9,"5":9,"6":9,"7":9,"8":9,"9":9,"10":9,"11":9,"12":9,"13":9,"14":9,"15":9,"16":0,"17":9},"f":{},"b":{"0":[9,0],"1":[9,0],"2":[9,0],"3":[0,0]},"_coverageSchema":"1a1c01bbd47fc00a2c39e90264f33305004495a9","hash":"4718947bf538ea7205513521301504da9710545c"}
,"C:\\LocalRepos\\Springboard\\Capstone2\\backend\\db.js": {"path":"C:\\LocalRepos\\Springboard\\Capstone2\\backend\\db.js","statementMap":{"0":{"start":{"line":3,"column":19},"end":{"line":3,"column":32}},"1":{"start":{"line":6,"column":13},"end":{"line":6,"column":32}},"2":{"start":{"line":8,"column":11},"end":{"line":18,"column":4}},"3":{"start":{"line":20,"column":0},"end":{"line":20,"column":13}},"4":{"start":{"line":22,"column":0},"end":{"line":22,"column":20}}},"fnMap":{},"branchMap":{"0":{"loc":{"start":{"line":8,"column":11},"end":{"line":18,"column":4}},"type":"cond-expr","locations":[{"start":{"line":9,"column":2},"end":{"line":11,"column":4}},{"start":{"line":13,"column":2},"end":{"line":18,"column":4}}],"line":8}},"s":{"0":8,"1":8,"2":8,"3":8,"4":8},"f":{},"b":{"0":[8,0]},"_coverageSchema":"1a1c01bbd47fc00a2c39e90264f33305004495a9","hash":"660f97696d92730f1a13101bf58e115656fb66b8"}
,"C:\\LocalRepos\\Springboard\\Capstone2\\backend\\helpers\\authHandling.js": {"path":"C:\\LocalRepos\\Springboard\\Capstone2\\backend\\helpers\\authHandling.js","statementMap":{"0":{"start":{"line":2,"column":12},"end":{"line":2,"column":35}},"1":{"start":{"line":3,"column":24},"end":{"line":3,"column":44}},"2":{"start":{"line":9,"column":22},"end":{"line":9,"column":77}},"3":{"start":{"line":10,"column":28},"end":{"line":10,"column":44}},"4":{"start":{"line":15,"column":8},"end":{"line":15,"column":84}},"5":{"start":{"line":19,"column":8},"end":{"line":19,"column":58}},"6":{"start":{"line":26,"column":29},"end":{"line":26,"column":50}},"7":{"start":{"line":27,"column":34},"end":{"line":27,"column":65}},"8":{"start":{"line":30,"column":34},"end":{"line":30,"column":99}},"9":{"start":{"line":33,"column":8},"end":{"line":37,"column":9}},"10":{"start":{"line":34,"column":12},"end":{"line":34,"column":95}},"11":{"start":{"line":36,"column":12},"end":{"line":36,"column":61}},"12":{"start":{"line":39,"column":8},"end":{"line":39,"column":28}},"13":{"start":{"line":43,"column":0},"end":{"line":43,"column":30}}},"fnMap":{"0":{"name":"(anonymous_0)","decl":{"start":{"line":8,"column":4},"end":{"line":8,"column":5}},"loc":{"start":{"line":8,"column":48},"end":{"line":20,"column":5}},"line":8},"1":{"name":"(anonymous_1)","decl":{"start":{"line":22,"column":4},"end":{"line":22,"column":5}},"loc":{"start":{"line":22,"column":37},"end":{"line":40,"column":5}},"line":22}},"branchMap":{},"s":{"0":9,"1":9,"2":403,"3":403,"4":403,"5":403,"6":601,"7":601,"8":149,"9":149,"10":149,"11":0,"12":149,"13":9},"f":{"0":403,"1":601},"b":{},"_coverageSchema":"1a1c01bbd47fc00a2c39e90264f33305004495a9","hash":"89ff08bbb4ff62a988d3adbd27b1cbf915c086d4"}
,"C:\\LocalRepos\\Springboard\\Capstone2\\backend\\helpers\\expressError.js": {"path":"C:\\LocalRepos\\Springboard\\Capstone2\\backend\\helpers\\expressError.js","statementMap":{"0":{"start":{"line":11,"column":4},"end":{"line":11,"column":12}},"1":{"start":{"line":12,"column":4},"end":{"line":12,"column":27}},"2":{"start":{"line":13,"column":4},"end":{"line":13,"column":25}},"3":{"start":{"line":18,"column":0},"end":{"line":18,"column":30}}},"fnMap":{"0":{"name":"(anonymous_0)","decl":{"start":{"line":10,"column":2},"end":{"line":10,"column":3}},"loc":{"start":{"line":10,"column":31},"end":{"line":15,"column":3}},"line":10}},"branchMap":{},"s":{"0":86,"1":86,"2":86,"3":8},"f":{"0":86},"b":{},"_coverageSchema":"1a1c01bbd47fc00a2c39e90264f33305004495a9","hash":"39a8d6066169f9879b8aadb39c58d85737693465"}
,"C:\\LocalRepos\\Springboard\\Capstone2\\backend\\helpers\\partialUpdate.js": {"path":"C:\\LocalRepos\\Springboard\\Capstone2\\backend\\helpers\\partialUpdate.js","statementMap":{"0":{"start":{"line":18,"column":12},"end":{"line":18,"column":13}},"1":{"start":{"line":19,"column":16},"end":{"line":19,"column":18}},"2":{"start":{"line":22,"column":2},"end":{"line":26,"column":3}},"3":{"start":{"line":23,"column":4},"end":{"line":25,"column":5}},"4":{"start":{"line":24,"column":6},"end":{"line":24,"column":23}},"5":{"start":{"line":28,"column":2},"end":{"line":31,"column":3}},"6":{"start":{"line":29,"column":4},"end":{"line":29,"column":38}},"7":{"start":{"line":30,"column":4},"end":{"line":30,"column":13}},"8":{"start":{"line":34,"column":13},"end":{"line":34,"column":31}},"9":{"start":{"line":35,"column":14},"end":{"line":35,"column":76}},"10":{"start":{"line":37,"column":15},"end":{"line":37,"column":35}},"11":{"start":{"line":38,"column":2},"end":{"line":38,"column":18}},"12":{"start":{"line":40,"column":2},"end":{"line":40,"column":25}},"13":{"start":{"line":44,"column":0},"end":{"line":44,"column":37}}},"fnMap":{"0":{"name":"sqlForPartialUpdate","decl":{"start":{"line":14,"column":9},"end":{"line":14,"column":28}},"loc":{"start":{"line":14,"column":52},"end":{"line":41,"column":1}},"line":14}},"branchMap":{"0":{"loc":{"start":{"line":23,"column":4},"end":{"line":25,"column":5}},"type":"if","locations":[{"start":{"line":23,"column":4},"end":{"line":25,"column":5}},{"start":{"line":23,"column":4},"end":{"line":25,"column":5}}],"line":23}},"s":{"0":15,"1":15,"2":15,"3":23,"4":0,"5":15,"6":23,"7":23,"8":15,"9":15,"10":15,"11":15,"12":15,"13":8},"f":{"0":15},"b":{"0":[0,23]},"_coverageSchema":"1a1c01bbd47fc00a2c39e90264f33305004495a9","hash":"a37111b64ef86adb6ce2ca095dd06904735d4a3f"}
,"C:\\LocalRepos\\Springboard\\Capstone2\\backend\\integrations\\Square\\paymentRouter.js": {"path":"C:\\LocalRepos\\Springboard\\Capstone2\\backend\\integrations\\Square\\paymentRouter.js","statementMap":{"0":{"start":{"line":5,"column":16},"end":{"line":5,"column":34}},"1":{"start":{"line":6,"column":22},"end":{"line":6,"column":37}},"2":{"start":{"line":7,"column":14},"end":{"line":7,"column":30}},"3":{"start":{"line":18,"column":4},"end":{"line":18,"column":27}},"4":{"start":{"line":19,"column":14},"end":{"line":19,"column":43}},"5":{"start":{"line":21,"column":22},"end":{"line":21,"column":42}},"6":{"start":{"line":23,"column":0},"end":{"line":85,"column":3}},"7":{"start":{"line":24,"column":25},"end":{"line":24,"column":33}},"8":{"start":{"line":26,"column":2},"end":{"line":83,"column":3}},"9":{"start":{"line":27,"column":26},"end":{"line":27,"column":102}},"10":{"start":{"line":29,"column":28},"end":{"line":29,"column":36}},"11":{"start":{"line":32,"column":25},"end":{"line":42,"column":5}},"12":{"start":{"line":44,"column":20},"end":{"line":49,"column":5}},"13":{"start":{"line":51,"column":4},"end":{"line":80,"column":6}},"14":{"start":{"line":58,"column":26},"end":{"line":64,"column":7}},"15":{"start":{"line":66,"column":6},"end":{"line":66,"column":78}},"16":{"start":{"line":67,"column":6},"end":{"line":67,"column":62}},"17":{"start":{"line":68,"column":6},"end":{"line":71,"column":8}},"18":{"start":{"line":74,"column":6},"end":{"line":74,"column":72}},"19":{"start":{"line":75,"column":6},"end":{"line":75,"column":25}},"20":{"start":{"line":82,"column":4},"end":{"line":82,"column":23}},"21":{"start":{"line":88,"column":0},"end":{"line":88,"column":31}}},"fnMap":{"0":{"name":"(anonymous_0)","decl":{"start":{"line":23,"column":39},"end":{"line":23,"column":40}},"loc":{"start":{"line":23,"column":65},"end":{"line":85,"column":1}},"line":23},"1":{"name":"(anonymous_1)","decl":{"start":{"line":56,"column":10},"end":{"line":56,"column":11}},"loc":{"start":{"line":56,"column":24},"end":{"line":72,"column":5}},"line":56},"2":{"name":"(anonymous_2)","decl":{"start":{"line":73,"column":11},"end":{"line":73,"column":12}},"loc":{"start":{"line":73,"column":22},"end":{"line":80,"column":5}},"line":73}},"branchMap":{},"s":{"0":8,"1":8,"2":8,"3":8,"4":8,"5":8,"6":8,"7":1,"8":1,"9":1,"10":1,"11":1,"12":1,"13":1,"14":1,"15":1,"16":1,"17":1,"18":0,"19":0,"20":0,"21":8},"f":{"0":1,"1":1,"2":0},"b":{},"_coverageSchema":"1a1c01bbd47fc00a2c39e90264f33305004495a9","hash":"ec4aa977b94b781ad0329b54d61fa043217e2785"}
,"C:\\LocalRepos\\Springboard\\Capstone2\\backend\\middleware\\auth.js": {"path":"C:\\LocalRepos\\Springboard\\Capstone2\\backend\\middleware\\auth.js","statementMap":{"0":{"start":{"line":2,"column":21},"end":{"line":2,"column":55}},"1":{"start":{"line":7,"column":2},"end":{"line":13,"column":3}},"2":{"start":{"line":8,"column":20},"end":{"line":8,"column":53}},"3":{"start":{"line":9,"column":4},"end":{"line":9,"column":23}},"4":{"start":{"line":10,"column":4},"end":{"line":10,"column":18}},"5":{"start":{"line":12,"column":4},"end":{"line":12,"column":18}},"6":{"start":{"line":19,"column":2},"end":{"line":26,"column":3}},"7":{"start":{"line":20,"column":4},"end":{"line":22,"column":5}},"8":{"start":{"line":21,"column":6},"end":{"line":21,"column":20}},"9":{"start":{"line":23,"column":4},"end":{"line":23,"column":58}},"10":{"start":{"line":25,"column":4},"end":{"line":25,"column":58}},"11":{"start":{"line":32,"column":2},"end":{"line":40,"column":3}},"12":{"start":{"line":33,"column":4},"end":{"line":35,"column":5}},"13":{"start":{"line":34,"column":6},"end":{"line":34,"column":20}},"14":{"start":{"line":37,"column":4},"end":{"line":37,"column":58}},"15":{"start":{"line":39,"column":4},"end":{"line":39,"column":58}},"16":{"start":{"line":46,"column":2},"end":{"line":55,"column":3}},"17":{"start":{"line":47,"column":4},"end":{"line":49,"column":5}},"18":{"start":{"line":48,"column":6},"end":{"line":48,"column":20}},"19":{"start":{"line":51,"column":4},"end":{"line":51,"column":58}},"20":{"start":{"line":54,"column":4},"end":{"line":54,"column":58}},"21":{"start":{"line":62,"column":2},"end":{"line":70,"column":3}},"22":{"start":{"line":63,"column":4},"end":{"line":65,"column":5}},"23":{"start":{"line":64,"column":6},"end":{"line":64,"column":20}},"24":{"start":{"line":67,"column":4},"end":{"line":67,"column":58}},"25":{"start":{"line":69,"column":4},"end":{"line":69,"column":58}},"26":{"start":{"line":76,"column":2},"end":{"line":85,"column":3}},"27":{"start":{"line":77,"column":4},"end":{"line":79,"column":5}},"28":{"start":{"line":78,"column":6},"end":{"line":78,"column":20}},"29":{"start":{"line":81,"column":4},"end":{"line":81,"column":58}},"30":{"start":{"line":84,"column":4},"end":{"line":84,"column":58}},"31":{"start":{"line":88,"column":0},"end":{"line":95,"column":2}}},"fnMap":{"0":{"name":"authenticateJWT","decl":{"start":{"line":6,"column":9},"end":{"line":6,"column":24}},"loc":{"start":{"line":6,"column":41},"end":{"line":14,"column":1}},"line":6},"1":{"name":"ensureLoggedIn","decl":{"start":{"line":18,"column":9},"end":{"line":18,"column":23}},"loc":{"start":{"line":18,"column":40},"end":{"line":27,"column":1}},"line":18},"2":{"name":"ensureCorrectUser","decl":{"start":{"line":31,"column":9},"end":{"line":31,"column":26}},"loc":{"start":{"line":31,"column":43},"end":{"line":41,"column":1}},"line":31},"3":{"name":"ensureIsUser","decl":{"start":{"line":45,"column":9},"end":{"line":45,"column":21}},"loc":{"start":{"line":45,"column":38},"end":{"line":56,"column":1}},"line":45},"4":{"name":"ensureCorrectMerchant","decl":{"start":{"line":61,"column":9},"end":{"line":61,"column":30}},"loc":{"start":{"line":61,"column":47},"end":{"line":71,"column":1}},"line":61},"5":{"name":"ensureIsMerchant","decl":{"start":{"line":75,"column":9},"end":{"line":75,"column":25}},"loc":{"start":{"line":75,"column":42},"end":{"line":86,"column":1}},"line":75}},"branchMap":{"0":{"loc":{"start":{"line":20,"column":4},"end":{"line":22,"column":5}},"type":"if","locations":[{"start":{"line":20,"column":4},"end":{"line":22,"column":5}},{"start":{"line":20,"column":4},"end":{"line":22,"column":5}}],"line":20},"1":{"loc":{"start":{"line":33,"column":4},"end":{"line":35,"column":5}},"type":"if","locations":[{"start":{"line":33,"column":4},"end":{"line":35,"column":5}},{"start":{"line":33,"column":4},"end":{"line":35,"column":5}}],"line":33},"2":{"loc":{"start":{"line":33,"column":8},"end":{"line":33,"column":66}},"type":"binary-expr","locations":[{"start":{"line":33,"column":8},"end":{"line":33,"column":38}},{"start":{"line":33,"column":42},"end":{"line":33,"column":66}}],"line":33},"3":{"loc":{"start":{"line":47,"column":4},"end":{"line":49,"column":5}},"type":"if","locations":[{"start":{"line":47,"column":4},"end":{"line":49,"column":5}},{"start":{"line":47,"column":4},"end":{"line":49,"column":5}}],"line":47},"4":{"loc":{"start":{"line":63,"column":4},"end":{"line":65,"column":5}},"type":"if","locations":[{"start":{"line":63,"column":4},"end":{"line":65,"column":5}},{"start":{"line":63,"column":4},"end":{"line":65,"column":5}}],"line":63},"5":{"loc":{"start":{"line":63,"column":8},"end":{"line":63,"column":70}},"type":"binary-expr","locations":[{"start":{"line":63,"column":8},"end":{"line":63,"column":38}},{"start":{"line":63,"column":42},"end":{"line":63,"column":70}}],"line":63},"6":{"loc":{"start":{"line":77,"column":4},"end":{"line":79,"column":5}},"type":"if","locations":[{"start":{"line":77,"column":4},"end":{"line":79,"column":5}},{"start":{"line":77,"column":4},"end":{"line":79,"column":5}}],"line":77}},"s":{"0":9,"1":601,"2":601,"3":149,"4":149,"5":452,"6":8,"7":8,"8":7,"9":0,"10":1,"11":4,"12":4,"13":1,"14":2,"15":1,"16":37,"17":37,"18":25,"19":7,"20":5,"21":4,"22":4,"23":1,"24":2,"25":1,"26":131,"27":131,"28":90,"29":28,"30":13,"31":9},"f":{"0":601,"1":8,"2":4,"3":37,"4":4,"5":131},"b":{"0":[7,0],"1":[1,2],"2":[4,2],"3":[25,7],"4":[1,2],"5":[4,2],"6":[90,28]},"_coverageSchema":"1a1c01bbd47fc00a2c39e90264f33305004495a9","hash":"330614e33e0b27634df54656fd531a695859a684"}
,"C:\\LocalRepos\\Springboard\\Capstone2\\backend\\models\\gathering.js": {"path":"C:\\LocalRepos\\Springboard\\Capstone2\\backend\\models\\gathering.js","statementMap":{"0":{"start":{"line":1,"column":11},"end":{"line":1,"column":27}},"1":{"start":{"line":2,"column":21},"end":{"line":2,"column":55}},"2":{"start":{"line":18,"column":4},"end":{"line":18,"column":51}},"3":{"start":{"line":33,"column":26},"end":{"line":33,"column":78}},"4":{"start":{"line":34,"column":8},"end":{"line":34,"column":25}},"5":{"start":{"line":38,"column":8},"end":{"line":40,"column":9}},"6":{"start":{"line":39,"column":12},"end":{"line":39,"column":116}},"7":{"start":{"line":42,"column":31},"end":{"line":42,"column":99}},"8":{"start":{"line":43,"column":8},"end":{"line":43,"column":30}},"9":{"start":{"line":47,"column":8},"end":{"line":49,"column":9}},"10":{"start":{"line":48,"column":12},"end":{"line":48,"column":113}},"11":{"start":{"line":51,"column":28},"end":{"line":51,"column":90}},"12":{"start":{"line":52,"column":8},"end":{"line":52,"column":27}},"13":{"start":{"line":64,"column":26},"end":{"line":64,"column":67}},"14":{"start":{"line":66,"column":8},"end":{"line":68,"column":9}},"15":{"start":{"line":67,"column":12},"end":{"line":67,"column":29}},"16":{"start":{"line":70,"column":8},"end":{"line":70,"column":71}},"17":{"start":{"line":74,"column":26},"end":{"line":74,"column":67}},"18":{"start":{"line":76,"column":8},"end":{"line":80,"column":9}},"19":{"start":{"line":77,"column":12},"end":{"line":77,"column":86}},"20":{"start":{"line":78,"column":12},"end":{"line":78,"column":80}},"21":{"start":{"line":79,"column":12},"end":{"line":79,"column":29}},"22":{"start":{"line":82,"column":8},"end":{"line":82,"column":71}},"23":{"start":{"line":86,"column":27},"end":{"line":86,"column":77}},"24":{"start":{"line":87,"column":8},"end":{"line":87,"column":26}},"25":{"start":{"line":91,"column":28},"end":{"line":91,"column":92}},"26":{"start":{"line":93,"column":8},"end":{"line":95,"column":9}},"27":{"start":{"line":94,"column":12},"end":{"line":94,"column":31}},"28":{"start":{"line":97,"column":8},"end":{"line":97,"column":83}},"29":{"start":{"line":101,"column":22},"end":{"line":101,"column":69}},"30":{"start":{"line":103,"column":8},"end":{"line":105,"column":9}},"31":{"start":{"line":104,"column":12},"end":{"line":104,"column":25}},"32":{"start":{"line":107,"column":8},"end":{"line":107,"column":77}},"33":{"start":{"line":118,"column":26},"end":{"line":118,"column":74}},"34":{"start":{"line":120,"column":8},"end":{"line":122,"column":9}},"35":{"start":{"line":121,"column":12},"end":{"line":121,"column":75}},"36":{"start":{"line":123,"column":8},"end":{"line":123,"column":25}},"37":{"start":{"line":134,"column":33},"end":{"line":134,"column":65}},"38":{"start":{"line":136,"column":8},"end":{"line":138,"column":9}},"39":{"start":{"line":137,"column":12},"end":{"line":137,"column":88}},"40":{"start":{"line":139,"column":8},"end":{"line":139,"column":32}},"41":{"start":{"line":143,"column":32},"end":{"line":143,"column":109}},"42":{"start":{"line":145,"column":8},"end":{"line":147,"column":9}},"43":{"start":{"line":146,"column":12},"end":{"line":146,"column":97}},"44":{"start":{"line":148,"column":8},"end":{"line":148,"column":31}},"45":{"start":{"line":152,"column":29},"end":{"line":152,"column":91}},"46":{"start":{"line":154,"column":8},"end":{"line":156,"column":9}},"47":{"start":{"line":155,"column":12},"end":{"line":155,"column":94}},"48":{"start":{"line":157,"column":8},"end":{"line":157,"column":28}},"49":{"start":{"line":161,"column":0},"end":{"line":161,"column":27}}},"fnMap":{"0":{"name":"(anonymous_0)","decl":{"start":{"line":32,"column":4},"end":{"line":32,"column":5}},"loc":{"start":{"line":32,"column":50},"end":{"line":35,"column":5}},"line":32},"1":{"name":"(anonymous_1)","decl":{"start":{"line":37,"column":4},"end":{"line":37,"column":5}},"loc":{"start":{"line":37,"column":51},"end":{"line":44,"column":5}},"line":37},"2":{"name":"(anonymous_2)","decl":{"start":{"line":46,"column":4},"end":{"line":46,"column":5}},"loc":{"start":{"line":46,"column":48},"end":{"line":53,"column":5}},"line":46},"3":{"name":"(anonymous_3)","decl":{"start":{"line":63,"column":4},"end":{"line":63,"column":5}},"loc":{"start":{"line":63,"column":47},"end":{"line":71,"column":5}},"line":63},"4":{"name":"(anonymous_4)","decl":{"start":{"line":73,"column":4},"end":{"line":73,"column":5}},"loc":{"start":{"line":73,"column":48},"end":{"line":83,"column":5}},"line":73},"5":{"name":"(anonymous_5)","decl":{"start":{"line":85,"column":4},"end":{"line":85,"column":5}},"loc":{"start":{"line":85,"column":58},"end":{"line":88,"column":5}},"line":85},"6":{"name":"(anonymous_6)","decl":{"start":{"line":90,"column":4},"end":{"line":90,"column":5}},"loc":{"start":{"line":90,"column":64},"end":{"line":98,"column":5}},"line":90},"7":{"name":"(anonymous_7)","decl":{"start":{"line":100,"column":4},"end":{"line":100,"column":5}},"loc":{"start":{"line":100,"column":50},"end":{"line":108,"column":5}},"line":100},"8":{"name":"(anonymous_8)","decl":{"start":{"line":117,"column":4},"end":{"line":117,"column":5}},"loc":{"start":{"line":117,"column":44},"end":{"line":124,"column":5}},"line":117},"9":{"name":"(anonymous_9)","decl":{"start":{"line":133,"column":4},"end":{"line":133,"column":5}},"loc":{"start":{"line":133,"column":38},"end":{"line":140,"column":5}},"line":133},"10":{"name":"(anonymous_10)","decl":{"start":{"line":142,"column":4},"end":{"line":142,"column":5}},"loc":{"start":{"line":142,"column":71},"end":{"line":149,"column":5}},"line":142},"11":{"name":"(anonymous_11)","decl":{"start":{"line":151,"column":4},"end":{"line":151,"column":5}},"loc":{"start":{"line":151,"column":62},"end":{"line":158,"column":5}},"line":151}},"branchMap":{"0":{"loc":{"start":{"line":38,"column":8},"end":{"line":40,"column":9}},"type":"if","locations":[{"start":{"line":38,"column":8},"end":{"line":40,"column":9}},{"start":{"line":38,"column":8},"end":{"line":40,"column":9}}],"line":38},"1":{"loc":{"start":{"line":38,"column":12},"end":{"line":38,"column":58}},"type":"binary-expr","locations":[{"start":{"line":38,"column":12},"end":{"line":38,"column":27}},{"start":{"line":38,"column":31},"end":{"line":38,"column":58}}],"line":38},"2":{"loc":{"start":{"line":47,"column":8},"end":{"line":49,"column":9}},"type":"if","locations":[{"start":{"line":47,"column":8},"end":{"line":49,"column":9}},{"start":{"line":47,"column":8},"end":{"line":49,"column":9}}],"line":47},"3":{"loc":{"start":{"line":47,"column":12},"end":{"line":47,"column":52}},"type":"binary-expr","locations":[{"start":{"line":47,"column":12},"end":{"line":47,"column":24}},{"start":{"line":47,"column":28},"end":{"line":47,"column":52}}],"line":47},"4":{"loc":{"start":{"line":66,"column":8},"end":{"line":68,"column":9}},"type":"if","locations":[{"start":{"line":66,"column":8},"end":{"line":68,"column":9}},{"start":{"line":66,"column":8},"end":{"line":68,"column":9}}],"line":66},"5":{"loc":{"start":{"line":76,"column":8},"end":{"line":80,"column":9}},"type":"if","locations":[{"start":{"line":76,"column":8},"end":{"line":80,"column":9}},{"start":{"line":76,"column":8},"end":{"line":80,"column":9}}],"line":76},"6":{"loc":{"start":{"line":93,"column":8},"end":{"line":95,"column":9}},"type":"if","locations":[{"start":{"line":93,"column":8},"end":{"line":95,"column":9}},{"start":{"line":93,"column":8},"end":{"line":95,"column":9}}],"line":93},"7":{"loc":{"start":{"line":103,"column":8},"end":{"line":105,"column":9}},"type":"if","locations":[{"start":{"line":103,"column":8},"end":{"line":105,"column":9}},{"start":{"line":103,"column":8},"end":{"line":105,"column":9}}],"line":103},"8":{"loc":{"start":{"line":120,"column":8},"end":{"line":122,"column":9}},"type":"if","locations":[{"start":{"line":120,"column":8},"end":{"line":122,"column":9}},{"start":{"line":120,"column":8},"end":{"line":122,"column":9}}],"line":120},"9":{"loc":{"start":{"line":136,"column":8},"end":{"line":138,"column":9}},"type":"if","locations":[{"start":{"line":136,"column":8},"end":{"line":138,"column":9}},{"start":{"line":136,"column":8},"end":{"line":138,"column":9}}],"line":136},"10":{"loc":{"start":{"line":145,"column":8},"end":{"line":147,"column":9}},"type":"if","locations":[{"start":{"line":145,"column":8},"end":{"line":147,"column":9}},{"start":{"line":145,"column":8},"end":{"line":147,"column":9}}],"line":145},"11":{"loc":{"start":{"line":154,"column":8},"end":{"line":156,"column":9}},"type":"if","locations":[{"start":{"line":154,"column":8},"end":{"line":156,"column":9}},{"start":{"line":154,"column":8},"end":{"line":156,"column":9}}],"line":154}},"s":{"0":8,"1":8,"2":8,"3":1,"4":1,"5":3,"6":0,"7":3,"8":2,"9":1,"10":0,"11":1,"12":1,"13":11,"14":11,"15":9,"16":2,"17":2,"18":2,"19":1,"20":1,"21":1,"22":1,"23":1,"24":1,"25":2,"26":2,"27":1,"28":1,"29":2,"30":2,"31":1,"32":1,"33":1,"34":1,"35":0,"36":1,"37":1,"38":1,"39":0,"40":1,"41":1,"42":1,"43":0,"44":1,"45":1,"46":1,"47":0,"48":1,"49":8},"f":{"0":1,"1":3,"2":1,"3":11,"4":2,"5":1,"6":2,"7":2,"8":1,"9":1,"10":1,"11":1},"b":{"0":[0,3],"1":[3,3],"2":[0,1],"3":[1,1],"4":[9,2],"5":[1,1],"6":[1,1],"7":[1,1],"8":[0,1],"9":[0,1],"10":[0,1],"11":[0,1]},"_coverageSchema":"1a1c01bbd47fc00a2c39e90264f33305004495a9","hash":"3ad3a4d4563e1dea1ce6a8dc57ef5bfcc0f48b98"}
,"C:\\LocalRepos\\Springboard\\Capstone2\\backend\\models\\merchant.js": {"path":"C:\\LocalRepos\\Springboard\\Capstone2\\backend\\models\\merchant.js","statementMap":{"0":{"start":{"line":1,"column":15},"end":{"line":1,"column":32}},"1":{"start":{"line":2,"column":31},"end":{"line":2,"column":51}},"2":{"start":{"line":3,"column":21},"end":{"line":3,"column":55}},"3":{"start":{"line":18,"column":4},"end":{"line":18,"column":50}},"4":{"start":{"line":24,"column":4},"end":{"line":24,"column":49}},"5":{"start":{"line":28,"column":4},"end":{"line":28,"column":51}},"6":{"start":{"line":34,"column":4},"end":{"line":34,"column":48}},"7":{"start":{"line":40,"column":21},"end":{"line":40,"column":71}},"8":{"start":{"line":42,"column":4},"end":{"line":51,"column":5}},"9":{"start":{"line":44,"column":22},"end":{"line":44,"column":76}},"10":{"start":{"line":45,"column":6},"end":{"line":50,"column":7}},"11":{"start":{"line":46,"column":8},"end":{"line":46,"column":33}},"12":{"start":{"line":47,"column":8},"end":{"line":47,"column":30}},"13":{"start":{"line":48,"column":8},"end":{"line":48,"column":35}},"14":{"start":{"line":49,"column":8},"end":{"line":49,"column":24}},"15":{"start":{"line":53,"column":4},"end":{"line":53,"column":55}},"16":{"start":{"line":58,"column":27},"end":{"line":58,"column":77}},"17":{"start":{"line":60,"column":4},"end":{"line":62,"column":5}},"18":{"start":{"line":61,"column":6},"end":{"line":61,"column":79}},"19":{"start":{"line":64,"column":27},"end":{"line":64,"column":79}},"20":{"start":{"line":65,"column":21},"end":{"line":65,"column":68}},"21":{"start":{"line":66,"column":4},"end":{"line":66,"column":31}},"22":{"start":{"line":68,"column":4},"end":{"line":68,"column":20}},"23":{"start":{"line":77,"column":4},"end":{"line":103,"column":5}},"24":{"start":{"line":78,"column":6},"end":{"line":78,"column":32}},"25":{"start":{"line":81,"column":23},"end":{"line":81,"column":77}},"26":{"start":{"line":82,"column":6},"end":{"line":84,"column":7}},"27":{"start":{"line":83,"column":8},"end":{"line":83,"column":72}},"28":{"start":{"line":87,"column":23},"end":{"line":87,"column":98}},"29":{"start":{"line":88,"column":6},"end":{"line":88,"column":35}},"30":{"start":{"line":91,"column":32},"end":{"line":91,"column":113}},"31":{"start":{"line":92,"column":6},"end":{"line":92,"column":53}},"32":{"start":{"line":95,"column":25},"end":{"line":95,"column":66}},"33":{"start":{"line":96,"column":6},"end":{"line":96,"column":39}},"34":{"start":{"line":98,"column":6},"end":{"line":98,"column":33}},"35":{"start":{"line":99,"column":6},"end":{"line":99,"column":22}},"36":{"start":{"line":101,"column":6},"end":{"line":101,"column":25}},"37":{"start":{"line":102,"column":6},"end":{"line":102,"column":35}},"38":{"start":{"line":111,"column":21},"end":{"line":111,"column":78}},"39":{"start":{"line":112,"column":18},"end":{"line":112,"column":20}},"40":{"start":{"line":113,"column":21},"end":{"line":113,"column":23}},"41":{"start":{"line":115,"column":4},"end":{"line":130,"column":5}},"42":{"start":{"line":116,"column":30},"end":{"line":116,"column":32}},"43":{"start":{"line":117,"column":8},"end":{"line":119,"column":11}},"44":{"start":{"line":118,"column":12},"end":{"line":118,"column":43}},"45":{"start":{"line":121,"column":27},"end":{"line":121,"column":89}},"46":{"start":{"line":122,"column":8},"end":{"line":124,"column":11}},"47":{"start":{"line":123,"column":12},"end":{"line":123,"column":31}},"48":{"start":{"line":126,"column":31},"end":{"line":126,"column":90}},"49":{"start":{"line":127,"column":8},"end":{"line":129,"column":11}},"50":{"start":{"line":128,"column":12},"end":{"line":128,"column":34}},"51":{"start":{"line":132,"column":4},"end":{"line":132,"column":39}},"52":{"start":{"line":141,"column":4},"end":{"line":146,"column":5}},"53":{"start":{"line":142,"column":24},"end":{"line":142,"column":68}},"54":{"start":{"line":143,"column":6},"end":{"line":143,"column":23}},"55":{"start":{"line":145,"column":6},"end":{"line":145,"column":25}},"56":{"start":{"line":155,"column":21},"end":{"line":155,"column":60}},"57":{"start":{"line":157,"column":4},"end":{"line":157,"column":67}},"58":{"start":{"line":159,"column":4},"end":{"line":161,"column":5}},"59":{"start":{"line":160,"column":6},"end":{"line":160,"column":70}},"60":{"start":{"line":162,"column":4},"end":{"line":162,"column":20}},"61":{"start":{"line":168,"column":4},"end":{"line":170,"column":5}},"62":{"start":{"line":169,"column":6},"end":{"line":169,"column":75}},"63":{"start":{"line":173,"column":4},"end":{"line":178,"column":5}},"64":{"start":{"line":174,"column":29},"end":{"line":174,"column":79}},"65":{"start":{"line":175,"column":6},"end":{"line":177,"column":7}},"66":{"start":{"line":176,"column":8},"end":{"line":176,"column":81}},"67":{"start":{"line":181,"column":21},"end":{"line":181,"column":67}},"68":{"start":{"line":182,"column":4},"end":{"line":184,"column":5}},"69":{"start":{"line":183,"column":6},"end":{"line":183,"column":70}},"70":{"start":{"line":187,"column":4},"end":{"line":187,"column":29}},"71":{"start":{"line":188,"column":4},"end":{"line":188,"column":23}},"72":{"start":{"line":189,"column":4},"end":{"line":189,"column":20}},"73":{"start":{"line":195,"column":19},"end":{"line":195,"column":59}},"74":{"start":{"line":197,"column":4},"end":{"line":199,"column":5}},"75":{"start":{"line":198,"column":6},"end":{"line":198,"column":85}},"76":{"start":{"line":200,"column":4},"end":{"line":200,"column":18}},"77":{"start":{"line":207,"column":18},"end":{"line":207,"column":68}},"78":{"start":{"line":209,"column":4},"end":{"line":209,"column":17}},"79":{"start":{"line":213,"column":18},"end":{"line":213,"column":63}},"80":{"start":{"line":215,"column":4},"end":{"line":215,"column":17}},"81":{"start":{"line":219,"column":18},"end":{"line":219,"column":79}},"82":{"start":{"line":221,"column":4},"end":{"line":223,"column":5}},"83":{"start":{"line":222,"column":6},"end":{"line":222,"column":76}},"84":{"start":{"line":224,"column":4},"end":{"line":224,"column":17}},"85":{"start":{"line":228,"column":19},"end":{"line":228,"column":74}},"86":{"start":{"line":230,"column":4},"end":{"line":232,"column":5}},"87":{"start":{"line":231,"column":6},"end":{"line":231,"column":76}},"88":{"start":{"line":233,"column":4},"end":{"line":233,"column":18}},"89":{"start":{"line":240,"column":2},"end":{"line":240,"column":28}}},"fnMap":{"0":{"name":"(anonymous_0)","decl":{"start":{"line":39,"column":2},"end":{"line":39,"column":3}},"loc":{"start":{"line":39,"column":34},"end":{"line":54,"column":3}},"line":39},"1":{"name":"(anonymous_1)","decl":{"start":{"line":57,"column":2},"end":{"line":57,"column":3}},"loc":{"start":{"line":57,"column":30},"end":{"line":69,"column":3}},"line":57},"2":{"name":"(anonymous_2)","decl":{"start":{"line":76,"column":2},"end":{"line":76,"column":3}},"loc":{"start":{"line":76,"column":52},"end":{"line":104,"column":3}},"line":76},"3":{"name":"(anonymous_3)","decl":{"start":{"line":110,"column":2},"end":{"line":110,"column":3}},"loc":{"start":{"line":110,"column":53},"end":{"line":133,"column":3}},"line":110},"4":{"name":"(anonymous_4)","decl":{"start":{"line":117,"column":25},"end":{"line":117,"column":26}},"loc":{"start":{"line":117,"column":36},"end":{"line":119,"column":9}},"line":117},"5":{"name":"(anonymous_5)","decl":{"start":{"line":122,"column":27},"end":{"line":122,"column":28}},"loc":{"start":{"line":122,"column":37},"end":{"line":124,"column":9}},"line":122},"6":{"name":"(anonymous_6)","decl":{"start":{"line":127,"column":31},"end":{"line":127,"column":32}},"loc":{"start":{"line":127,"column":41},"end":{"line":129,"column":9}},"line":127},"7":{"name":"(anonymous_7)","decl":{"start":{"line":140,"column":2},"end":{"line":140,"column":3}},"loc":{"start":{"line":140,"column":45},"end":{"line":147,"column":3}},"line":140},"8":{"name":"(anonymous_8)","decl":{"start":{"line":154,"column":2},"end":{"line":154,"column":3}},"loc":{"start":{"line":154,"column":60},"end":{"line":163,"column":3}},"line":154},"9":{"name":"(anonymous_9)","decl":{"start":{"line":166,"column":2},"end":{"line":166,"column":3}},"loc":{"start":{"line":166,"column":41},"end":{"line":190,"column":3}},"line":166},"10":{"name":"(anonymous_10)","decl":{"start":{"line":194,"column":2},"end":{"line":194,"column":3}},"loc":{"start":{"line":194,"column":35},"end":{"line":201,"column":3}},"line":194},"11":{"name":"(anonymous_11)","decl":{"start":{"line":206,"column":2},"end":{"line":206,"column":3}},"loc":{"start":{"line":206,"column":68},"end":{"line":210,"column":3}},"line":206},"12":{"name":"(anonymous_12)","decl":{"start":{"line":212,"column":2},"end":{"line":212,"column":3}},"loc":{"start":{"line":212,"column":58},"end":{"line":216,"column":3}},"line":212},"13":{"name":"(anonymous_13)","decl":{"start":{"line":218,"column":2},"end":{"line":218,"column":3}},"loc":{"start":{"line":218,"column":71},"end":{"line":225,"column":3}},"line":218},"14":{"name":"(anonymous_14)","decl":{"start":{"line":227,"column":2},"end":{"line":227,"column":3}},"loc":{"start":{"line":227,"column":65},"end":{"line":234,"column":3}},"line":227}},"branchMap":{"0":{"loc":{"start":{"line":42,"column":4},"end":{"line":51,"column":5}},"type":"if","locations":[{"start":{"line":42,"column":4},"end":{"line":51,"column":5}},{"start":{"line":42,"column":4},"end":{"line":51,"column":5}}],"line":42},"1":{"loc":{"start":{"line":45,"column":6},"end":{"line":50,"column":7}},"type":"if","locations":[{"start":{"line":45,"column":6},"end":{"line":50,"column":7}},{"start":{"line":45,"column":6},"end":{"line":50,"column":7}}],"line":45},"2":{"loc":{"start":{"line":60,"column":4},"end":{"line":62,"column":5}},"type":"if","locations":[{"start":{"line":60,"column":4},"end":{"line":62,"column":5}},{"start":{"line":60,"column":4},"end":{"line":62,"column":5}}],"line":60},"3":{"loc":{"start":{"line":82,"column":6},"end":{"line":84,"column":7}},"type":"if","locations":[{"start":{"line":82,"column":6},"end":{"line":84,"column":7}},{"start":{"line":82,"column":6},"end":{"line":84,"column":7}}],"line":82},"4":{"loc":{"start":{"line":115,"column":4},"end":{"line":130,"column":5}},"type":"if","locations":[{"start":{"line":115,"column":4},"end":{"line":130,"column":5}},{"start":{"line":115,"column":4},"end":{"line":130,"column":5}}],"line":115},"5":{"loc":{"start":{"line":159,"column":4},"end":{"line":161,"column":5}},"type":"if","locations":[{"start":{"line":159,"column":4},"end":{"line":161,"column":5}},{"start":{"line":159,"column":4},"end":{"line":161,"column":5}}],"line":159},"6":{"loc":{"start":{"line":168,"column":4},"end":{"line":170,"column":5}},"type":"if","locations":[{"start":{"line":168,"column":4},"end":{"line":170,"column":5}},{"start":{"line":168,"column":4},"end":{"line":170,"column":5}}],"line":168},"7":{"loc":{"start":{"line":173,"column":4},"end":{"line":178,"column":5}},"type":"if","locations":[{"start":{"line":173,"column":4},"end":{"line":178,"column":5}},{"start":{"line":173,"column":4},"end":{"line":178,"column":5}}],"line":173},"8":{"loc":{"start":{"line":175,"column":6},"end":{"line":177,"column":7}},"type":"if","locations":[{"start":{"line":175,"column":6},"end":{"line":177,"column":7}},{"start":{"line":175,"column":6},"end":{"line":177,"column":7}}],"line":175},"9":{"loc":{"start":{"line":175,"column":10},"end":{"line":175,"column":52}},"type":"binary-expr","locations":[{"start":{"line":175,"column":10},"end":{"line":175,"column":24}},{"start":{"line":175,"column":28},"end":{"line":175,"column":52}}],"line":175},"10":{"loc":{"start":{"line":182,"column":4},"end":{"line":184,"column":5}},"type":"if","locations":[{"start":{"line":182,"column":4},"end":{"line":184,"column":5}},{"start":{"line":182,"column":4},"end":{"line":184,"column":5}}],"line":182},"11":{"loc":{"start":{"line":197,"column":4},"end":{"line":199,"column":5}},"type":"if","locations":[{"start":{"line":197,"column":4},"end":{"line":199,"column":5}},{"start":{"line":197,"column":4},"end":{"line":199,"column":5}}],"line":197},"12":{"loc":{"start":{"line":221,"column":4},"end":{"line":223,"column":5}},"type":"if","locations":[{"start":{"line":221,"column":4},"end":{"line":223,"column":5}},{"start":{"line":221,"column":4},"end":{"line":223,"column":5}}],"line":221},"13":{"loc":{"start":{"line":230,"column":4},"end":{"line":232,"column":5}},"type":"if","locations":[{"start":{"line":230,"column":4},"end":{"line":232,"column":5}},{"start":{"line":230,"column":4},"end":{"line":232,"column":5}}],"line":230}},"s":{"0":8,"1":8,"2":8,"3":8,"4":8,"5":8,"6":8,"7":203,"8":203,"9":203,"10":203,"11":202,"12":202,"13":202,"14":202,"15":1,"16":1,"17":1,"18":0,"19":1,"20":1,"21":1,"22":1,"23":2,"24":2,"25":2,"26":2,"27":1,"28":1,"29":1,"30":1,"31":1,"32":1,"33":1,"34":1,"35":1,"36":1,"37":1,"38":1,"39":1,"40":1,"41":1,"42":1,"43":1,"44":1,"45":1,"46":1,"47":1,"48":1,"49":1,"50":0,"51":1,"52":2,"53":2,"54":2,"55":0,"56":7,"57":7,"58":7,"59":0,"60":7,"61":3,"62":1,"63":3,"64":2,"65":2,"66":1,"67":2,"68":2,"69":0,"70":2,"71":2,"72":2,"73":1,"74":1,"75":0,"76":1,"77":1,"78":1,"79":4,"80":4,"81":1,"82":1,"83":0,"84":1,"85":1,"86":1,"87":0,"88":1,"89":8},"f":{"0":203,"1":1,"2":2,"3":1,"4":1,"5":1,"6":0,"7":2,"8":7,"9":3,"10":1,"11":1,"12":4,"13":1,"14":1},"b":{"0":[203,0],"1":[202,1],"2":[0,1],"3":[1,1],"4":[1,0],"5":[0,7],"6":[1,2],"7":[2,1],"8":[1,1],"9":[2,1],"10":[0,2],"11":[0,1],"12":[0,1],"13":[0,1]},"_coverageSchema":"1a1c01bbd47fc00a2c39e90264f33305004495a9","hash":"b301ef53501a0c238922ab764389eba805b0af71"}
,"C:\\LocalRepos\\Springboard\\Capstone2\\backend\\models\\order.js": {"path":"C:\\LocalRepos\\Springboard\\Capstone2\\backend\\models\\order.js","statementMap":{"0":{"start":{"line":16,"column":31},"end":{"line":16,"column":74}},"1":{"start":{"line":20,"column":28},"end":{"line":20,"column":72}},"2":{"start":{"line":22,"column":21},"end":{"line":22,"column":55}},"3":{"start":{"line":38,"column":8},"end":{"line":41,"column":9}},"4":{"start":{"line":39,"column":26},"end":{"line":39,"column":96}},"5":{"start":{"line":40,"column":12},"end":{"line":40,"column":24}},"6":{"start":{"line":43,"column":8},"end":{"line":106,"column":9}},"7":{"start":{"line":45,"column":12},"end":{"line":45,"column":38}},"8":{"start":{"line":49,"column":39},"end":{"line":49,"column":83}},"9":{"start":{"line":51,"column":12},"end":{"line":54,"column":13}},"10":{"start":{"line":52,"column":30},"end":{"line":52,"column":116}},"11":{"start":{"line":53,"column":16},"end":{"line":53,"column":28}},"12":{"start":{"line":57,"column":26},"end":{"line":57,"column":60}},"13":{"start":{"line":59,"column":12},"end":{"line":62,"column":13}},"14":{"start":{"line":60,"column":30},"end":{"line":60,"column":90}},"15":{"start":{"line":61,"column":16},"end":{"line":61,"column":28}},"16":{"start":{"line":65,"column":12},"end":{"line":65,"column":80}},"17":{"start":{"line":66,"column":12},"end":{"line":66,"column":77}},"18":{"start":{"line":69,"column":30},"end":{"line":69,"column":31}},"19":{"start":{"line":70,"column":12},"end":{"line":82,"column":13}},"20":{"start":{"line":72,"column":16},"end":{"line":80,"column":17}},"21":{"start":{"line":73,"column":20},"end":{"line":73,"column":152}},"22":{"start":{"line":74,"column":23},"end":{"line":80,"column":17}},"23":{"start":{"line":75,"column":20},"end":{"line":75,"column":105}},"24":{"start":{"line":76,"column":23},"end":{"line":80,"column":17}},"25":{"start":{"line":77,"column":20},"end":{"line":77,"column":147}},"26":{"start":{"line":79,"column":20},"end":{"line":79,"column":100}},"27":{"start":{"line":81,"column":16},"end":{"line":81,"column":70}},"28":{"start":{"line":86,"column":29},"end":{"line":86,"column":86}},"29":{"start":{"line":89,"column":12},"end":{"line":89,"column":76}},"30":{"start":{"line":92,"column":12},"end":{"line":92,"column":44}},"31":{"start":{"line":93,"column":12},"end":{"line":93,"column":38}},"32":{"start":{"line":96,"column":12},"end":{"line":96,"column":82}},"33":{"start":{"line":99,"column":12},"end":{"line":99,"column":39}},"34":{"start":{"line":101,"column":12},"end":{"line":101,"column":25}},"35":{"start":{"line":104,"column":12},"end":{"line":104,"column":41}},"36":{"start":{"line":105,"column":12},"end":{"line":105,"column":64}},"37":{"start":{"line":112,"column":8},"end":{"line":119,"column":9}},"38":{"start":{"line":114,"column":24},"end":{"line":114,"column":94}},"39":{"start":{"line":116,"column":12},"end":{"line":116,"column":23}},"40":{"start":{"line":118,"column":12},"end":{"line":118,"column":64}},"41":{"start":{"line":131,"column":22},"end":{"line":131,"column":61}},"42":{"start":{"line":132,"column":8},"end":{"line":134,"column":9}},"43":{"start":{"line":133,"column":12},"end":{"line":133,"column":55}},"44":{"start":{"line":136,"column":22},"end":{"line":136,"column":55}},"45":{"start":{"line":137,"column":8},"end":{"line":139,"column":9}},"46":{"start":{"line":138,"column":12},"end":{"line":138,"column":107}},"47":{"start":{"line":141,"column":25},"end":{"line":141,"column":67}},"48":{"start":{"line":142,"column":8},"end":{"line":142,"column":34}},"49":{"start":{"line":143,"column":8},"end":{"line":143,"column":21}},"50":{"start":{"line":148,"column":23},"end":{"line":148,"column":61}},"51":{"start":{"line":149,"column":8},"end":{"line":149,"column":22}},"52":{"start":{"line":154,"column":23},"end":{"line":154,"column":69}},"53":{"start":{"line":155,"column":8},"end":{"line":155,"column":22}},"54":{"start":{"line":175,"column":23},"end":{"line":175,"column":58}},"55":{"start":{"line":176,"column":8},"end":{"line":176,"column":22}},"56":{"start":{"line":191,"column":23},"end":{"line":191,"column":52}},"57":{"start":{"line":192,"column":8},"end":{"line":192,"column":22}},"58":{"start":{"line":196,"column":0},"end":{"line":196,"column":23}}},"fnMap":{"0":{"name":"(anonymous_0)","decl":{"start":{"line":35,"column":4},"end":{"line":35,"column":5}},"loc":{"start":{"line":35,"column":42},"end":{"line":107,"column":5}},"line":35},"1":{"name":"(anonymous_1)","decl":{"start":{"line":111,"column":4},"end":{"line":111,"column":5}},"loc":{"start":{"line":111,"column":56},"end":{"line":120,"column":5}},"line":111},"2":{"name":"(anonymous_2)","decl":{"start":{"line":130,"column":4},"end":{"line":130,"column":5}},"loc":{"start":{"line":130,"column":57},"end":{"line":144,"column":5}},"line":130},"3":{"name":"(anonymous_3)","decl":{"start":{"line":147,"column":4},"end":{"line":147,"column":5}},"loc":{"start":{"line":147,"column":53},"end":{"line":150,"column":5}},"line":147},"4":{"name":"(anonymous_4)","decl":{"start":{"line":153,"column":4},"end":{"line":153,"column":5}},"loc":{"start":{"line":153,"column":61},"end":{"line":156,"column":5}},"line":153},"5":{"name":"(anonymous_5)","decl":{"start":{"line":166,"column":4},"end":{"line":166,"column":5}},"loc":{"start":{"line":166,"column":55},"end":{"line":177,"column":5}},"line":166},"6":{"name":"(anonymous_6)","decl":{"start":{"line":190,"column":4},"end":{"line":190,"column":5}},"loc":{"start":{"line":190,"column":34},"end":{"line":193,"column":5}},"line":190}},"branchMap":{"0":{"loc":{"start":{"line":38,"column":8},"end":{"line":41,"column":9}},"type":"if","locations":[{"start":{"line":38,"column":8},"end":{"line":41,"column":9}},{"start":{"line":38,"column":8},"end":{"line":41,"column":9}}],"line":38},"1":{"loc":{"start":{"line":51,"column":12},"end":{"line":54,"column":13}},"type":"if","locations":[{"start":{"line":51,"column":12},"end":{"line":54,"column":13}},{"start":{"line":51,"column":12},"end":{"line":54,"column":13}}],"line":51},"2":{"loc":{"start":{"line":59,"column":12},"end":{"line":62,"column":13}},"type":"if","locations":[{"start":{"line":59,"column":12},"end":{"line":62,"column":13}},{"start":{"line":59,"column":12},"end":{"line":62,"column":13}}],"line":59},"3":{"loc":{"start":{"line":72,"column":16},"end":{"line":80,"column":17}},"type":"if","locations":[{"start":{"line":72,"column":16},"end":{"line":80,"column":17}},{"start":{"line":72,"column":16},"end":{"line":80,"column":17}}],"line":72},"4":{"loc":{"start":{"line":72,"column":20},"end":{"line":72,"column":79}},"type":"binary-expr","locations":[{"start":{"line":72,"column":20},"end":{"line":72,"column":49}},{"start":{"line":72,"column":53},"end":{"line":72,"column":79}}],"line":72},"5":{"loc":{"start":{"line":74,"column":23},"end":{"line":80,"column":17}},"type":"if","locations":[{"start":{"line":74,"column":23},"end":{"line":80,"column":17}},{"start":{"line":74,"column":23},"end":{"line":80,"column":17}}],"line":74},"6":{"loc":{"start":{"line":76,"column":23},"end":{"line":80,"column":17}},"type":"if","locations":[{"start":{"line":76,"column":23},"end":{"line":80,"column":17}},{"start":{"line":76,"column":23},"end":{"line":80,"column":17}}],"line":76},"7":{"loc":{"start":{"line":132,"column":8},"end":{"line":134,"column":9}},"type":"if","locations":[{"start":{"line":132,"column":8},"end":{"line":134,"column":9}},{"start":{"line":132,"column":8},"end":{"line":134,"column":9}}],"line":132},"8":{"loc":{"start":{"line":137,"column":8},"end":{"line":139,"column":9}},"type":"if","locations":[{"start":{"line":137,"column":8},"end":{"line":139,"column":9}},{"start":{"line":137,"column":8},"end":{"line":139,"column":9}}],"line":137}},"s":{"0":8,"1":8,"2":8,"3":1,"4":0,"5":0,"6":1,"7":1,"8":1,"9":1,"10":0,"11":0,"12":1,"13":1,"14":0,"15":0,"16":1,"17":1,"18":1,"19":1,"20":1,"21":1,"22":0,"23":0,"24":0,"25":0,"26":0,"27":1,"28":1,"29":1,"30":1,"31":1,"32":1,"33":1,"34":1,"35":0,"36":0,"37":1,"38":1,"39":1,"40":0,"41":2,"42":2,"43":0,"44":2,"45":2,"46":0,"47":2,"48":2,"49":2,"50":1,"51":1,"52":0,"53":0,"54":1,"55":1,"56":0,"57":0,"58":8},"f":{"0":1,"1":1,"2":2,"3":1,"4":0,"5":1,"6":0},"b":{"0":[0,1],"1":[0,1],"2":[0,1],"3":[1,0],"4":[1,1],"5":[0,0],"6":[0,0],"7":[0,2],"8":[0,2]},"_coverageSchema":"1a1c01bbd47fc00a2c39e90264f33305004495a9","hash":"51d248cf3d07cde07b4e79bad48afc80c4d54d4f"}
,"C:\\LocalRepos\\Springboard\\Capstone2\\backend\\models\\product.js": {"path":"C:\\LocalRepos\\Springboard\\Capstone2\\backend\\models\\product.js","statementMap":{"0":{"start":{"line":55,"column":4},"end":{"line":55,"column":49}},"1":{"start":{"line":61,"column":4},"end":{"line":61,"column":48}},"2":{"start":{"line":62,"column":21},"end":{"line":62,"column":55}},"3":{"start":{"line":76,"column":23},"end":{"line":76,"column":74}},"4":{"start":{"line":77,"column":8},"end":{"line":77,"column":22}},"5":{"start":{"line":82,"column":23},"end":{"line":82,"column":67}},"6":{"start":{"line":83,"column":8},"end":{"line":83,"column":22}},"7":{"start":{"line":88,"column":23},"end":{"line":88,"column":65}},"8":{"start":{"line":89,"column":8},"end":{"line":89,"column":22}},"9":{"start":{"line":94,"column":8},"end":{"line":114,"column":9}},"10":{"start":{"line":95,"column":12},"end":{"line":95,"column":38}},"11":{"start":{"line":97,"column":28},"end":{"line":97,"column":70}},"12":{"start":{"line":98,"column":12},"end":{"line":100,"column":13}},"13":{"start":{"line":99,"column":16},"end":{"line":99,"column":102}},"14":{"start":{"line":103,"column":12},"end":{"line":105,"column":13}},"15":{"start":{"line":104,"column":16},"end":{"line":104,"column":62}},"16":{"start":{"line":107,"column":34},"end":{"line":107,"column":84}},"17":{"start":{"line":109,"column":12},"end":{"line":109,"column":39}},"18":{"start":{"line":110,"column":12},"end":{"line":110,"column":33}},"19":{"start":{"line":112,"column":12},"end":{"line":112,"column":41}},"20":{"start":{"line":113,"column":12},"end":{"line":113,"column":64}},"21":{"start":{"line":119,"column":23},"end":{"line":119,"column":69}},"22":{"start":{"line":120,"column":8},"end":{"line":120,"column":22}},"23":{"start":{"line":125,"column":23},"end":{"line":125,"column":73}},"24":{"start":{"line":126,"column":8},"end":{"line":126,"column":22}},"25":{"start":{"line":131,"column":8},"end":{"line":141,"column":9}},"26":{"start":{"line":132,"column":12},"end":{"line":132,"column":38}},"27":{"start":{"line":133,"column":27},"end":{"line":133,"column":80}},"28":{"start":{"line":135,"column":12},"end":{"line":135,"column":71}},"29":{"start":{"line":136,"column":12},"end":{"line":136,"column":39}},"30":{"start":{"line":138,"column":12},"end":{"line":138,"column":26}},"31":{"start":{"line":140,"column":12},"end":{"line":140,"column":41}},"32":{"start":{"line":146,"column":23},"end":{"line":146,"column":83}},"33":{"start":{"line":147,"column":8},"end":{"line":147,"column":22}},"34":{"start":{"line":162,"column":23},"end":{"line":162,"column":62}},"35":{"start":{"line":164,"column":8},"end":{"line":166,"column":9}},"36":{"start":{"line":165,"column":12},"end":{"line":165,"column":100}},"37":{"start":{"line":167,"column":8},"end":{"line":167,"column":22}},"38":{"start":{"line":172,"column":8},"end":{"line":193,"column":9}},"39":{"start":{"line":173,"column":12},"end":{"line":173,"column":38}},"40":{"start":{"line":175,"column":28},"end":{"line":175,"column":73}},"41":{"start":{"line":177,"column":12},"end":{"line":179,"column":13}},"42":{"start":{"line":178,"column":16},"end":{"line":178,"column":104}},"43":{"start":{"line":181,"column":12},"end":{"line":181,"column":82}},"44":{"start":{"line":182,"column":12},"end":{"line":182,"column":96}},"45":{"start":{"line":183,"column":12},"end":{"line":183,"column":88}},"46":{"start":{"line":184,"column":12},"end":{"line":184,"column":84}},"47":{"start":{"line":186,"column":12},"end":{"line":186,"column":51}},"48":{"start":{"line":188,"column":12},"end":{"line":188,"column":39}},"49":{"start":{"line":189,"column":12},"end":{"line":189,"column":27}},"50":{"start":{"line":191,"column":12},"end":{"line":191,"column":41}},"51":{"start":{"line":192,"column":12},"end":{"line":192,"column":101}},"52":{"start":{"line":198,"column":23},"end":{"line":198,"column":75}},"53":{"start":{"line":199,"column":8},"end":{"line":199,"column":22}},"54":{"start":{"line":204,"column":26},"end":{"line":204,"column":81}},"55":{"start":{"line":205,"column":8},"end":{"line":205,"column":25}},"56":{"start":{"line":210,"column":27},"end":{"line":210,"column":83}},"57":{"start":{"line":211,"column":8},"end":{"line":211,"column":26}},"58":{"start":{"line":216,"column":24},"end":{"line":216,"column":77}},"59":{"start":{"line":217,"column":8},"end":{"line":217,"column":23}},"60":{"start":{"line":222,"column":26},"end":{"line":222,"column":81}},"61":{"start":{"line":223,"column":8},"end":{"line":223,"column":25}},"62":{"start":{"line":228,"column":24},"end":{"line":228,"column":71}},"63":{"start":{"line":229,"column":8},"end":{"line":229,"column":23}},"64":{"start":{"line":234,"column":23},"end":{"line":234,"column":89}},"65":{"start":{"line":236,"column":8},"end":{"line":238,"column":9}},"66":{"start":{"line":237,"column":12},"end":{"line":237,"column":105}},"67":{"start":{"line":239,"column":8},"end":{"line":239,"column":22}},"68":{"start":{"line":248,"column":25},"end":{"line":248,"column":68}},"69":{"start":{"line":249,"column":22},"end":{"line":249,"column":24}},"70":{"start":{"line":250,"column":25},"end":{"line":250,"column":27}},"71":{"start":{"line":252,"column":8},"end":{"line":267,"column":9}},"72":{"start":{"line":253,"column":34},"end":{"line":253,"column":36}},"73":{"start":{"line":254,"column":12},"end":{"line":256,"column":15}},"74":{"start":{"line":255,"column":16},"end":{"line":255,"column":47}},"75":{"start":{"line":258,"column":31},"end":{"line":258,"column":93}},"76":{"start":{"line":259,"column":12},"end":{"line":261,"column":15}},"77":{"start":{"line":260,"column":16},"end":{"line":260,"column":35}},"78":{"start":{"line":263,"column":35},"end":{"line":263,"column":94}},"79":{"start":{"line":264,"column":12},"end":{"line":266,"column":15}},"80":{"start":{"line":265,"column":16},"end":{"line":265,"column":38}},"81":{"start":{"line":269,"column":8},"end":{"line":269,"column":43}},"82":{"start":{"line":278,"column":22},"end":{"line":278,"column":69}},"83":{"start":{"line":280,"column":8},"end":{"line":282,"column":9}},"84":{"start":{"line":281,"column":12},"end":{"line":281,"column":102}},"85":{"start":{"line":283,"column":8},"end":{"line":283,"column":21}},"86":{"start":{"line":288,"column":21},"end":{"line":288,"column":65}},"87":{"start":{"line":290,"column":8},"end":{"line":292,"column":9}},"88":{"start":{"line":291,"column":12},"end":{"line":291,"column":107}},"89":{"start":{"line":293,"column":8},"end":{"line":293,"column":20}},"90":{"start":{"line":298,"column":26},"end":{"line":298,"column":79}},"91":{"start":{"line":300,"column":8},"end":{"line":302,"column":9}},"92":{"start":{"line":301,"column":12},"end":{"line":301,"column":106}},"93":{"start":{"line":303,"column":8},"end":{"line":303,"column":25}},"94":{"start":{"line":308,"column":23},"end":{"line":308,"column":73}},"95":{"start":{"line":310,"column":8},"end":{"line":312,"column":9}},"96":{"start":{"line":311,"column":12},"end":{"line":311,"column":104}},"97":{"start":{"line":313,"column":8},"end":{"line":313,"column":22}},"98":{"start":{"line":318,"column":25},"end":{"line":318,"column":81}},"99":{"start":{"line":320,"column":8},"end":{"line":322,"column":9}},"100":{"start":{"line":321,"column":12},"end":{"line":321,"column":106}},"101":{"start":{"line":323,"column":8},"end":{"line":323,"column":24}},"102":{"start":{"line":328,"column":23},"end":{"line":328,"column":73}},"103":{"start":{"line":330,"column":8},"end":{"line":332,"column":9}},"104":{"start":{"line":331,"column":12},"end":{"line":331,"column":104}},"105":{"start":{"line":333,"column":8},"end":{"line":333,"column":22}},"106":{"start":{"line":342,"column":24},"end":{"line":342,"column":65}},"107":{"start":{"line":343,"column":8},"end":{"line":343,"column":23}},"108":{"start":{"line":365,"column":24},"end":{"line":365,"column":69}},"109":{"start":{"line":367,"column":8},"end":{"line":369,"column":9}},"110":{"start":{"line":368,"column":12},"end":{"line":368,"column":89}},"111":{"start":{"line":370,"column":8},"end":{"line":370,"column":23}},"112":{"start":{"line":374,"column":30},"end":{"line":374,"column":72}},"113":{"start":{"line":376,"column":8},"end":{"line":378,"column":9}},"114":{"start":{"line":377,"column":12},"end":{"line":377,"column":87}},"115":{"start":{"line":379,"column":8},"end":{"line":379,"column":29}},"116":{"start":{"line":383,"column":29},"end":{"line":383,"column":69}},"117":{"start":{"line":385,"column":8},"end":{"line":387,"column":9}},"118":{"start":{"line":386,"column":12},"end":{"line":386,"column":91}},"119":{"start":{"line":388,"column":8},"end":{"line":388,"column":28}},"120":{"start":{"line":392,"column":8},"end":{"line":416,"column":9}},"121":{"start":{"line":393,"column":12},"end":{"line":393,"column":38}},"122":{"start":{"line":395,"column":28},"end":{"line":395,"column":73}},"123":{"start":{"line":396,"column":12},"end":{"line":398,"column":13}},"124":{"start":{"line":397,"column":16},"end":{"line":397,"column":102}},"125":{"start":{"line":401,"column":12},"end":{"line":403,"column":13}},"126":{"start":{"line":402,"column":16},"end":{"line":402,"column":65}},"127":{"start":{"line":405,"column":38},"end":{"line":405,"column":88}},"128":{"start":{"line":407,"column":12},"end":{"line":409,"column":13}},"129":{"start":{"line":408,"column":16},"end":{"line":408,"column":95}},"130":{"start":{"line":411,"column":12},"end":{"line":411,"column":39}},"131":{"start":{"line":412,"column":12},"end":{"line":412,"column":37}},"132":{"start":{"line":414,"column":12},"end":{"line":414,"column":41}},"133":{"start":{"line":415,"column":12},"end":{"line":415,"column":64}},"134":{"start":{"line":420,"column":31},"end":{"line":420,"column":75}},"135":{"start":{"line":422,"column":8},"end":{"line":424,"column":9}},"136":{"start":{"line":423,"column":12},"end":{"line":423,"column":88}},"137":{"start":{"line":425,"column":8},"end":{"line":425,"column":30}},"138":{"start":{"line":429,"column":33},"end":{"line":429,"column":81}},"139":{"start":{"line":431,"column":8},"end":{"line":433,"column":9}},"140":{"start":{"line":432,"column":12},"end":{"line":432,"column":90}},"141":{"start":{"line":434,"column":8},"end":{"line":434,"column":32}},"142":{"start":{"line":438,"column":31},"end":{"line":438,"column":75}},"143":{"start":{"line":440,"column":8},"end":{"line":442,"column":9}},"144":{"start":{"line":441,"column":12},"end":{"line":441,"column":88}},"145":{"start":{"line":443,"column":8},"end":{"line":443,"column":30}},"146":{"start":{"line":456,"column":23},"end":{"line":456,"column":62}},"147":{"start":{"line":458,"column":8},"end":{"line":460,"column":9}},"148":{"start":{"line":459,"column":12},"end":{"line":459,"column":91}},"149":{"start":{"line":461,"column":8},"end":{"line":461,"column":22}},"150":{"start":{"line":465,"column":23},"end":{"line":465,"column":59}},"151":{"start":{"line":467,"column":8},"end":{"line":469,"column":9}},"152":{"start":{"line":468,"column":12},"end":{"line":468,"column":97}},"153":{"start":{"line":470,"column":8},"end":{"line":470,"column":22}},"154":{"start":{"line":474,"column":23},"end":{"line":474,"column":57}},"155":{"start":{"line":476,"column":8},"end":{"line":478,"column":9}},"156":{"start":{"line":477,"column":12},"end":{"line":477,"column":101}},"157":{"start":{"line":479,"column":8},"end":{"line":479,"column":22}},"158":{"start":{"line":483,"column":23},"end":{"line":483,"column":67}},"159":{"start":{"line":485,"column":8},"end":{"line":487,"column":9}},"160":{"start":{"line":486,"column":12},"end":{"line":486,"column":101}},"161":{"start":{"line":488,"column":8},"end":{"line":488,"column":22}},"162":{"start":{"line":492,"column":23},"end":{"line":492,"column":61}},"163":{"start":{"line":494,"column":8},"end":{"line":496,"column":9}},"164":{"start":{"line":495,"column":12},"end":{"line":495,"column":98}},"165":{"start":{"line":497,"column":8},"end":{"line":497,"column":22}},"166":{"start":{"line":501,"column":23},"end":{"line":501,"column":65}},"167":{"start":{"line":503,"column":8},"end":{"line":505,"column":9}},"168":{"start":{"line":504,"column":12},"end":{"line":504,"column":100}},"169":{"start":{"line":506,"column":8},"end":{"line":506,"column":22}},"170":{"start":{"line":510,"column":23},"end":{"line":510,"column":61}},"171":{"start":{"line":512,"column":8},"end":{"line":514,"column":9}},"172":{"start":{"line":513,"column":12},"end":{"line":513,"column":98}},"173":{"start":{"line":515,"column":8},"end":{"line":515,"column":22}},"174":{"start":{"line":519,"column":23},"end":{"line":519,"column":84}},"175":{"start":{"line":521,"column":8},"end":{"line":523,"column":9}},"176":{"start":{"line":522,"column":12},"end":{"line":522,"column":100}},"177":{"start":{"line":524,"column":8},"end":{"line":524,"column":22}},"178":{"start":{"line":529,"column":0},"end":{"line":529,"column":25}}},"fnMap":{"0":{"name":"(anonymous_0)","decl":{"start":{"line":75,"column":4},"end":{"line":75,"column":5}},"loc":{"start":{"line":75,"column":53},"end":{"line":78,"column":5}},"line":75},"1":{"name":"(anonymous_1)","decl":{"start":{"line":81,"column":4},"end":{"line":81,"column":5}},"loc":{"start":{"line":81,"column":53},"end":{"line":84,"column":5}},"line":81},"2":{"name":"(anonymous_2)","decl":{"start":{"line":87,"column":4},"end":{"line":87,"column":5}},"loc":{"start":{"line":87,"column":54},"end":{"line":90,"column":5}},"line":87},"3":{"name":"(anonymous_3)","decl":{"start":{"line":93,"column":4},"end":{"line":93,"column":5}},"loc":{"start":{"line":93,"column":59},"end":{"line":115,"column":5}},"line":93},"4":{"name":"(anonymous_4)","decl":{"start":{"line":118,"column":4},"end":{"line":118,"column":5}},"loc":{"start":{"line":118,"column":55},"end":{"line":121,"column":5}},"line":118},"5":{"name":"(anonymous_5)","decl":{"start":{"line":124,"column":4},"end":{"line":124,"column":5}},"loc":{"start":{"line":124,"column":59},"end":{"line":127,"column":5}},"line":124},"6":{"name":"(anonymous_6)","decl":{"start":{"line":130,"column":4},"end":{"line":130,"column":5}},"loc":{"start":{"line":130,"column":62},"end":{"line":142,"column":5}},"line":130},"7":{"name":"(anonymous_7)","decl":{"start":{"line":145,"column":4},"end":{"line":145,"column":5}},"loc":{"start":{"line":145,"column":69},"end":{"line":148,"column":5}},"line":145},"8":{"name":"(anonymous_8)","decl":{"start":{"line":161,"column":4},"end":{"line":161,"column":5}},"loc":{"start":{"line":161,"column":67},"end":{"line":168,"column":5}},"line":161},"9":{"name":"(anonymous_9)","decl":{"start":{"line":171,"column":4},"end":{"line":171,"column":5}},"loc":{"start":{"line":171,"column":68},"end":{"line":194,"column":5}},"line":171},"10":{"name":"(anonymous_10)","decl":{"start":{"line":197,"column":4},"end":{"line":197,"column":5}},"loc":{"start":{"line":197,"column":67},"end":{"line":200,"column":5}},"line":197},"11":{"name":"(anonymous_11)","decl":{"start":{"line":203,"column":4},"end":{"line":203,"column":5}},"loc":{"start":{"line":203,"column":66},"end":{"line":206,"column":5}},"line":203},"12":{"name":"(anonymous_12)","decl":{"start":{"line":209,"column":4},"end":{"line":209,"column":5}},"loc":{"start":{"line":209,"column":71},"end":{"line":212,"column":5}},"line":209},"13":{"name":"(anonymous_13)","decl":{"start":{"line":215,"column":4},"end":{"line":215,"column":5}},"loc":{"start":{"line":215,"column":68},"end":{"line":218,"column":5}},"line":215},"14":{"name":"(anonymous_14)","decl":{"start":{"line":221,"column":4},"end":{"line":221,"column":5}},"loc":{"start":{"line":221,"column":70},"end":{"line":224,"column":5}},"line":221},"15":{"name":"(anonymous_15)","decl":{"start":{"line":227,"column":4},"end":{"line":227,"column":5}},"loc":{"start":{"line":227,"column":68},"end":{"line":230,"column":5}},"line":227},"16":{"name":"(anonymous_16)","decl":{"start":{"line":233,"column":4},"end":{"line":233,"column":5}},"loc":{"start":{"line":233,"column":74},"end":{"line":240,"column":5}},"line":233},"17":{"name":"(anonymous_17)","decl":{"start":{"line":247,"column":4},"end":{"line":247,"column":5}},"loc":{"start":{"line":247,"column":51},"end":{"line":270,"column":5}},"line":247},"18":{"name":"(anonymous_18)","decl":{"start":{"line":254,"column":29},"end":{"line":254,"column":30}},"loc":{"start":{"line":254,"column":40},"end":{"line":256,"column":13}},"line":254},"19":{"name":"(anonymous_19)","decl":{"start":{"line":259,"column":31},"end":{"line":259,"column":32}},"loc":{"start":{"line":259,"column":41},"end":{"line":261,"column":13}},"line":259},"20":{"name":"(anonymous_20)","decl":{"start":{"line":264,"column":35},"end":{"line":264,"column":36}},"loc":{"start":{"line":264,"column":45},"end":{"line":266,"column":13}},"line":264},"21":{"name":"(anonymous_21)","decl":{"start":{"line":277,"column":4},"end":{"line":277,"column":5}},"loc":{"start":{"line":277,"column":62},"end":{"line":284,"column":5}},"line":277},"22":{"name":"(anonymous_22)","decl":{"start":{"line":287,"column":4},"end":{"line":287,"column":5}},"loc":{"start":{"line":287,"column":59},"end":{"line":294,"column":5}},"line":287},"23":{"name":"(anonymous_23)","decl":{"start":{"line":297,"column":4},"end":{"line":297,"column":5}},"loc":{"start":{"line":297,"column":74},"end":{"line":304,"column":5}},"line":297},"24":{"name":"(anonymous_24)","decl":{"start":{"line":307,"column":4},"end":{"line":307,"column":5}},"loc":{"start":{"line":307,"column":65},"end":{"line":314,"column":5}},"line":307},"25":{"name":"(anonymous_25)","decl":{"start":{"line":317,"column":4},"end":{"line":317,"column":5}},"loc":{"start":{"line":317,"column":71},"end":{"line":324,"column":5}},"line":317},"26":{"name":"(anonymous_26)","decl":{"start":{"line":327,"column":4},"end":{"line":327,"column":5}},"loc":{"start":{"line":327,"column":65},"end":{"line":334,"column":5}},"line":327},"27":{"name":"(anonymous_27)","decl":{"start":{"line":341,"column":4},"end":{"line":341,"column":5}},"loc":{"start":{"line":341,"column":48},"end":{"line":344,"column":5}},"line":341},"28":{"name":"(anonymous_28)","decl":{"start":{"line":364,"column":4},"end":{"line":364,"column":5}},"loc":{"start":{"line":364,"column":50},"end":{"line":371,"column":5}},"line":364},"29":{"name":"(anonymous_29)","decl":{"start":{"line":373,"column":4},"end":{"line":373,"column":5}},"loc":{"start":{"line":373,"column":54},"end":{"line":380,"column":5}},"line":373},"30":{"name":"(anonymous_30)","decl":{"start":{"line":382,"column":4},"end":{"line":382,"column":5}},"loc":{"start":{"line":382,"column":52},"end":{"line":389,"column":5}},"line":382},"31":{"name":"(anonymous_31)","decl":{"start":{"line":391,"column":4},"end":{"line":391,"column":5}},"loc":{"start":{"line":391,"column":74},"end":{"line":417,"column":5}},"line":391},"32":{"name":"(anonymous_32)","decl":{"start":{"line":419,"column":4},"end":{"line":419,"column":5}},"loc":{"start":{"line":419,"column":56},"end":{"line":426,"column":5}},"line":419},"33":{"name":"(anonymous_33)","decl":{"start":{"line":428,"column":4},"end":{"line":428,"column":5}},"loc":{"start":{"line":428,"column":60},"end":{"line":435,"column":5}},"line":428},"34":{"name":"(anonymous_34)","decl":{"start":{"line":437,"column":4},"end":{"line":437,"column":5}},"loc":{"start":{"line":437,"column":56},"end":{"line":444,"column":5}},"line":437},"35":{"name":"(anonymous_35)","decl":{"start":{"line":455,"column":4},"end":{"line":455,"column":5}},"loc":{"start":{"line":455,"column":44},"end":{"line":462,"column":5}},"line":455},"36":{"name":"(anonymous_36)","decl":{"start":{"line":464,"column":4},"end":{"line":464,"column":5}},"loc":{"start":{"line":464,"column":48},"end":{"line":471,"column":5}},"line":464},"37":{"name":"(anonymous_37)","decl":{"start":{"line":473,"column":4},"end":{"line":473,"column":5}},"loc":{"start":{"line":473,"column":46},"end":{"line":480,"column":5}},"line":473},"38":{"name":"(anonymous_38)","decl":{"start":{"line":482,"column":4},"end":{"line":482,"column":5}},"loc":{"start":{"line":482,"column":56},"end":{"line":489,"column":5}},"line":482},"39":{"name":"(anonymous_39)","decl":{"start":{"line":491,"column":4},"end":{"line":491,"column":5}},"loc":{"start":{"line":491,"column":50},"end":{"line":498,"column":5}},"line":491},"40":{"name":"(anonymous_40)","decl":{"start":{"line":500,"column":4},"end":{"line":500,"column":5}},"loc":{"start":{"line":500,"column":54},"end":{"line":507,"column":5}},"line":500},"41":{"name":"(anonymous_41)","decl":{"start":{"line":509,"column":4},"end":{"line":509,"column":5}},"loc":{"start":{"line":509,"column":50},"end":{"line":516,"column":5}},"line":509},"42":{"name":"(anonymous_42)","decl":{"start":{"line":518,"column":4},"end":{"line":518,"column":5}},"loc":{"start":{"line":518,"column":59},"end":{"line":525,"column":5}},"line":518}},"branchMap":{"0":{"loc":{"start":{"line":98,"column":12},"end":{"line":100,"column":13}},"type":"if","locations":[{"start":{"line":98,"column":12},"end":{"line":100,"column":13}},{"start":{"line":98,"column":12},"end":{"line":100,"column":13}}],"line":98},"1":{"loc":{"start":{"line":103,"column":12},"end":{"line":105,"column":13}},"type":"if","locations":[{"start":{"line":103,"column":12},"end":{"line":105,"column":13}},{"start":{"line":103,"column":12},"end":{"line":105,"column":13}}],"line":103},"2":{"loc":{"start":{"line":164,"column":8},"end":{"line":166,"column":9}},"type":"if","locations":[{"start":{"line":164,"column":8},"end":{"line":166,"column":9}},{"start":{"line":164,"column":8},"end":{"line":166,"column":9}}],"line":164},"3":{"loc":{"start":{"line":177,"column":12},"end":{"line":179,"column":13}},"type":"if","locations":[{"start":{"line":177,"column":12},"end":{"line":179,"column":13}},{"start":{"line":177,"column":12},"end":{"line":179,"column":13}}],"line":177},"4":{"loc":{"start":{"line":236,"column":8},"end":{"line":238,"column":9}},"type":"if","locations":[{"start":{"line":236,"column":8},"end":{"line":238,"column":9}},{"start":{"line":236,"column":8},"end":{"line":238,"column":9}}],"line":236},"5":{"loc":{"start":{"line":252,"column":8},"end":{"line":267,"column":9}},"type":"if","locations":[{"start":{"line":252,"column":8},"end":{"line":267,"column":9}},{"start":{"line":252,"column":8},"end":{"line":267,"column":9}}],"line":252},"6":{"loc":{"start":{"line":280,"column":8},"end":{"line":282,"column":9}},"type":"if","locations":[{"start":{"line":280,"column":8},"end":{"line":282,"column":9}},{"start":{"line":280,"column":8},"end":{"line":282,"column":9}}],"line":280},"7":{"loc":{"start":{"line":290,"column":8},"end":{"line":292,"column":9}},"type":"if","locations":[{"start":{"line":290,"column":8},"end":{"line":292,"column":9}},{"start":{"line":290,"column":8},"end":{"line":292,"column":9}}],"line":290},"8":{"loc":{"start":{"line":300,"column":8},"end":{"line":302,"column":9}},"type":"if","locations":[{"start":{"line":300,"column":8},"end":{"line":302,"column":9}},{"start":{"line":300,"column":8},"end":{"line":302,"column":9}}],"line":300},"9":{"loc":{"start":{"line":310,"column":8},"end":{"line":312,"column":9}},"type":"if","locations":[{"start":{"line":310,"column":8},"end":{"line":312,"column":9}},{"start":{"line":310,"column":8},"end":{"line":312,"column":9}}],"line":310},"10":{"loc":{"start":{"line":320,"column":8},"end":{"line":322,"column":9}},"type":"if","locations":[{"start":{"line":320,"column":8},"end":{"line":322,"column":9}},{"start":{"line":320,"column":8},"end":{"line":322,"column":9}}],"line":320},"11":{"loc":{"start":{"line":330,"column":8},"end":{"line":332,"column":9}},"type":"if","locations":[{"start":{"line":330,"column":8},"end":{"line":332,"column":9}},{"start":{"line":330,"column":8},"end":{"line":332,"column":9}}],"line":330},"12":{"loc":{"start":{"line":367,"column":8},"end":{"line":369,"column":9}},"type":"if","locations":[{"start":{"line":367,"column":8},"end":{"line":369,"column":9}},{"start":{"line":367,"column":8},"end":{"line":369,"column":9}}],"line":367},"13":{"loc":{"start":{"line":376,"column":8},"end":{"line":378,"column":9}},"type":"if","locations":[{"start":{"line":376,"column":8},"end":{"line":378,"column":9}},{"start":{"line":376,"column":8},"end":{"line":378,"column":9}}],"line":376},"14":{"loc":{"start":{"line":385,"column":8},"end":{"line":387,"column":9}},"type":"if","locations":[{"start":{"line":385,"column":8},"end":{"line":387,"column":9}},{"start":{"line":385,"column":8},"end":{"line":387,"column":9}}],"line":385},"15":{"loc":{"start":{"line":396,"column":12},"end":{"line":398,"column":13}},"type":"if","locations":[{"start":{"line":396,"column":12},"end":{"line":398,"column":13}},{"start":{"line":396,"column":12},"end":{"line":398,"column":13}}],"line":396},"16":{"loc":{"start":{"line":401,"column":12},"end":{"line":403,"column":13}},"type":"if","locations":[{"start":{"line":401,"column":12},"end":{"line":403,"column":13}},{"start":{"line":401,"column":12},"end":{"line":403,"column":13}}],"line":401},"17":{"loc":{"start":{"line":407,"column":12},"end":{"line":409,"column":13}},"type":"if","locations":[{"start":{"line":407,"column":12},"end":{"line":409,"column":13}},{"start":{"line":407,"column":12},"end":{"line":409,"column":13}}],"line":407},"18":{"loc":{"start":{"line":422,"column":8},"end":{"line":424,"column":9}},"type":"if","locations":[{"start":{"line":422,"column":8},"end":{"line":424,"column":9}},{"start":{"line":422,"column":8},"end":{"line":424,"column":9}}],"line":422},"19":{"loc":{"start":{"line":431,"column":8},"end":{"line":433,"column":9}},"type":"if","locations":[{"start":{"line":431,"column":8},"end":{"line":433,"column":9}},{"start":{"line":431,"column":8},"end":{"line":433,"column":9}}],"line":431},"20":{"loc":{"start":{"line":440,"column":8},"end":{"line":442,"column":9}},"type":"if","locations":[{"start":{"line":440,"column":8},"end":{"line":442,"column":9}},{"start":{"line":440,"column":8},"end":{"line":442,"column":9}}],"line":440},"21":{"loc":{"start":{"line":458,"column":8},"end":{"line":460,"column":9}},"type":"if","locations":[{"start":{"line":458,"column":8},"end":{"line":460,"column":9}},{"start":{"line":458,"column":8},"end":{"line":460,"column":9}}],"line":458},"22":{"loc":{"start":{"line":467,"column":8},"end":{"line":469,"column":9}},"type":"if","locations":[{"start":{"line":467,"column":8},"end":{"line":469,"column":9}},{"start":{"line":467,"column":8},"end":{"line":469,"column":9}}],"line":467},"23":{"loc":{"start":{"line":476,"column":8},"end":{"line":478,"column":9}},"type":"if","locations":[{"start":{"line":476,"column":8},"end":{"line":478,"column":9}},{"start":{"line":476,"column":8},"end":{"line":478,"column":9}}],"line":476},"24":{"loc":{"start":{"line":485,"column":8},"end":{"line":487,"column":9}},"type":"if","locations":[{"start":{"line":485,"column":8},"end":{"line":487,"column":9}},{"start":{"line":485,"column":8},"end":{"line":487,"column":9}}],"line":485},"25":{"loc":{"start":{"line":494,"column":8},"end":{"line":496,"column":9}},"type":"if","locations":[{"start":{"line":494,"column":8},"end":{"line":496,"column":9}},{"start":{"line":494,"column":8},"end":{"line":496,"column":9}}],"line":494},"26":{"loc":{"start":{"line":503,"column":8},"end":{"line":505,"column":9}},"type":"if","locations":[{"start":{"line":503,"column":8},"end":{"line":505,"column":9}},{"start":{"line":503,"column":8},"end":{"line":505,"column":9}}],"line":503},"27":{"loc":{"start":{"line":512,"column":8},"end":{"line":514,"column":9}},"type":"if","locations":[{"start":{"line":512,"column":8},"end":{"line":514,"column":9}},{"start":{"line":512,"column":8},"end":{"line":514,"column":9}}],"line":512},"28":{"loc":{"start":{"line":521,"column":8},"end":{"line":523,"column":9}},"type":"if","locations":[{"start":{"line":521,"column":8},"end":{"line":523,"column":9}},{"start":{"line":521,"column":8},"end":{"line":523,"column":9}}],"line":521}},"s":{"0":8,"1":8,"2":8,"3":2,"4":2,"5":2,"6":2,"7":2,"8":2,"9":2,"10":2,"11":2,"12":2,"13":1,"14":1,"15":1,"16":1,"17":1,"18":1,"19":1,"20":1,"21":2,"22":2,"23":2,"24":2,"25":1,"26":1,"27":1,"28":1,"29":1,"30":1,"31":0,"32":0,"33":0,"34":29,"35":29,"36":0,"37":29,"38":2,"39":2,"40":2,"41":2,"42":1,"43":1,"44":1,"45":1,"46":1,"47":1,"48":1,"49":1,"50":1,"51":1,"52":0,"53":0,"54":0,"55":0,"56":0,"57":0,"58":0,"59":0,"60":0,"61":0,"62":0,"63":0,"64":0,"65":0,"66":0,"67":0,"68":9,"69":9,"70":9,"71":9,"72":5,"73":5,"74":5,"75":5,"76":5,"77":5,"78":5,"79":5,"80":0,"81":9,"82":5,"83":5,"84":0,"85":5,"86":3,"87":3,"88":0,"89":3,"90":4,"91":4,"92":0,"93":4,"94":6,"95":6,"96":0,"97":6,"98":3,"99":3,"100":0,"101":3,"102":4,"103":4,"104":0,"105":4,"106":0,"107":0,"108":1,"109":1,"110":0,"111":1,"112":1,"113":1,"114":0,"115":1,"116":1,"117":1,"118":0,"119":1,"120":2,"121":2,"122":2,"123":2,"124":1,"125":1,"126":0,"127":1
[...]
ry-expr","locations":[{"start":{"line":567,"column":16},"end":{"line":567,"column":44}},{"start":{"line":567,"column":48},"end":{"line":567,"column":75}},{"start":{"line":567,"column":79},"end":{"line":567,"column":135}},{"start":{"line":568,"column":20},"end":{"line":568,"column":49}}],"line":567},"62":{"loc":{"start":{"line":575,"column":8},"end":{"line":577,"column":9}},"type":"if","locations":[{"start":{"line":575,"column":8},"end":{"line":577,"column":9}},{"start":{"line":575,"column":8},"end":{"line":577,"column":9}}],"line":575},"63":{"loc":{"start":{"line":600,"column":8},"end":{"line":604,"column":9}},"type":"if","locations":[{"start":{"line":600,"column":8},"end":{"line":604,"column":9}},{"start":{"line":600,"column":8},"end":{"line":604,"column":9}}],"line":600},"64":{"loc":{"start":{"line":602,"column":15},"end":{"line":604,"column":9}},"type":"if","locations":[{"start":{"line":602,"column":15},"end":{"line":604,"column":9}},{"start":{"line":602,"column":15},"end":{"line":604,"column":9}}],"line":602},"65":{"loc":{"start":{"line":619,"column":8},"end":{"line":623,"column":9}},"type":"if","locations":[{"start":{"line":619,"column":8},"end":{"line":623,"column":9}},{"start":{"line":619,"column":8},"end":{"line":623,"column":9}}],"line":619},"66":{"loc":{"start":{"line":621,"column":15},"end":{"line":623,"column":9}},"type":"if","locations":[{"start":{"line":621,"column":15},"end":{"line":623,"column":9}},{"start":{"line":621,"column":15},"end":{"line":623,"column":9}}],"line":621},"67":{"loc":{"start":{"line":638,"column":8},"end":{"line":642,"column":9}},"type":"if","locations":[{"start":{"line":638,"column":8},"end":{"line":642,"column":9}},{"start":{"line":638,"column":8},"end":{"line":642,"column":9}}],"line":638},"68":{"loc":{"start":{"line":640,"column":15},"end":{"line":642,"column":9}},"type":"if","locations":[{"start":{"line":640,"column":15},"end":{"line":642,"column":9}},{"start":{"line":640,"column":15},"end":{"line":642,"column":9}}],"line":640},"69":{"loc":{"start":{"line":657,"column":8},"end":{"line":661,"column":9}},"type":"if","locations":[{"start":{"line":657,"column":8},"end":{"line":661,"column":9}},{"start":{"line":657,"column":8},"end":{"line":661,"column":9}}],"line":657},"70":{"loc":{"start":{"line":659,"column":15},"end":{"line":661,"column":9}},"type":"if","locations":[{"start":{"line":659,"column":15},"end":{"line":661,"column":9}},{"start":{"line":659,"column":15},"end":{"line":661,"column":9}}],"line":659},"71":{"loc":{"start":{"line":676,"column":8},"end":{"line":680,"column":9}},"type":"if","locations":[{"start":{"line":676,"column":8},"end":{"line":680,"column":9}},{"start":{"line":676,"column":8},"end":{"line":680,"column":9}}],"line":676},"72":{"loc":{"start":{"line":678,"column":15},"end":{"line":680,"column":9}},"type":"if","locations":[{"start":{"line":678,"column":15},"end":{"line":680,"column":9}},{"start":{"line":678,"column":15},"end":{"line":680,"column":9}}],"line":678},"73":{"loc":{"start":{"line":695,"column":8},"end":{"line":699,"column":9}},"type":"if","locations":[{"start":{"line":695,"column":8},"end":{"line":699,"column":9}},{"start":{"line":695,"column":8},"end":{"line":699,"column":9}}],"line":695},"74":{"loc":{"start":{"line":697,"column":15},"end":{"line":699,"column":9}},"type":"if","locations":[{"start":{"line":697,"column":15},"end":{"line":699,"column":9}},{"start":{"line":697,"column":15},"end":{"line":699,"column":9}}],"line":697},"75":{"loc":{"start":{"line":714,"column":8},"end":{"line":718,"column":9}},"type":"if","locations":[{"start":{"line":714,"column":8},"end":{"line":718,"column":9}},{"start":{"line":714,"column":8},"end":{"line":718,"column":9}}],"line":714},"76":{"loc":{"start":{"line":716,"column":15},"end":{"line":718,"column":9}},"type":"if","locations":[{"start":{"line":716,"column":15},"end":{"line":718,"column":9}},{"start":{"line":716,"column":15},"end":{"line":718,"column":9}}],"line":716},"77":{"loc":{"start":{"line":735,"column":8},"end":{"line":739,"column":9}},"type":"if","locations":[{"start":{"line":735,"column":8},"end":{"line":739,"column":9}},{"start":{"line":735,"column":8},"end":{"line":739,"column":9}}],"line":735},"78":{"loc":{"start":{"line":737,"column":15},"end":{"line":739,"column":9}},"type":"if","locations":[{"start":{"line":737,"column":15},"end":{"line":739,"column":9}},{"start":{"line":737,"column":15},"end":{"line":739,"column":9}}],"line":737}},"s":{"0":8,"1":8,"2":8,"3":8,"4":8,"5":8,"6":8,"7":8,"8":8,"9":8,"10":8,"11":8,"12":8,"13":8,"14":8,"15":8,"16":8,"17":8,"18":8,"19":8,"20":8,"21":5,"22":5,"23":5,"24":3,"25":3,"26":3,"27":2,"28":2,"29":3,"30":8,"31":6,"32":6,"33":6,"34":0,"35":6,"36":6,"37":4,"38":4,"39":4,"40":2,"41":2,"42":4,"43":8,"44":4,"45":4,"46":4,"47":0,"48":4,"49":4,"50":2,"51":2,"52":2,"53":2,"54":2,"55":2,"56":8,"57":4,"58":4,"59":4,"60":0,"61":4,"62":4,"63":2,"64":2,"65":2,"66":2,"67":1,"68":3,"69":8,"70":4,"71":4,"72":4,"73":0,"74":4,"75":4,"76":2,"77":2,"78":2,"79":2,"80":2,"81":2,"82":8,"83":7,"84":7,"85":7,"86":0,"87":7,"88":7,"89":5,"90":5,"91":5,"92":2,"93":2,"94":5,"95":8,"96":4,"97":4,"98":4,"99":3,"100":3,"101":3,"102":1,"103":1,"104":3,"105":8,"106":0,"107":0,"108":0,"109":0,"110":0,"111":0,"112":0,"113":8,"114":9,"115":9,"116":8,"117":1,"118":9,"119":0,"120":8,"121":2,"122":2,"123":1,"124":0,"125":1,"126":1,"127":8,"128":0,"129":0,"130":0,"131":0,"132":8,"133":3,"134":3,"135":3,"136":0,"137":3,"138":0,"139":3,"140":3,"141":2,"142":3,"143":2,"144":1,"145":1,"146":1,"147":1,"148":1,"149":1,"150":0,"151":1,"152":1,"153":2,"154":8,"155":4,"156":4,"157":4,"158":0,"159":4,"160":0,"161":4,"162":4,"163":3,"164":3,"165":3,"166":1,"167":1,"168":1,"169":1,"170":1,"171":1,"172":0,"173":1,"174":1,"175":3,"176":8,"177":2,"178":2,"179":2,"180":0,"181":2,"182":0,"183":2,"184":2,"185":1,"186":1,"187":1,"188":1,"189":1,"190":1,"191":1,"192":1,"193":1,"194":0,"195":1,"196":1,"197":1,"198":8,"199":3,"200":3,"201":3,"202":0,"203":3,"204":0,"205":3,"206":3,"207":1,"208":1,"209":1,"210":2,"211":2,"212":2,"213":2,"214":2,"215":2,"216":0,"217":2,"218":1,"219":2,"220":8,"221":5,"222":5,"223":5,"224":0,"225":5,"226":0,"227":5,"228":5,"229":4,"230":4,"231":4,"232":1,"233":1,"234":1,"235":1,"236":1,"237":1,"238":0,"239":1,"240":1,"241":4,"242":8,"243":2,"244":2,"245":2,"246":0,"247":2,"248":0,"249":2,"250":2,"251":1,"252":1,"253":1,"254":1,"255":1,"256":1,"257":1,"258":1,"259":1,"260":0,"261":1,"262":1,"263":1,"264":8,"265":3,"266":3,"267":3,"268":0,"269":3,"270":0,"271":3,"272":3,"273":2,"274":2,"275":2,"276":1,"277":1,"278":1,"279":1,"280":1,"281":1,"282":0,"283":1,"284":1,"285":2,"286":8,"287":1,"288":1,"289":1,"290":0,"291":1,"292":0,"293":1,"294":1,"295":0,"296":8,"297":1,"298":1,"299":1,"300":0,"301":1,"302":0,"303":1,"304":1,"305":0,"306":8,"307":1,"308":1,"309":1,"310":0,"311":1,"312":0,"313":1,"314":1,"315":0,"316":8,"317":1,"318":1,"319":1,"320":0,"321":1,"322":0,"323":1,"324":1,"325":0,"326":8,"327":1,"328":1,"329":1,"330":0,"331":1,"332":0,"333":1,"334":1,"335":0,"336":8,"337":1,"338":1,"339":1,"340":0,"341":1,"342":0,"343":1,"344":1,"345":0,"346":8,"347":1,"348":1,"349":1,"350":0,"351":1,"352":0,"353":1,"354":1,"355":0,"356":8,"357":0,"358":0,"359":0,"360":0,"361":0,"362":0,"363":0,"364":0,"365":0,"366":8},"f":{"0":5,"1":3,"2":6,"3":4,"4":4,"5":2,"6":4,"7":2,"8":4,"9":2,"10":7,"11":5,"12":4,"13":3,"14":0,"15":9,"16":2,"17":0,"18":3,"19":3,"20":1,"21":4,"22":3,"23":1,"24":2,"25":1,"26":1,"27":3,"28":1,"29":2,"30":5,"31":4,"32":1,"33":2,"34":1,"35":1,"36":3,"37":2,"38":1,"39":1,"40":1,"41":1,"42":1,"43":1,"44":1,"45":1,"46":0},"b":{"0":[3,2],"1":[0,6],"2":[6,6],"3":[4,2],"4":[0,4],"5":[4,4],"6":[2,2],"7":[0,4],"8":[4,4],"9":[2,2],"10":[0,4],"11":[4,4],"12":[2,2],"13":[0,7],"14":[7,7],"15":[5,2],"16":[3,1],"17":[0,0],"18":[0,0],"19":[8,1],"20":[0,1],"21":[0,3],"22":[0,3],"23":[2,1],"24":[1,0],"25":[1,1,1,1],"26":[0,1],"27":[0,4],"28":[0,4],"29":[3,1],"30":[1,0],"31":[1,1,1,1],"32":[0,1],"33":[0,2],"34":[0,2],"35":[1,1],"36":[1,0],"37":[1,1,1,1],"38":[0,1],"39":[0,3],"40":[0,3],"41":[1,2],"42":[2,0],"43":[2,2,2,2],"44":[0,2],"45":[0,5],"46":[0,5],"47":[4,1],"48":[1,0],"49":[1,1,1,1],"50":[0,1],"51":[0,2],"52":[0,2],"53":[1,1],"54":[1,0],"55":[1,1,1,1],"56":[0,1],"57":[0,3],"58":[0,3],"59":[2,1],"60":[1,0],"61":[1,1,1,1],"62":[0,1],"63":[0,1],"64":[0,1],"65":[0,1],"66":[0,1],"67":[0,1],"68":[0,1],"69":[0,1],"70":[0,1],"71":[0,1],"72":[0,1],"73":[0,1],"74":[0,1],"75":[0,1],"76":[0,1],"77":[0,0],"78":[0,0]},"_coverageSchema":"1a1c01bbd47fc00a2c39e90264f33305004495a9","hash":"25fc8ca328d048b596957f92b269c304e4426fb1"}
,"C:\\LocalRepos\\Springboard\\Capstone2\\backend\\routes\\register.js": {"path":"C:\\LocalRepos\\Springboard\\Capstone2\\backend\\routes\\register.js","statementMap":{"0":{"start":{"line":2,"column":16},"end":{"line":2,"column":34}},"1":{"start":{"line":3,"column":19},"end":{"line":3,"column":40}},"2":{"start":{"line":6,"column":21},"end":{"line":6,"column":55}},"3":{"start":{"line":7,"column":21},"end":{"line":7,"column":55}},"4":{"start":{"line":10,"column":27},"end":{"line":10,"column":81}},"5":{"start":{"line":11,"column":31},"end":{"line":11,"column":89}},"6":{"start":{"line":14,"column":13},"end":{"line":14,"column":38}},"7":{"start":{"line":15,"column":17},"end":{"line":15,"column":46}},"8":{"start":{"line":17,"column":18},"end":{"line":17,"column":38}},"9":{"start":{"line":29,"column":0},"end":{"line":47,"column":2}},"10":{"start":{"line":30,"column":4},"end":{"line":46,"column":5}},"11":{"start":{"line":32,"column":25},"end":{"line":32,"column":74}},"12":{"start":{"line":33,"column":8},"end":{"line":37,"column":9}},"13":{"start":{"line":35,"column":33},"end":{"line":35,"column":66}},"14":{"start":{"line":35,"column":58},"end":{"line":35,"column":65}},"15":{"start":{"line":36,"column":12},"end":{"line":36,"column":80}},"16":{"start":{"line":40,"column":26},"end":{"line":40,"column":55}},"17":{"start":{"line":42,"column":8},"end":{"line":42,"column":53}},"18":{"start":{"line":43,"column":8},"end":{"line":43,"column":63}},"19":{"start":{"line":45,"column":8},"end":{"line":45,"column":19}},"20":{"start":{"line":53,"column":0},"end":{"line":71,"column":2}},"21":{"start":{"line":54,"column":4},"end":{"line":70,"column":5}},"22":{"start":{"line":56,"column":25},"end":{"line":56,"column":78}},"23":{"start":{"line":57,"column":8},"end":{"line":61,"column":9}},"24":{"start":{"line":59,"column":33},"end":{"line":59,"column":66}},"25":{"start":{"line":59,"column":58},"end":{"line":59,"column":65}},"26":{"start":{"line":60,"column":12},"end":{"line":60,"column":80}},"27":{"start":{"line":64,"column":26},"end":{"line":64,"column":59}},"28":{"start":{"line":66,"column":8},"end":{"line":66,"column":53}},"29":{"start":{"line":67,"column":8},"end":{"line":67,"column":63}},"30":{"start":{"line":69,"column":8},"end":{"line":69,"column":19}},"31":{"start":{"line":73,"column":0},"end":{"line":73,"column":27}}},"fnMap":{"0":{"name":"(anonymous_0)","decl":{"start":{"line":29,"column":24},"end":{"line":29,"column":25}},"loc":{"start":{"line":29,"column":50},"end":{"line":47,"column":1}},"line":29},"1":{"name":"(anonymous_1)","decl":{"start":{"line":35,"column":53},"end":{"line":35,"column":54}},"loc":{"start":{"line":35,"column":58},"end":{"line":35,"column":65}},"line":35},"2":{"name":"(anonymous_2)","decl":{"start":{"line":53,"column":28},"end":{"line":53,"column":29}},"loc":{"start":{"line":53,"column":54},"end":{"line":71,"column":1}},"line":53},"3":{"name":"(anonymous_3)","decl":{"start":{"line":59,"column":53},"end":{"line":59,"column":54}},"loc":{"start":{"line":59,"column":58},"end":{"line":59,"column":65}},"line":59}},"branchMap":{"0":{"loc":{"start":{"line":33,"column":8},"end":{"line":37,"column":9}},"type":"if","locations":[{"start":{"line":33,"column":8},"end":{"line":37,"column":9}},{"start":{"line":33,"column":8},"end":{"line":37,"column":9}}],"line":33},"1":{"loc":{"start":{"line":57,"column":8},"end":{"line":61,"column":9}},"type":"if","locations":[{"start":{"line":57,"column":8},"end":{"line":61,"column":9}},{"start":{"line":57,"column":8},"end":{"line":61,"column":9}}],"line":57}},"s":{"0":8,"1":8,"2":8,"3":8,"4":8,"5":8,"6":8,"7":8,"8":8,"9":8,"10":5,"11":5,"12":5,"13":4,"14":4,"15":4,"16":1,"17":1,"18":1,"19":4,"20":8,"21":5,"22":5,"23":5,"24":4,"25":4,"26":4,"27":1,"28":1,"29":1,"30":4,"31":8},"f":{"0":5,"1":4,"2":5,"3":4},"b":{"0":[4,1],"1":[4,1]},"_coverageSchema":"1a1c01bbd47fc00a2c39e90264f33305004495a9","hash":"4208bbd032c30687f80935eca346b58e23c3ca2f"}
,"C:\\LocalRepos\\Springboard\\Capstone2\\backend\\routes\\users.js": {"path":"C:\\LocalRepos\\Springboard\\Capstone2\\backend\\routes\\users.js","statementMap":{"0":{"start":{"line":2,"column":16},"end":{"line":2,"column":34}},"1":{"start":{"line":3,"column":19},"end":{"line":3,"column":40}},"2":{"start":{"line":6,"column":21},"end":{"line":6,"column":55}},"3":{"start":{"line":9,"column":25},"end":{"line":9,"column":73}},"4":{"start":{"line":12,"column":13},"end":{"line":12,"column":38}},"5":{"start":{"line":15,"column":25},"end":{"line":15,"column":54}},"6":{"start":{"line":18,"column":19},"end":{"line":18,"column":39}},"7":{"start":{"line":27,"column":0},"end":{"line":38,"column":2}},"8":{"start":{"line":28,"column":4},"end":{"line":37,"column":5}},"9":{"start":{"line":29,"column":23},"end":{"line":29,"column":71}},"10":{"start":{"line":30,"column":8},"end":{"line":32,"column":9}},"11":{"start":{"line":31,"column":12},"end":{"line":31,"column":70}},"12":{"start":{"line":34,"column":8},"end":{"line":34,"column":40}},"13":{"start":{"line":36,"column":8},"end":{"line":36,"column":27}},"14":{"start":{"line":47,"column":0},"end":{"line":89,"column":2}},"15":{"start":{"line":48,"column":4},"end":{"line":88,"column":5}},"16":{"start":{"line":50,"column":24},"end":{"line":50,"column":72}},"17":{"start":{"line":51,"column":8},"end":{"line":53,"column":9}},"18":{"start":{"line":52,"column":12},"end":{"line":52,"column":70}},"19":{"start":{"line":56,"column":25},"end":{"line":56,"column":72}},"20":{"start":{"line":57,"column":8},"end":{"line":60,"column":9}},"21":{"start":{"line":58,"column":33},"end":{"line":58,"column":66}},"22":{"start":{"line":58,"column":58},"end":{"line":58,"column":65}},"23":{"start":{"line":59,"column":12},"end":{"line":59,"column":81}},"24":{"start":{"line":63,"column":24},"end":{"line":63,"column":26}},"25":{"start":{"line":64,"column":24},"end":{"line":64,"column":45}},"26":{"start":{"line":65,"column":8},"end":{"line":71,"column":10}},"27":{"start":{"line":66,"column":12},"end":{"line":70,"column":13}},"28":{"start":{"line":69,"column":16},"end":{"line":69,"column":47}},"29":{"start":{"line":74,"column":8},"end":{"line":76,"column":9}},"30":{"start":{"line":75,"column":12},"end":{"line":75,"column":54}},"31":{"start":{"line":79,"column":8},"end":{"line":81,"column":9}},"32":{"start":{"line":80,"column":12},"end":{"line":80,"column":45}},"33":{"start":{"line":84,"column":24},"end":{"line":84,"column":70}},"34":{"start":{"line":85,"column":8},"end":{"line":85,"column":40}},"35":{"start":{"line":87,"column":8},"end":{"line":87,"column":27}},"36":{"start":{"line":98,"column":0},"end":{"line":111,"column":2}},"37":{"start":{"line":99,"column":4},"end":{"line":110,"column":5}},"38":{"start":{"line":100,"column":23},"end":{"line":100,"column":58}},"39":{"start":{"line":101,"column":8},"end":{"line":103,"column":9}},"40":{"start":{"line":102,"column":12},"end":{"line":102,"column":80}},"41":{"start":{"line":105,"column":8},"end":{"line":105,"column":31}},"42":{"start":{"line":106,"column":8},"end":{"line":106,"column":32}},"43":{"start":{"line":107,"column":8},"end":{"line":107,"column":68}},"44":{"start":{"line":109,"column":8},"end":{"line":109,"column":27}},"45":{"start":{"line":120,"column":0},"end":{"line":129,"column":2}},"46":{"start":{"line":121,"column":4},"end":{"line":128,"column":5}},"47":{"start":{"line":122,"column":8},"end":{"line":122,"column":31}},"48":{"start":{"line":123,"column":8},"end":{"line":123,"column":32}},"49":{"start":{"line":125,"column":8},"end":{"line":125,"column":58}},"50":{"start":{"line":127,"column":8},"end":{"line":127,"column":27}},"51":{"start":{"line":131,"column":0},"end":{"line":131,"column":28}}},"fnMap":{"0":{"name":"(anonymous_0)","decl":{"start":{"line":27,"column":41},"end":{"line":27,"column":42}},"loc":{"start":{"line":27,"column":67},"end":{"line":38,"column":1}},"line":27},"1":{"name":"(anonymous_1)","decl":{"start":{"line":47,"column":42},"end":{"line":47,"column":43}},"loc":{"start":{"line":47,"column":68},"end":{"line":89,"column":1}},"line":47},"2":{"name":"(anonymous_2)","decl":{"start":{"line":58,"column":53},"end":{"line":58,"column":54}},"loc":{"start":{"line":58,"column":58},"end":{"line":58,"column":65}},"line":58},"3":{"name":"(anonymous_3)","decl":{"start":{"line":65,"column":20},"end":{"line":65,"column":21}},"loc":{"start":{"line":65,"column":27},"end":{"line":71,"column":9}},"line":65},"4":{"name":"(anonymous_4)","decl":{"start":{"line":98,"column":43},"end":{"line":98,"column":44}},"loc":{"start":{"line":98,"column":69},"end":{"line":111,"column":1}},"line":98},"5":{"name":"(anonymous_5)","decl":{"start":{"line":120,"column":26},"end":{"line":120,"column":27}},"loc":{"start":{"line":120,"column":52},"end":{"line":129,"column":1}},"line":120}},"branchMap":{"0":{"loc":{"start":{"line":30,"column":8},"end":{"line":32,"column":9}},"type":"if","locations":[{"start":{"line":30,"column":8},"end":{"line":32,"column":9}},{"start":{"line":30,"column":8},"end":{"line":32,"column":9}}],"line":30},"1":{"loc":{"start":{"line":51,"column":8},"end":{"line":53,"column":9}},"type":"if","locations":[{"start":{"line":51,"column":8},"end":{"line":53,"column":9}},{"start":{"line":51,"column":8},"end":{"line":53,"column":9}}],"line":51},"2":{"loc":{"start":{"line":57,"column":8},"end":{"line":60,"column":9}},"type":"if","locations":[{"start":{"line":57,"column":8},"end":{"line":60,"column":9}},{"start":{"line":57,"column":8},"end":{"line":60,"column":9}}],"line":57},"3":{"loc":{"start":{"line":66,"column":12},"end":{"line":70,"column":13}},"type":"if","locations":[{"start":{"line":66,"column":12},"end":{"line":70,"column":13}},{"start":{"line":66,"column":12},"end":{"line":70,"column":13}}],"line":66},"4":{"loc":{"start":{"line":66,"column":15},"end":{"line":67,"column":50}},"type":"binary-expr","locations":[{"start":{"line":66,"column":16},"end":{"line":66,"column":44}},{"start":{"line":66,"column":48},"end":{"line":66,"column":75}},{"start":{"line":66,"column":79},"end":{"line":66,"column":126}},{"start":{"line":67,"column":20},"end":{"line":67,"column":49}}],"line":66},"5":{"loc":{"start":{"line":74,"column":8},"end":{"line":76,"column":9}},"type":"if","locations":[{"start":{"line":74,"column":8},"end":{"line":76,"column":9}},{"start":{"line":74,"column":8},"end":{"line":76,"column":9}}],"line":74},"6":{"loc":{"start":{"line":79,"column":8},"end":{"line":81,"column":9}},"type":"if","locations":[{"start":{"line":79,"column":8},"end":{"line":81,"column":9}},{"start":{"line":79,"column":8},"end":{"line":81,"column":9}}],"line":79},"7":{"loc":{"start":{"line":101,"column":8},"end":{"line":103,"column":9}},"type":"if","locations":[{"start":{"line":101,"column":8},"end":{"line":103,"column":9}},{"start":{"line":101,"column":8},"end":{"line":103,"column":9}}],"line":101}},"s":{"0":8,"1":8,"2":8,"3":8,"4":8,"5":8,"6":8,"7":8,"8":1,"9":1,"10":1,"11":0,"12":1,"13":0,"14":8,"15":7,"16":7,"17":7,"18":0,"19":7,"20":7,"21":4,"22":4,"23":4,"24":3,"25":3,"26":3,"27":4,"28":3,"29":3,"30":1,"31":3,"32":0,"33":3,"34":2,"35":5,"36":8,"37":1,"38":1,"39":1,"40":0,"41":1,"42":1,"43":1,"44":0,"45":8,"46":1,"47":1,"48":1,"49":1,"50":0,"51":8},"f":{"0":1,"1":7,"2":4,"3":4,"4":1,"5":1},"b":{"0":[0,1],"1":[0,7],"2":[4,3],"3":[3,1],"4":[4,4,3,3],"5":[1,2],"6":[0,3],"7":[0,1]},"_coverageSchema":"1a1c01bbd47fc00a2c39e90264f33305004495a9","hash":"398a50a41efa83d4721103d6af8b2e7c12e14f2f"}
}
