TN:
SF:app.js
FN:66,(anonymous_0)
FN:75,(anonymous_1)
FNF:2
FNH:1
FNDA:0,(anonymous_0)
FNDA:131,(anonymous_1)
DA:2,8
DA:3,8
DA:5,8
DA:6,8
DA:7,8
DA:9,8
DA:10,8
DA:12,8
DA:13,8
DA:14,8
DA:22,8
DA:23,8
DA:25,8
DA:26,8
DA:27,8
DA:30,8
DA:37,8
DA:41,8
DA:44,8
DA:45,8
DA:46,8
DA:47,8
DA:48,8
DA:49,8
DA:50,8
DA:52,8
DA:53,8
DA:54,8
DA:55,8
DA:56,8
DA:57,8
DA:58,8
DA:61,8
DA:63,8
DA:66,8
DA:67,0
DA:70,0
DA:75,8
DA:76,131
DA:79,131
DA:85,8
LF:41
LH:39
BRDA:76,0,0,131
BRDA:76,0,1,0
BRF:2
BRH:1
end_of_record
TN:
SF:config.js
FNF:0
FNH:0
DA:3,9
DA:5,9
DA:7,9
DA:9,9
DA:11,9
DA:13,9
DA:15,9
DA:17,9
DA:19,9
DA:21,9
DA:23,9
DA:25,9
DA:27,9
DA:29,9
DA:39,9
DA:40,9
DA:42,0
DA:45,9
LF:18
LH:17
BRDA:5,0,0,9
BRDA:5,0,1,0
BRDA:7,1,0,9
BRDA:7,1,1,0
BRDA:39,2,0,9
BRDA:39,2,1,0
BRDA:42,3,0,0
BRDA:42,3,1,0
BRF:8
BRH:3
end_of_record
TN:
SF:db.js
FNF:0
FNH:0
DA:3,8
DA:6,8
DA:8,8
DA:20,8
DA:22,8
LF:5
LH:5
BRDA:8,0,0,8
BRDA:8,0,1,0
BRF:2
BRH:1
end_of_record
TN:
SF:helpers\authHandling.js
FN:8,(anonymous_0)
FN:22,(anonymous_1)
FNF:2
FNH:2
FNDA:403,(anonymous_0)
FNDA:601,(anonymous_1)
DA:2,9
DA:3,9
DA:9,403
DA:10,403
DA:15,403
DA:19,403
DA:26,601
DA:27,601
DA:30,149
DA:33,149
DA:34,149
DA:36,0
DA:39,149
DA:43,9
LF:14
LH:13
BRF:0
BRH:0
end_of_record
TN:
SF:helpers\expressError.js
FN:10,(anonymous_0)
FNF:1
FNH:1
FNDA:86,(anonymous_0)
DA:11,86
DA:12,86
DA:13,86
DA:18,8
LF:4
LH:4
BRF:0
BRH:0
end_of_record
TN:
SF:helpers\partialUpdate.js
FN:14,sqlForPartialUpdate
FNF:1
FNH:1
FNDA:15,sqlForPartialUpdate
DA:18,15
DA:19,15
DA:22,15
DA:23,23
DA:24,0
DA:28,15
DA:29,23
DA:30,23
DA:34,15
DA:35,15
DA:37,15
DA:38,15
DA:40,15
DA:44,8
LF:14
LH:13
BRDA:23,0,0,0
BRDA:23,0,1,23
BRF:2
BRH:1
end_of_record
TN:
SF:integrations\Square\paymentRouter.js
FN:23,(anonymous_0)
FN:56,(anonymous_1)
FN:73,(anonymous_2)
FNF:3
FNH:2
FNDA:1,(anonymous_0)
FNDA:1,(anonymous_1)
FNDA:0,(anonymous_2)
DA:5,8
DA:6,8
DA:7,8
DA:18,8
DA:19,8
DA:21,8
DA:23,8
DA:24,1
DA:26,1
DA:27,1
DA:29,1
DA:32,1
DA:44,1
DA:51,1
DA:58,1
DA:66,1
DA:67,1
DA:68,1
DA:74,0
DA:75,0
DA:82,0
DA:88,8
LF:22
LH:19
BRF:0
BRH:0
end_of_record
TN:
SF:middleware\auth.js
FN:6,authenticateJWT
FN:18,ensureLoggedIn
FN:31,ensureCorrectUser
FN:45,ensureIsUser
FN:61,ensureCorrectMerchant
FN:75,ensureIsMerchant
FNF:6
FNH:6
FNDA:601,authenticateJWT
FNDA:8,ensureLoggedIn
FNDA:4,ensureCorrectUser
FNDA:37,ensureIsUser
FNDA:4,ensureCorrectMerchant
FNDA:131,ensureIsMerchant
DA:2,9
DA:7,601
DA:8,601
DA:9,149
DA:10,149
DA:12,452
DA:19,8
DA:20,8
DA:21,7
DA:23,0
DA:25,1
DA:32,4
DA:33,4
DA:34,1
DA:37,2
DA:39,1
DA:46,37
DA:47,37
DA:48,25
DA:51,7
DA:54,5
DA:62,4
DA:63,4
DA:64,1
DA:67,2
DA:69,1
DA:76,131
DA:77,131
DA:78,90
DA:81,28
DA:84,13
DA:88,9
LF:32
LH:31
BRDA:20,0,0,7
BRDA:20,0,1,0
BRDA:33,1,0,1
BRDA:33,1,1,2
BRDA:33,2,0,4
BRDA:33,2,1,2
BRDA:47,3,0,25
BRDA:47,3,1,7
BRDA:63,4,0,1
BRDA:63,4,1,2
BRDA:63,5,0,4
BRDA:63,5,1,2
BRDA:77,6,0,90
BRDA:77,6,1,28
BRF:14
BRH:13
end_of_record
TN:
SF:models\gathering.js
FN:32,(anonymous_0)
FN:37,(anonymous_1)
FN:46,(anonymous_2)
FN:63,(anonymous_3)
FN:73,(anonymous_4)
FN:85,(anonymous_5)
FN:90,(anonymous_6)
FN:100,(anonymous_7)
FN:117,(anonymous_8)
FN:133,(anonymous_9)
FN:142,(anonymous_10)
FN:151,(anonymous_11)
FNF:12
FNH:12
FNDA:1,(anonymous_0)
FNDA:3,(anonymous_1)
FNDA:1,(anonymous_2)
FNDA:11,(anonymous_3)
FNDA:2,(anonymous_4)
FNDA:1,(anonymous_5)
FNDA:2,(anonymous_6)
FNDA:2,(anonymous_7)
FNDA:1,(anonymous_8)
FNDA:1,(anonymous_9)
FNDA:1,(anonymous_10)
FNDA:1,(anonymous_11)
DA:1,8
DA:2,8
DA:18,8
DA:33,1
DA:34,1
DA:38,3
DA:39,0
DA:42,3
DA:43,2
DA:47,1
DA:48,0
DA:51,1
DA:52,1
DA:64,11
DA:66,11
DA:67,9
DA:70,2
DA:74,2
DA:76,2
DA:77,1
DA:78,1
DA:79,1
DA:82,1
DA:86,1
DA:87,1
DA:91,2
DA:93,2
DA:94,1
DA:97,1
DA:101,2
DA:103,2
DA:104,1
DA:107,1
DA:118,1
DA:120,1
DA:121,0
DA:123,1
DA:134,1
DA:136,1
DA:137,0
DA:139,1
DA:143,1
DA:145,1
DA:146,0
DA:148,1
DA:152,1
DA:154,1
DA:155,0
DA:157,1
DA:161,8
LF:50
LH:44
BRDA:38,0,0,0
BRDA:38,0,1,3
BRDA:38,1,0,3
BRDA:38,1,1,3
BRDA:47,2,0,0
BRDA:47,2,1,1
BRDA:47,3,0,1
BRDA:47,3,1,1
BRDA:66,4,0,9
BRDA:66,4,1,2
BRDA:76,5,0,1
BRDA:76,5,1,1
BRDA:93,6,0,1
BRDA:93,6,1,1
BRDA:103,7,0,1
BRDA:103,7,1,1
BRDA:120,8,0,0
BRDA:120,8,1,1
BRDA:136,9,0,0
BRDA:136,9,1,1
BRDA:145,10,0,0
BRDA:145,10,1,1
BRDA:154,11,0,0
BRDA:154,11,1,1
BRF:24
BRH:18
end_of_record
TN:
SF:models\merchant.js
FN:39,(anonymous_0)
FN:57,(anonymous_1)
FN:76,(anonymous_2)
FN:110,(anonymous_3)
FN:117,(anonymous_4)
FN:122,(anonymous_5)
FN:127,(anonymous_6)
FN:140,(anonymous_7)
FN:154,(anonymous_8)
FN:166,(anonymous_9)
FN:194,(anonymous_10)
FN:206,(anonymous_11)
FN:212,(anonymous_12)
FN:218,(anonymous_13)
FN:227,(anonymous_14)
FNF:15
FNH:14
FNDA:203,(anonymous_0)
FNDA:1,(anonymous_1)
FNDA:2,(anonymous_2)
FNDA:1,(anonymous_3)
FNDA:1,(anonymous_4)
FNDA:1,(anonymous_5)
FNDA:0,(anonymous_6)
FNDA:2,(anonymous_7)
FNDA:7,(anonymous_8)
FNDA:3,(anonymous_9)
FNDA:1,(anonymous_10)
FNDA:1,(anonymous_11)
FNDA:4,(anonymous_12)
FNDA:1,(anonymous_13)
FNDA:1,(anonymous_14)
DA:1,8
DA:2,8
DA:3,8
DA:18,8
DA:24,8
DA:28,8
DA:34,8
DA:40,203
DA:42,203
DA:44,203
DA:45,203
DA:46,202
DA:47,202
DA:48,202
DA:49,202
DA:53,1
DA:58,1
DA:60,1
DA:61,0
DA:64,1
DA:65,1
DA:66,1
DA:68,1
DA:77,2
DA:78,2
DA:81,2
DA:82,2
DA:83,1
DA:87,1
DA:88,1
DA:91,1
DA:92,1
DA:95,1
DA:96,1
DA:98,1
DA:99,1
DA:101,1
DA:102,1
DA:111,1
DA:112,1
DA:113,1
DA:115,1
DA:116,1
DA:117,1
DA:118,1
DA:121,1
DA:122,1
DA:123,1
DA:126,1
DA:127,1
DA:128,0
DA:132,1
DA:141,2
DA:142,2
DA:143,2
DA:145,0
DA:155,7
DA:157,7
DA:159,7
DA:160,0
DA:162,7
DA:168,3
DA:169,1
DA:173,3
DA:174,2
DA:175,2
DA:176,1
DA:181,2
DA:182,2
DA:183,0
DA:187,2
DA:188,2
DA:189,2
DA:195,1
DA:197,1
DA:198,0
DA:200,1
DA:207,1
DA:209,1
DA:213,4
DA:215,4
DA:219,1
DA:221,1
DA:222,0
DA:224,1
DA:228,1
DA:230,1
DA:231,0
DA:233,1
DA:240,8
LF:90
LH:82
BRDA:42,0,0,203
BRDA:42,0,1,0
BRDA:45,1,0,202
BRDA:45,1,1,1
BRDA:60,2,0,0
BRDA:60,2,1,1
BRDA:82,3,0,1
BRDA:82,3,1,1
BRDA:115,4,0,1
BRDA:115,4,1,0
BRDA:159,5,0,0
BRDA:159,5,1,7
BRDA:168,6,0,1
BRDA:168,6,1,2
BRDA:173,7,0,2
BRDA:173,7,1,1
BRDA:175,8,0,1
BRDA:175,8,1,1
BRDA:175,9,0,2
BRDA:175,9,1,1
BRDA:182,10,0,0
BRDA:182,10,1,2
BRDA:197,11,0,0
BRDA:197,11,1,1
BRDA:221,12,0,0
BRDA:221,12,1,1
BRDA:230,13,0,0
BRDA:230,13,1,1
BRF:28
BRH:20
end_of_record
TN:
SF:models\order.js
FN:35,(anonymous_0)
FN:111,(anonymous_1)
FN:130,(anonymous_2)
FN:147,(anonymous_3)
FN:153,(anonymous_4)
FN:166,(anonymous_5)
FN:190,(anonymous_6)
FNF:7
FNH:5
FNDA:1,(anonymous_0)
FNDA:1,(anonymous_1)
FNDA:2,(anonymous_2)
FNDA:1,(anonymous_3)
FNDA:0,(anonymous_4)
FNDA:1,(anonymous_5)
FNDA:0,(anonymous_6)
DA:16,8
DA:20,8
DA:22,8
DA:38,1
DA:39,0
DA:40,0
DA:43,1
DA:45,1
DA:49,1
DA:51,1
DA:52,0
DA:53,0
DA:57,1
DA:59,1
DA:60,0
DA:61,0
DA:65,1
DA:66,1
DA:69,1
DA:70,1
DA:72,1
DA:73,1
DA:74,0
DA:75,0
DA:76,0
DA:77,0
DA:79,0
DA:81,1
DA:86,1
DA:89,1
DA:92,1
DA:93,1
DA:96,1
DA:99,1
DA:101,1
DA:104,0
DA:105,0
DA:112,1
DA:114,1
DA:116,1
DA:118,0
DA:131,2
DA:132,2
DA:133,0
DA:136,2
DA:137,2
DA:138,0
DA:141,2
DA:142,2
DA:143,2
DA:148,1
DA:149,1
DA:154,0
DA:155,0
DA:175,1
DA:176,1
DA:191,0
DA:192,0
DA:196,8
LF:59
LH:39
BRDA:38,0,0,0
BRDA:38,0,1,1
BRDA:51,1,0,0
BRDA:51,1,1,1
BRDA:59,2,0,0
BRDA:59,2,1,1
BRDA:72,3,0,1
BRDA:72,3,1,0
BRDA:72,4,0,1
BRDA:72,4,1,1
BRDA:74,5,0,0
BRDA:74,5,1,0
BRDA:76,6,0,0
BRDA:76,6,1,0
BRDA:132,7,0,0
BRDA:132,7,1,2
BRDA:137,8,0,0
BRDA:137,8,1,2
BRF:18
BRH:8
end_of_record
TN:
SF:models\product.js
FN:75,(anonymous_0)
FN:81,(anonymous_1)
FN:87,(anonymous_2)
FN:93,(anonymous_3)
FN:118,(anonymous_4)
FN:124,(anonymous_5)
FN:130,(anonymous_6)
FN:145,(anonymous_7)
FN:161,(anonymous_8)
FN:171,(anonymous_9)
FN:197,(anonymous_10)
FN:203,(anonymous_11)
FN:209,(anonymous_12)
FN:215,(anonymous_13)
FN:221,(anonymous_14)
FN:227,(anonymous_15)
FN:233,(anonymous_16)
FN:247,(anonymous_17)
FN:254,(anonymous_18)
FN:259,(anonymous_19)
FN:264,(anonymous_20)
FN:277,(anonymous_21)
FN:287,(anonymous_22)
FN:297,(anonymous_23)
FN:307,(anonymous_24)
FN:317,(anonymous_25)
FN:327,(anonymous_26)
FN:341,(anonymous_27)
FN:364,(anonymous_28)
FN:373,(anonymous_29)
FN:382,(anonymous_30)
FN:391,(anonymous_31)
FN:419,(anonymous_32)
FN:428,(anonymous_33)
FN:437,(anonymous_34)
FN:455,(anonymous_35)
FN:464,(anonymous_36)
FN:473,(anonymous_37)
FN:482,(anonymous_38)
FN:491,(anonymous_39)
FN:500,(anonymous_40)
FN:509,(anonymous_41)
FN:518,(anonymous_42)
FNF:43
FNH:32
FNDA:2,(anonymous_0)
FNDA:2,(anonymous_1)
FNDA:2,(anonymous_2)
FNDA:2,(anonymous_3)
FNDA:2,(anonymous_4)
FNDA:2,(anonymous_5)
FNDA:1,(anonymous_6)
FNDA:0,(anonymous_7)
FNDA:29,(anonymous_8)
FNDA:2,(anonymous_9)
FNDA:0,(anonymous_10)
FNDA:0,(anonymous_11)
FNDA:0,(anonymous_12)
FNDA:0,(anonymous_13)
FNDA:0,(anonymous_14)
FNDA:0,(anonymous_15)
FNDA:0,(anonymous_16)
FNDA:9,(anonymous_17)
FNDA:5,(anonymous_18)
FNDA:5,(anonymous_19)
FNDA:0,(anonymous_20)
FNDA:5,(anonymous_21)
FNDA:3,(anonymous_22)
FNDA:4,(anonymous_23)
FNDA:6,(anonymous_24)
FNDA:3,(anonymous_25)
FNDA:4,(anonymous_26)
FNDA:0,(anonymous_27)
FNDA:1,(anonymous_28)
FNDA:1,(anonymous_29)
FNDA:1,(anonymous_30)
FNDA:2,(anonymous_31)
FNDA:1,(anonymous_32)
FNDA:1,(anonymous_33)
FNDA:1,(anonymous_34)
FNDA:1,(anonymous_35)
FNDA:1,(anonymous_36)
FNDA:1,(anonymous_37)
FNDA:1,(anonymous_38)
FNDA:1,(anonymous_39)
FNDA:1,(anonymous_40)
FNDA:1,(anonymous_41)
FNDA:0,(anonymous_42)
DA:55,8
DA:61,8
DA:62,8
DA:76,2
DA:77,2
DA:82,2
DA:83,2
DA:88,2
DA:89,2
DA:94,2
DA:95,2
DA:97,2
DA:98,2
DA:99,1
DA:103,1
DA:104,1
DA:107,1
DA:109,1
DA:110,1
DA:112,1
DA:113,1
DA:119,2
DA:120,2
DA:125,2
DA:126,2
DA:131,1
DA:132,1
DA:133,1
DA:135,1
DA:136,1
DA:138,1
DA:140,0
DA:146,0
DA:147,0
DA:162,29
DA:164,29
DA:165,0
DA:167,29
DA:172,2
DA:173,2
DA:175,2
DA:177,2
DA:178,1
DA:181,1
DA:182,1
DA:183,1
DA:184,1
DA:186,1
DA:188,1
DA:189,1
DA:191,1
DA:192,1
DA:198,0
DA:199,0
DA:204,0
DA:205,0
DA:210,0
DA:211,0
DA:216,0
DA:217,0
DA:222,0
DA:223,0
DA:228,0
DA:229,0
DA:234,0
DA:236,0
DA:237,0
DA:239,0
DA:248,9
DA:249,9
DA:250,9
DA:252,9
DA:253,5
DA:254,5
DA:255,5
DA:258,5
DA:259,5
DA:260,5
DA:263,5
DA:264,5
DA:265,0
DA:269,9
DA:278,5
DA:280,5
DA:281,0
DA:283,5
DA:288,3
DA:290,3
DA:291,0
DA:293,3
DA:298,4
DA:300,4
DA:301,0
DA:303,4
DA:308,6
DA:310,6
DA:311,0
DA:313,6
DA:318,3
DA:320,3
DA:321,0
DA:323,3
DA:328,4
DA:330,4
DA:331,0
DA:333,4
DA:342,0
DA:343,0
DA:365,1
DA:367,1
DA:368,0
DA:370,1
DA:374,1
DA:376,1
DA:377,0
DA:379,1
DA:383,1
DA:385,1
DA:386,0
DA:388,1
DA:392,2
DA:393,2
DA:395,2
DA:396,2
DA:397,1
DA:401,1
DA:402,0
DA:405,1
DA:407,1
DA:408,0
DA:411,1
DA:412,1
DA:414,1
DA:415,1
DA:420,1
DA:422,1
DA:423,0
DA:425,1
DA:429,1
DA:431,1
DA:432,0
DA:434,1
DA:438,1
DA:440,1
DA:441,0
DA:443,1
DA:456,1
DA:458,1
DA:459,0
DA:461,1
DA:465,1
DA:467,1
DA:468,0
DA:470,1
DA:474,1
DA:476,1
DA:477,0
DA:479,1
DA:483,1
DA:485,1
DA:486,0
DA:488,1
DA:492,1
DA:494,1
DA:495,0
DA:497,1
DA:501,1
DA:503,1
DA:504,0
DA:506,1
DA:510,1
DA:512,1
DA:513,0
DA:515,1
DA:519,0
DA:521,0
DA:522,0
DA:524,0
DA:529,8
LF:179
LH:131
BRDA:98,0,0,1
BRDA:98,0,1,1
BRDA:103,1,0,1
BRDA:103,1,1,0
BRDA:164,2,0,0
BRDA:164,2,1,29
BRDA:177,3,0,1
BRDA:177,3,1,1
BRDA:236,4,0,0
BRDA:236,4,1,0
BRDA:252,5,0,5
BRDA:252,5,1,4
BRDA:280,6,0,0
BRDA:280,6,1,5
BRDA:290,7,0,0
BRDA:290,7,1,3
BRDA:300,8,0,0
BRDA:300,8,1,4
BRDA:310,9,0,0
BRDA:310,9,1,6
BRDA:320,10,0,0
BRDA:320,10,1,3
BRDA:330,11,0,0
BRDA:330,11,1,4
BRDA:367,12,0,0
BRDA:367,12,1,1
BRDA:376,13,0,0
BRDA:376,13,1,1
BRDA:385,14,0,0
BRDA:385,14,1,1
BRDA:396,15,0,1
BRDA:396,15,1,1
BRDA:401,16,0,0
BRDA:401,16,1,1
BRDA:407,17,0,0
BRDA:407,17,1,1
BRDA:422,18,0,0
BRDA:422,18,1,1
BRDA:431,19,0,0
BRDA:431,19,1,1
BRDA:440,20,0,0
BRDA:440,20,1,1
BRDA:458,21,0,0
BRDA:458,21,1,1
BRDA:467,22,0,0
BRDA:467,22,1,1
BRDA:476,23,0,0
BRDA:476,23,1,1
BRDA:485,24,0,0
BRDA:485,24,1,1
BRDA:494,25,0,0
BRDA:494,25,1,1
BRDA:503,26,0,0
BRDA:503,26,1,1
BRDA:512,27,0,0
BRDA:512,27,1,1
BRDA:521,28,0,0
BRDA:521,28,1,0
BRF:58
BRH:31
end_of_record
TN:
SF:models\user.js
FN:16,(anonymous_0)
FN:34,(anonymous_1)
FN:49,(anonymous_2)
FN:59,(anonymous_3)
FN:86,(anonymous_4)
FNF:5
FNH:5
FNDA:200,(anonymous_0)
FNDA:1,(anonymous_1)
FNDA:8,(anonymous_2)
FNDA:3,(anonymous_3)
FNDA:1,(anonymous_4)
DA:1,8
DA:2,8
DA:3,8
DA:11,8
DA:17,200
DA:19,200
DA:21,200
DA:22,200
DA:23,199
DA:24,199
DA:25,199
DA:26,199
DA:30,1
DA:35,1
DA:37,1
DA:38,0
DA:41,1
DA:42,1
DA:43,1
DA:45,1
DA:50,8
DA:52,8
DA:53,0
DA:55,8
DA:61,3
DA:62,1
DA:66,3
DA:67,2
DA:68,2
DA:69,1
DA:74,2
DA:75,2
DA:76,0
DA:80,2
DA:81,2
DA:82,2
DA:87,1
DA:89,1
DA:90,0
DA:92,1
DA:97,8
LF:41
LH:37
BRDA:19,0,0,200
BRDA:19,0,1,0
BRDA:22,1,0,199
BRDA:22,1,1,1
BRDA:37,2,0,0
BRDA:37,2,1,1
BRDA:52,3,0,0
BRDA:52,3,1,8
BRDA:61,4,0,1
BRDA:61,4,1,2
BRDA:66,5,0,2
BRDA:66,5,1,1
BRDA:68,6,0,1
BRDA:68,6,1,1
BRDA:68,7,0,2
BRDA:68,7,1,1
BRDA:75,8,0,0
BRDA:75,8,1,2
BRDA:89,9,0,0
BRDA:89,9,1,1
BRF:20
BRH:15
end_of_record
TN:
SF:repositories\common.repository.js
FN:3,begin_transaction
FN:14,commit_transaction
FN:25,rollback_transaction
FNF:3
FNH:3
FNDA:10,begin_transaction
FNDA:6,commit_transaction
FNDA:4,rollback_transaction
DA:1,8
DA:4,10
DA:5,10
DA:7,10
DA:9,0
DA:15,6
DA:16,6
DA:18,6
DA:20,0
DA:26,4
DA:27,4
DA:29,4
DA:31,0
DA:35,8
LF:14
LH:11
BRF:0
BRH:0
end_of_record
TN:
SF:repositories\gathering.repository.js
FN:6,create_new_master_gathering
FN:23,create_gathering_merchants_by_gathering_id
FN:49,create_gathering_images_by_gathering_id
FN:75,fetch_gathering_by_gathering_id
FN:89,fetch_gathering_merchants_by_gathering_id
FN:103,fetch_gathering_images_by_gathering_id
FN:139,fetch_gatherings_by_merchant_id
FN:174,fetch_gathering_merchant_by_participant_id
FN:194,fetch_gathering_image_by_image_id
FN:215,update_gathering_by_gathering_id
FN:236,delete_gathering_by_id
FN:250,delete_gathering_merchant_by_participant_id
FN:264,delete_gathering_image_by_image_id
FNF:13
FNH:13
FNDA:1,create_new_master_gathering
FNDA:3,create_gathering_merchants_by_gathering_id
FNDA:1,create_gathering_images_by_gathering_id
FNDA:13,fetch_gathering_by_gathering_id
FNDA:1,fetch_gathering_merchants_by_gathering_id
FNDA:1,fetch_gathering_images_by_gathering_id
FNDA:2,fetch_gatherings_by_merchant_id
FNDA:2,fetch_gathering_merchant_by_participant_id
FNDA:2,fetch_gathering_image_by_image_id
FNDA:1,update_gathering_by_gathering_id
FNDA:1,delete_gathering_by_id
FNDA:1,delete_gathering_merchant_by_participant_id
FNDA:1,delete_gathering_image_by_image_id
DA:1,8
DA:2,8
DA:3,8
DA:4,8
DA:7,1
DA:8,1
DA:10,1
DA:17,1
DA:19,0
DA:24,3
DA:25,3
DA:26,3
DA:28,3
DA:29,3
DA:30,3
DA:33,3
DA:35,3
DA:43,2
DA:45,1
DA:50,1
DA:51,1
DA:52,1
DA:54,1
DA:55,1
DA:56,1
DA:59,1
DA:61,1
DA:69,1
DA:71,0
DA:76,13
DA:77,13
DA:83,13
DA:85,0
DA:90,1
DA:91,1
DA:97,1
DA:99,0
DA:104,1
DA:105,1
DA:111,1
DA:113,0
DA:140,2
DA:141,2
DA:167,2
DA:169,0
DA:175,2
DA:176,2
DA:188,2
DA:190,0
DA:195,2
DA:196,2
DA:209,2
DA:211,0
DA:216,1
DA:217,1
DA:218,0
DA:222,1
DA:229,1
DA:230,1
DA:232,0
DA:237,1
DA:238,1
DA:244,1
DA:246,0
DA:251,1
DA:252,1
DA:258,1
DA:260,0
DA:265,1
DA:266,1
DA:272,1
DA:274,0
DA:279,8
LF:73
LH:60
BRDA:217,0,0,0
BRDA:217,0,1,1
BRF:2
BRH:1
end_of_record
TN:
SF:repositories\merchant.repository.js
FN:6,create_new_merchant
FN:25,fetch_merchants_by_query_params
FN:107,fetch_merchant_by_merchant_email
FN:125,fetch_merchant_by_merchant_id
FN:139,fetch_merchant_public_profile_by_merchant_id
FN:165,update_merchant_by_merchant_id
FN:182,delete_merchant_by_merchant_id
FN:198,create_new_merchant_about
FN:219,fetch_merchant_about_by_merchant_id
FN:233,update_merchant_about_by_merchant_id
FN:250,delete_merchant_about_by_merchant_id
FNF:11
FNH:11
FNDA:1,create_new_merchant
FNDA:2,fetch_merchants_by_query_params
FNDA:206,fetch_merchant_by_merchant_email
FNDA:7,fetch_merchant_by_merchant_id
FNDA:2,fetch_merchant_public_profile_by_merchant_id
FNDA:2,update_merchant_by_merchant_id
FNDA:1,delete_merchant_by_merchant_id
FNDA:1,create_new_merchant_about
FNDA:11,fetch_merchant_about_by_merchant_id
FNDA:1,update_merchant_about_by_merchant_id
FNDA:1,delete_merchant_about_by_merchant_id
DA:1,8
DA:2,8
DA:3,8
DA:7,1
DA:8,1
DA:19,1
DA:21,0
DA:27,2
DA:28,2
DA:29,2
DA:30,2
DA:31,2
DA:34,2
DA:35,1
DA:37,1
DA:38,1
DA:39,1
DA:42,1
DA:43,1
DA:44,1
DA:48,2
DA:49,0
DA:50,0
DA:51,0
DA:53,0
DA:55,0
DA:56,0
DA:57,0
DA:60,0
DA:61,0
DA:62,0
DA:66,2
DA:67,0
DA:74,2
DA:77,2
DA:78,0
DA:79,0
DA:81,2
DA:84,2
DA:99,2
DA:100,2
DA:101,2
DA:103,0
DA:108,206
DA:109,206
DA:119,206
DA:121,0
DA:126,7
DA:127,7
DA:133,7
DA:135,0
DA:140,2
DA:141,2
DA:159,2
DA:161,0
DA:166,2
DA:168,2
DA:175,2
DA:176,2
DA:178,0
DA:183,1
DA:184,1
DA:190,1
DA:192,0
DA:199,1
DA:200,1
DA:213,1
DA:215,0
DA:220,11
DA:221,11
DA:227,11
DA:229,0
DA:234,1
DA:236,1
DA:243,1
DA:244,1
DA:246,0
DA:251,1
DA:252,1
DA:258,1
DA:260,0
DA:266,8
LF:82
LH:58
BRDA:34,0,0,1
BRDA:34,0,1,1
BRDA:48,1,0,0
BRDA:48,1,1,2
BRDA:49,2,0,0
BRDA:49,2,1,0
BRDA:66,3,0,0
BRDA:66,3,1,2
BRDA:74,4,0,1
BRDA:74,4,1,1
BRDA:77,5,0,0
BRDA:77,5,1,2
BRF:12
BRH:7
end_of_record
TN:
SF:repositories\order.repository.js
FN:13,create_master_order
FN:30,create_order_status
FN:49,create_order_products
FN:81,create_order_product_promotions
FN:119,create_order_product_coupons
FN:164,fetch_order_by_order_id
FN:178,fetch_order_products_by_order_id
FN:192,fetch_orders_by_user_id
FN:214,fetch_orders_by_merchant_id
FN:250,update_master_order
FN:272,update_order_product
FN:300,delete_master_order
FN:315,delete_order_product
FN:337,validate_order_owner
FN:364,validate_order_products
FNF:15
FNH:11
FNDA:1,create_master_order
FNDA:2,create_order_status
FNDA:1,create_order_products
FNDA:1,create_order_product_promotions
FNDA:1,create_order_product_coupons
FNDA:2,fetch_order_by_order_id
FNDA:2,fetch_order_products_by_order_id
FNDA:1,fetch_orders_by_user_id
FNDA:0,fetch_orders_by_merchant_id
FNDA:2,update_master_order
FNDA:0,update_order_product
FNDA:0,delete_master_order
FNDA:0,delete_order_product
FNDA:2,validate_order_owner
FNDA:1,validate_order_products
DA:1,8
DA:2,8
DA:3,8
DA:4,8
DA:14,1
DA:15,1
DA:24,1
DA:26,0
DA:31,2
DA:33,2
DA:34,2
DA:43,2
DA:45,0
DA:50,1
DA:51,1
DA:54,1
DA:55,1
DA:57,1
DA:62,1
DA:64,1
DA:65,1
DA:75,1
DA:77,0
DA:83,1
DA:84,1
DA:86,1
DA:87,1
DA:88,0
DA:91,1
DA:92,1
DA:95,1
DA:96,0
DA:99,1
DA:101,1
DA:102,1
DA:112,1
DA:115,0
DA:120,1
DA:121,1
DA:123,1
DA:124,1
DA:125,0
DA:128,1
DA:129,1
DA:132,1
DA:133,0
DA:136,1
DA:139,1
DA:140,1
DA:150,1
DA:153,0
DA:165,2
DA:166,2
DA:172,2
DA:174,0
DA:179,2
DA:180,2
DA:186,2
DA:188,0
DA:193,1
DA:194,1
DA:208,1
DA:210,0
DA:216,0
DA:217,0
DA:237,0
DA:239,0
DA:252,2
DA:259,2
DA:260,2
DA:262,2
DA:263,0
DA:264,0
DA:265,0
DA:268,2
DA:273,0
DA:275,0
DA:276,0
DA:287,0
DA:289,0
DA:301,0
DA:302,0
DA:308,0
DA:310,0
DA:316,0
DA:317,0
DA:323,0
DA:325,0
DA:338,2
DA:339,2
DA:345,2
DA:346,2
DA:347,0
DA:350,2
DA:352,0
DA:365,1
DA:366,1
DA:368,1
DA:369,1
DA:372,1
DA:373,0
DA:377,1
DA:378,1
DA:380,1
DA:381,1
DA:382,1
DA:385,1
DA:386,1
DA:387,1
DA:388,1
DA:391,1
DA:394,1
DA:395,1
DA:424,1
DA:426,0
DA:431,8
LF:116
LH:80
BRDA:87,0,0,0
BRDA:87,0,1,1
BRDA:95,1,0,0
BRDA:95,1,1,1
BRDA:124,2,0,0
BRDA:124,2,1,1
BRDA:132,3,0,0
BRDA:132,3,1,1
BRDA:262,4,0,0
BRDA:262,4,1,2
BRDA:346,5,0,0
BRDA:346,5,1,2
BRDA:372,6,0,0
BRDA:372,6,1,1
BRDA:380,7,0,1
BRDA:380,7,1,0
BRDA:385,8,0,1
BRDA:385,8,1,0
BRF:18
BRH:9
end_of_record
TN:
SF:repositories\product.repository.js
FN:13,create_master_products
FN:43,create_product_images
FN:70,create_product_metas
FN:96,create_product_promotion
FN:115,create_product_coupons
FN:141,create_product_modifiers
FN:168,create_product_review
FN:193,create_merchant_featured_product
FN:221,fetch_product_by_product_id
FN:236,fetch_product_images_by_product_id
FN:258,fetch_product_promotions_by_product_id
FN:280,fetch_active_product_promotions_by_product_id
FN:302,fetch_product_modifiers_by_product_id
FN:323,fetch_product_reviews_by_product_id
FN:352,fetch_product_meta_data_by_product_id
FN:373,fetch_product_coupons_by_product_id
FN:395,fetch_product_coupon_by_coupon_code
FN:411,fetch_products_by_query_params
FN:559,fetch_grouped_product_meta_by_product_ids
FN:584,fetch_featured_products_by_product_ids
FN:604,fetch_product_image_by_image_id
FN:626,fetch_product_meta_by_meta_id
FN:647,fetch_product_promotion_by_promotion_id
FN:668,fetch_product_coupon_by_coupon_id
FN:690,fetch_product_modifier_by_modifier_id
FN:711,fetch_product_review_by_review_id
FN:736,fetch_product_reviews_by_user_id
FN:770,update_master_product
FN:787,update_product_image
FN:804,update_product_meta
FN:821,update_product_promotion
FN:838,update_product_coupon
FN:855,update_product_modifier
FN:872,update_product_review
FN:891,update_product_rating
FN:916,update_product_views
FN:930,update_product_purchases
FN:943,update_product_returns
FN:956,update_promotion_active_status
FN:978,delete_master_product
FN:992,delete_product_image
FN:1006,delete_product_meta
FN:1020,delete_product_promotion
FN:1034,delete_product_coupon
FN:1048,delete_product_modifier
FN:1062,delete_product_review
FN:1077,delete_merchant_featured_product_by_product_id
FNF:47
FNH:38
FNDA:2,create_master_products
FNDA:2,create_product_images
FNDA:2,create_product_metas
FNDA:1,create_product_promotion
FNDA:2,create_product_coupons
FNDA:2,create_product_modifiers
FNDA:1,create_product_review
FNDA:0,create_merchant_featured_product
FNDA:35,fetch_product_by_product_id
FNDA:1,fetch_product_images_by_product_id
FNDA:0,fetch_product_promotions_by_product_id
FNDA:1,fetch_active_product_promotions_by_product_id
FNDA:1,fetch_product_modifiers_by_product_id
FNDA:1,fetch_product_reviews_by_product_id
FNDA:0,fetch_product_meta_data_by_product_id
FNDA:0,fetch_product_coupons_by_product_id
FNDA:0,fetch_product_coupon_by_coupon_code
FNDA:12,fetch_products_by_query_params
FNDA:6,fetch_grouped_product_meta_by_product_ids
FNDA:6,fetch_featured_products_by_product_ids
FNDA:5,fetch_product_image_by_image_id
FNDA:3,fetch_product_meta_by_meta_id
FNDA:4,fetch_product_promotion_by_promotion_id
FNDA:6,fetch_product_coupon_by_coupon_id
FNDA:3,fetch_product_modifier_by_modifier_id
FNDA:4,fetch_product_review_by_review_id
FNDA:0,fetch_product_reviews_by_user_id
FNDA:1,update_master_product
FNDA:1,update_product_image
FNDA:1,update_product_meta
FNDA:1,update_product_promotion
FNDA:1,update_product_coupon
FNDA:1,update_product_modifier
FNDA:1,update_product_review
FNDA:1,update_product_rating
FNDA:1,update_product_views
FNDA:0,update_product_purchases
FNDA:0,update_product_returns
FNDA:1,update_promotion_active_status
FNDA:1,delete_master_product
FNDA:1,delete_product_image
FNDA:1,delete_product_meta
FNDA:1,delete_product_promotion
FNDA:1,delete_product_coupon
FNDA:1,delete_product_modifier
FNDA:1,delete_product_review
FNDA:0,delete_merchant_featured_product_by_product_id
DA:1,8
DA:2,8
DA:3,8
DA:4,8
DA:14,2
DA:15,2
DA:17,2
DA:18,3
DA:19,3
DA:22,2
DA:25,2
DA:26,2
DA:37,2
DA:39,0
DA:44,2
DA:45,2
DA:47,2
DA:48,3
DA:49,3
DA:52,2
DA:55,2
DA:56,2
DA:64,2
DA:66,0
DA:71,2
DA:72,2
DA:74,2
DA:75,3
DA:76,3
DA:79,2
DA:81,2
DA:82,2
DA:90,2
DA:92,0
DA:97,1
DA:98,1
DA:109,1
DA:111,0
DA:116,2
DA:117,2
DA:119,2
DA:120,3
DA:121,3
DA:124,2
DA:126,2
DA:127,2
DA:135,2
DA:137,0
DA:142,2
DA:143,2
DA:145,2
DA:146,3
DA:147,3
DA:150,2
DA:152,2
DA:153,2
DA:161,2
DA:163,0
DA:169,1
DA:171,1
DA:172,1
DA:187,1
DA:189,0
DA:194,0
DA:195,0
DA:207,0
DA:209,0
DA:222,35
DA:223,35
DA:229,35
DA:231,0
DA:237,1
DA:238,1
DA:252,1
DA:254,0
DA:259,0
DA:260,0
DA:274,0
DA:276,0
DA:281,1
DA:282,1
DA:296,1
DA:298,0
DA:303,1
DA:304,1
DA:317,1
DA:319,0
DA:324,1
DA:325,1
DA:346,1
DA:348,0
DA:353,0
DA:354,0
DA:367,0
DA:369,0
DA:374,0
DA:375,0
DA:389,0
DA:391,0
DA:396,0
DA:397,0
DA:404,0
DA:406,0
DA:413,12
DA:414,12
DA:415,12
DA:416,12
DA:417,12
DA:418,12
DA:421,12
DA:422,4
DA:424,4
DA:425,4
DA:426,4
DA:429,4
DA:430,4
DA:431,4
DA:435,12
DA:436,3
DA:437,3
DA:438,3
DA:440,0
DA:442,0
DA:443,0
DA:444,0
DA:447,0
DA:448,0
DA:449,0
DA:454,12
DA:455,4
DA:460,4
DA:462,4
DA:463,4
DA:464,4
DA:467,4
DA:468,4
DA:469,4
DA:474,12
DA:475,1
DA:480,1
DA:481,1
DA:482,1
DA:485,0
DA:491,12
DA:492,2
DA:493,2
DA:495,2
DA:496,2
DA:497,2
DA:501,12
DA:504,12
DA:506,0
DA:508,0
DA:511,0
DA:516,12
DA:517,1
DA:518,1
DA:520,11
DA:523,12
DA:551,12
DA:552,12
DA:553,12
DA:555,0
DA:560,6
DA:561,6
DA:562,6
DA:563,6
DA:566,6
DA:578,6
DA:580,0
DA:585,6
DA:586,6
DA:587,6
DA:588,6
DA:591,6
DA:597,6
DA:599,0
DA:605,5
DA:606,5
DA:620,5
DA:622,0
DA:627,3
DA:628,3
DA:641,3
DA:643,0
DA:648,4
DA:649,4
DA:662,4
DA:664,0
DA:669,6
DA:670,6
DA:684,6
DA:686,0
DA:691,3
DA:692,3
DA:705,3
DA:707,0
DA:712,4
DA:713,4
DA:729,4
DA:731,0
DA:737,0
DA:738,0
DA:753,0
DA:755,0
DA:771,1
DA:773,1
DA:780,1
DA:781,1
DA:783,0
DA:788,1
DA:790,1
DA:797,1
DA:798,1
DA:800,0
DA:805,1
DA:807,1
DA:814,1
DA:815,1
DA:817,0
DA:822,1
DA:824,1
DA:831,1
DA:832,1
DA:834,0
DA:839,1
DA:841,1
DA:848,1
DA:849,1
DA:851,0
DA:856,1
DA:858,1
DA:865,1
DA:866,1
DA:868,0
DA:873,1
DA:875,1
DA:882,1
DA:883,1
DA:885,0
DA:894,1
DA:895,1
DA:896,0
DA:897,0
DA:899,0
DA:902,1
DA:903,1
DA:910,1
DA:912,0
DA:917,1
DA:918,1
DA:924,1
DA:926,0
DA:931,0
DA:932,0
DA:937,0
DA:939,0
DA:944,0
DA:945,0
DA:950,0
DA:952,0
DA:957,1
DA:958,1
DA:964,1
DA:966,0
DA:979,1
DA:980,1
DA:986,1
DA:988,0
DA:993,1
DA:994,1
DA:1000,1
DA:1002,0
DA:1007,1
DA:1008,1
DA:1014,1
DA:1016,0
DA:1021,1
DA:1022,1
DA:1028,1
DA:1030,0
DA:1035,1
DA:1036,1
DA:1042,1
DA:1044,0
DA:1049,1
DA:1050,1
DA:1056,1
DA:1058,0
DA:1063,1
DA:1064,1
DA:1070,1
DA:1072,0
DA:1078,0
DA:1079,0
DA:1087,0
DA:1089,0
DA:1094,8
LF:298
LH:210
BRDA:193,0,0,0
BRDA:193,1,0,0
BRDA:421,2,0,4
BRDA:421,2,1,8
BRDA:435,3,0,3
BRDA:435,3,1,9
BRDA:436,4,0,3
BRDA:436,4,1,0
BRDA:454,5,0,4
BRDA:454,5,1,8
BRDA:474,6,0,1
BRDA:474,6,1,11
BRDA:480,7,0,1
BRDA:480,7,1,0
BRDA:491,8,0,2
BRDA:491,8,1,10
BRDA:501,9,0,11
BRDA:501,9,1,1
BRDA:504,10,0,0
BRDA:504,10,1,12
BRDA:506,11,0,0
BRDA:516,12,0,1
BRDA:516,12,1,11
BRDA:894,13,0,1
BRDA:894,13,1,0
BRDA:896,14,0,0
BRDA:896,14,1,0
BRF:27
BRH:18
end_of_record
TN:
SF:repositories\user.repository.js
FN:6,create_new_user
FN:26,fetch_user_by_user_email
FN:44,fetch_user_by_user_id
FN:58,update_user_by_user_id
FN:75,delete_user_by_user_id
FNF:5
FNH:5
FNDA:1,create_new_user
FNDA:203,fetch_user_by_user_email
FNDA:8,fetch_user_by_user_id
FNDA:2,update_user_by_user_id
FNDA:1,delete_user_by_user_id
DA:1,8
DA:2,8
DA:3,8
DA:7,1
DA:8,1
DA:20,1
DA:22,0
DA:27,203
DA:28,203
DA:38,203
DA:40,0
DA:45,8
DA:46,8
DA:52,8
DA:54,0
DA:59,2
DA:61,2
DA:68,2
DA:69,2
DA:71,0
DA:76,1
DA:77,1
DA:83,1
DA:85,0
DA:90,8
LF:25
LH:20
BRF:0
BRH:0
end_of_record
TN:
SF:routes\auth.js
FN:23,(anonymous_0)
FN:29,(anonymous_1)
FN:51,(anonymous_2)
FN:57,(anonymous_3)
FNF:4
FNH:4
FNDA:202,(anonymous_0)
FNDA:2,(anonymous_1)
FNDA:205,(anonymous_2)
FNDA:2,(anonymous_3)
DA:2,8
DA:3,8
DA:6,8
DA:7,8
DA:10,8
DA:11,8
DA:14,8
DA:15,8
DA:18,8
DA:23,8
DA:24,202
DA:26,202
DA:27,202
DA:29,2
DA:30,2
DA:34,200
DA:35,200
DA:36,199
DA:37,0
DA:40,199
DA:41,199
DA:43,3
DA:51,8
DA:52,205
DA:54,205
DA:55,205
DA:57,2
DA:58,2
DA:62,203
DA:63,203
DA:64,202
DA:65,0
DA:68,202
DA:69,202
DA:71,3
DA:75,8
LF:36
LH:34
BRDA:27,0,0,2
BRDA:27,0,1,200
BRDA:36,1,0,0
BRDA:36,1,1,199
BRDA:55,2,0,2
BRDA:55,2,1,203
BRDA:64,3,0,0
BRDA:64,3,1,202
BRF:8
BRH:6
end_of_record
TN:
SF:routes\gatherings.js
FN:33,(anonymous_0)
FN:38,(anonymous_1)
FN:57,(anonymous_2)
FN:71,(anonymous_3)
FN:84,(anonymous_4)
FN:96,(anonymous_5)
FN:117,(anonymous_6)
FN:131,(anonymous_7)
FN:150,(anonymous_8)
FN:164,(anonymous_9)
FN:172,(anonymous_10)
FN:203,(anonymous_11)
FN:222,(anonymous_12)
FN:241,(anonymous_13)
FNF:14
FNH:14
FNDA:3,(anonymous_0)
FNDA:2,(anonymous_1)
FNDA:3,(anonymous_2)
FNDA:1,(anonymous_3)
FNDA:3,(anonymous_4)
FNDA:1,(anonymous_5)
FNDA:2,(anonymous_6)
FNDA:1,(anonymous_7)
FNDA:3,(anonymous_8)
FNDA:2,(anonymous_9)
FNDA:2,(anonymous_10)
FNDA:2,(anonymous_11)
FNDA:2,(anonymous_12)
FNDA:2,(anonymous_13)
DA:2,8
DA:3,8
DA:6,8
DA:9,8
DA:12,8
DA:13,8
DA:14,8
DA:15,8
DA:18,8
DA:20,8
DA:33,8
DA:34,3
DA:35,3
DA:36,3
DA:38,2
DA:39,2
DA:42,1
DA:43,1
DA:45,1
DA:47,1
DA:49,2
DA:57,8
DA:58,3
DA:62,3
DA:63,3
DA:64,0
DA:68,3
DA:69,3
DA:71,1
DA:72,1
DA:75,2
DA:77,1
DA:79,2
DA:84,8
DA:85,3
DA:87,3
DA:88,2
DA:89,0
DA:93,2
DA:94,2
DA:96,1
DA:97,1
DA:100,1
DA:102,1
DA:104,2
DA:117,8
DA:118,2
DA:119,2
DA:120,1
DA:121,0
DA:124,1
DA:126,1
DA:131,8
DA:132,1
DA:133,1
DA:135,1
DA:137,0
DA:150,8
DA:151,3
DA:153,3
DA:154,3
DA:155,0
DA:156,3
DA:157,0
DA:161,3
DA:162,3
DA:164,2
DA:165,2
DA:170,1
DA:171,1
DA:172,1
DA:173,2
DA:176,2
DA:181,1
DA:182,0
DA:186,1
DA:187,1
DA:190,2
DA:203,8
DA:204,2
DA:206,2
DA:207,1
DA:208,0
DA:209,1
DA:210,0
DA:213,1
DA:214,1
DA:217,1
DA:222,8
DA:223,2
DA:225,2
DA:226,1
DA:227,0
DA:228,1
DA:229,0
DA:232,1
DA:233,1
DA:236,1
DA:241,8
DA:242,2
DA:244,2
DA:245,1
DA:246,0
DA:247,1
DA:248,0
DA:251,1
DA:252,1
DA:255,1
DA:259,8
LF:109
LH:96
BRDA:36,0,0,2
BRDA:36,0,1,1
BRDA:63,1,0,0
BRDA:63,1,1,3
BRDA:63,2,0,3
BRDA:63,2,1,3
BRDA:69,3,0,1
BRDA:69,3,1,2
BRDA:88,4,0,0
BRDA:88,4,1,2
BRDA:88,5,0,2
BRDA:88,5,1,2
BRDA:94,6,0,1
BRDA:94,6,1,1
BRDA:120,7,0,0
BRDA:120,7,1,1
BRDA:154,8,0,0
BRDA:154,8,1,3
BRDA:156,9,0,0
BRDA:156,9,1,3
BRDA:162,10,0,2
BRDA:162,10,1,1
BRDA:173,11,0,2
BRDA:173,11,1,0
BRDA:173,12,0,2
BRDA:173,12,1,2
BRDA:173,12,2,2
BRDA:173,12,3,2
BRDA:181,13,0,0
BRDA:181,13,1,1
BRDA:207,14,0,0
BRDA:207,14,1,1
BRDA:209,15,0,0
BRDA:209,15,1,1
BRDA:226,16,0,0
BRDA:226,16,1,1
BRDA:228,17,0,0
BRDA:228,17,1,1
BRDA:228,18,0,1
BRDA:228,18,1,1
BRDA:245,19,0,0
BRDA:245,19,1,1
BRDA:247,20,0,0
BRDA:247,20,1,1
BRDA:247,21,0,1
BRDA:247,21,1,1
BRF:46
BRH:33
end_of_record
TN:
SF:routes\merchants.js
FN:27,(anonymous_0)
FN:38,(anonymous_1)
FN:58,(anonymous_2)
FN:80,(anonymous_3)
FN:96,(anonymous_4)
FN:109,(anonymous_5)
FN:122,(anonymous_6)
FN:136,(anonymous_7)
FN:160,(anonymous_8)
FN:171,(anonymous_9)
FN:178,(anonymous_10)
FN:205,(anonymous_11)
FN:215,(anonymous_12)
FN:235,(anonymous_13)
FN:250,(anonymous_14)
FNF:15
FNH:15
FNDA:3,(anonymous_0)
FNDA:2,(anonymous_1)
FNDA:1,(anonymous_2)
FNDA:2,(anonymous_3)
FNDA:1,(anonymous_4)
FNDA:1,(anonymous_5)
FNDA:2,(anonymous_6)
FNDA:1,(anonymous_7)
FNDA:6,(anonymous_8)
FNDA:3,(anonymous_9)
FNDA:4,(anonymous_10)
FNDA:3,(anonymous_11)
FNDA:2,(anonymous_12)
FNDA:1,(anonymous_13)
FNDA:1,(anonymous_14)
DA:2,8
DA:3,8
DA:6,8
DA:9,8
DA:10,8
DA:13,8
DA:16,8
DA:19,8
DA:27,8
DA:28,3
DA:36,3
DA:37,3
DA:38,2
DA:39,2
DA:42,1
DA:44,1
DA:46,2
DA:58,8
DA:59,1
DA:60,1
DA:61,1
DA:63,1
DA:65,0
DA:70,8
DA:80,8
DA:81,2
DA:84,2
DA:85,1
DA:87,1
DA:90,2
DA:92,0
DA:96,8
DA:97,1
DA:98,1
DA:99,1
DA:100,0
DA:103,1
DA:105,0
DA:109,8
DA:110,1
DA:111,1
DA:112,1
DA:113,0
DA:116,1
DA:118,0
DA:122,8
DA:123,2
DA:125,2
DA:126,2
DA:127,1
DA:130,1
DA:132,1
DA:136,8
DA:137,1
DA:140,1
DA:141,0
DA:143,1
DA:146,1
DA:148,0
DA:160,8
DA:161,6
DA:163,6
DA:164,6
DA:165,0
DA:169,6
DA:170,6
DA:171,3
DA:172,3
DA:176,3
DA:177,3
DA:178,3
DA:179,4
DA:182,3
DA:187,3
DA:188,1
DA:192,3
DA:193,0
DA:197,3
DA:198,2
DA:200,4
DA:205,8
DA:206,3
DA:207,3
DA:208,3
DA:209,0
DA:213,3
DA:214,3
DA:215,2
DA:216,2
DA:219,1
DA:221,1
DA:223,2
DA:235,8
DA:236,1
DA:237,1
DA:238,1
DA:239,0
DA:242,1
DA:243,1
DA:244,1
DA:246,0
DA:250,8
DA:251,1
DA:252,1
DA:253,1
DA:254,0
DA:257,1
DA:259,0
LF:108
LH:93
BRDA:37,0,0,2
BRDA:37,0,1,1
BRDA:84,1,0,1
BRDA:84,1,1,1
BRDA:99,2,0,0
BRDA:99,2,1,1
BRDA:112,3,0,0
BRDA:112,3,1,1
BRDA:126,4,0,1
BRDA:126,4,1,1
BRDA:140,5,0,0
BRDA:140,5,1,1
BRDA:164,6,0,0
BRDA:164,6,1,6
BRDA:170,7,0,3
BRDA:170,7,1,3
BRDA:179,8,0,3
BRDA:179,8,1,1
BRDA:179,9,0,4
BRDA:179,9,1,4
BRDA:179,9,2,3
BRDA:179,9,3,3
BRDA:187,10,0,1
BRDA:187,10,1,2
BRDA:192,11,0,0
BRDA:192,11,1,3
BRDA:208,12,0,0
BRDA:208,12,1,3
BRDA:214,13,0,2
BRDA:214,13,1,1
BRDA:238,14,0,0
BRDA:238,14,1,1
BRDA:253,15,0,0
BRDA:253,15,1,1
BRF:34
BRH:26
end_of_record
TN:
SF:routes\orders.js
FN:27,(anonymous_0)
FN:32,(anonymous_1)
FN:51,(anonymous_2)
FN:61,(anonymous_3)
FNF:4
FNH:4
FNDA:5,(anonymous_0)
FNDA:4,(anonymous_1)
FNDA:1,(anonymous_2)
FNDA:1,(anonymous_3)
DA:2,8
DA:3,8
DA:6,8
DA:9,8
DA:13,8
DA:16,8
DA:19,8
DA:27,8
DA:28,5
DA:29,5
DA:30,5
DA:32,4
DA:33,4
DA:36,1
DA:38,1
DA:40,4
DA:51,8
DA:52,1
DA:53,1
DA:55,1
DA:57,0
DA:61,8
DA:62,1
DA:63,1
DA:65,1
DA:67,0
DA:109,8
LF:27
LH:25
BRDA:30,0,0,4
BRDA:30,0,1,1
BRF:2
BRH:2
end_of_record
TN:
SF:routes\products.js
FN:46,(anonymous_0)
FN:51,(anonymous_1)
FN:63,(anonymous_2)
FN:75,(anonymous_3)
FN:87,(anonymous_4)
FN:99,(anonymous_5)
FN:111,(anonymous_6)
FN:123,(anonymous_7)
FN:135,(anonymous_8)
FN:147,(anonymous_9)
FN:159,(anonymous_10)
FN:171,(anonymous_11)
FN:183,(anonymous_12)
FN:189,(anonymous_13)
FN:201,(anonymous_14)
FN:225,(anonymous_15)
FN:241,(anonymous_16)
FN:257,(anonymous_17)
FN:280,(anonymous_18)
FN:294,(anonymous_19)
FN:302,(anonymous_20)
FN:324,(anonymous_21)
FN:338,(anonymous_22)
FN:346,(anonymous_23)
FN:368,(anonymous_24)
FN:382,(anonymous_25)
FN:390,(anonymous_26)
FN:412,(anonymous_27)
FN:426,(anonymous_28)
FN:434,(anonymous_29)
FN:456,(anonymous_30)
FN:470,(anonymous_31)
FN:478,(anonymous_32)
FN:500,(anonymous_33)
FN:514,(anonymous_34)
FN:522,(anonymous_35)
FN:544,(anonymous_36)
FN:558,(anonymous_37)
FN:566,(anonymous_38)
FN:596,(anonymous_39)
FN:615,(anonymous_40)
FN:634,(anonymous_41)
FN:653,(anonymous_42)
FN:672,(anonymous_43)
FN:691,(anonymous_44)
FN:710,(anonymous_45)
FN:730,(anonymous_46)
FNF:47
FNH:44
FNDA:5,(anonymous_0)
FNDA:3,(anonymous_1)
FNDA:6,(anonymous_2)
FNDA:4,(anonymous_3)
FNDA:4,(anonymous_4)
FNDA:2,(anonymous_5)
FNDA:4,(anonymous_6)
FNDA:2,(anonymous_7)
FNDA:4,(anonymous_8)
FNDA:2,(anonymous_9)
FNDA:7,(anonymous_10)
FNDA:5,(anonymous_11)
FNDA:4,(anonymous_12)
FNDA:3,(anonymous_13)
FNDA:0,(anonymous_14)
FNDA:9,(anonymous_15)
FNDA:2,(anonymous_16)
FNDA:0,(anonymous_17)
FNDA:3,(anonymous_18)
FNDA:3,(anonymous_19)
FNDA:1,(anonymous_20)
FNDA:4,(anonymous_21)
FNDA:3,(anonymous_22)
FNDA:1,(anonymous_23)
FNDA:2,(anonymous_24)
FNDA:1,(anonymous_25)
FNDA:1,(anonymous_26)
FNDA:3,(anonymous_27)
FNDA:1,(anonymous_28)
FNDA:2,(anonymous_29)
FNDA:5,(anonymous_30)
FNDA:4,(anonymous_31)
FNDA:1,(anonymous_32)
FNDA:2,(anonymous_33)
FNDA:1,(anonymous_34)
FNDA:1,(anonymous_35)
FNDA:3,(anonymous_36)
FNDA:2,(anonymous_37)
FNDA:1,(anonymous_38)
FNDA:1,(anonymous_39)
FNDA:1,(anonymous_40)
FNDA:1,(anonymous_41)
FNDA:1,(anonymous_42)
FNDA:1,(anonymous_43)
FNDA:1,(anonymous_44)
FNDA:1,(anonymous_45)
FNDA:0,(anonymous_46)
DA:2,8
DA:3,8
DA:6,8
DA:9,8
DA:10,8
DA:12,8
DA:13,8
DA:15,8
DA:16,8
DA:18,8
DA:19,8
DA:21,8
DA:22,8
DA:24,8
DA:25,8
DA:27,8
DA:28,8
DA:31,8
DA:34,8
DA:37,8
DA:46,8
DA:47,5
DA:48,5
DA:49,5
DA:51,3
DA:52,3
DA:55,2
DA:57,2
DA:59,3
DA:63,8
DA:64,6
DA:66,6
DA:67,6
DA:68,0
DA:72,6
DA:73,6
DA:75,4
DA:76,4
DA:79,2
DA:81,2
DA:83,4
DA:87,8
DA:88,4
DA:90,4
DA:91,4
DA:92,0
DA:96,4
DA:97,4
DA:99,2
DA:100,2
DA:103,2
DA:105,2
DA:107,2
DA:111,8
DA:112,4
DA:114,4
DA:115,4
DA:116,0
DA:120,4
DA:121,4
DA:123,2
DA:124,2
DA:127,2
DA:129,1
DA:131,3
DA:135,8
DA:136,4
DA:138,4
DA:139,4
DA:140,0
DA:144,4
DA:145,4
DA:147,2
DA:148,2
DA:151,2
DA:153,2
DA:155,2
DA:159,8
DA:160,7
DA:162,7
DA:163,7
DA:164,0
DA:168,7
DA:169,7
DA:171,5
DA:172,5
DA:175,2
DA:177,2
DA:179,5
DA:183,8
DA:184,4
DA:186,4
DA:187,4
DA:189,3
DA:190,3
DA:193,1
DA:195,1
DA:197,3
DA:201,8
DA:202,0
DA:204,0
DA:205,0
DA:206,0
DA:209,0
DA:211,0
DA:213,0
DA:225,8
DA:226,9
DA:229,9
DA:230,8
DA:232,1
DA:235,9
DA:237,0
DA:241,8
DA:242,2
DA:244,2
DA:245,1
DA:246,0
DA:249,1
DA:251,1
DA:257,8
DA:258,0
DA:260,0
DA:265,0
DA:267,0
DA:280,8
DA:281,3
DA:283,3
DA:284,3
DA:285,0
DA:286,3
DA:287,0
DA:291,3
DA:292,3
DA:294,3
DA:295,2
DA:300,1
DA:301,1
DA:302,1
DA:303,1
DA:306,1
DA:311,1
DA:312,0
DA:316,1
DA:317,1
DA:319,2
DA:324,8
DA:325,4
DA:327,4
DA:328,4
DA:329,0
DA:330,4
DA:331,0
DA:335,4
DA:336,4
DA:338,3
DA:339,3
DA:344,1
DA:345,1
DA:346,1
DA:347,1
DA:350,1
DA:355,1
DA:356,0
DA:360,1
DA:361,1
DA:363,3
DA:368,8
DA:369,2
DA:371,2
DA:372,2
DA:373,0
DA:374,2
DA:375,0
DA:379,2
DA:380,2
DA:382,1
DA:383,1
DA:388,1
DA:389,1
DA:390,1
DA:391,1
DA:394,1
DA:399,1
DA:400,0
DA:404,1
DA:405,1
DA:407,1
DA:412,8
DA:413,3
DA:415,3
DA:416,3
DA:417,0
DA:418,3
DA:419,0
DA:423,3
DA:424,3
DA:426,1
DA:427,1
DA:432,2
DA:433,2
DA:434,2
DA:435,2
DA:438,2
DA:443,2
DA:444,0
DA:448,2
DA:449,1
DA:451,2
DA:456,8
DA:457,5
DA:459,5
DA:460,5
DA:461,0
DA:462,5
DA:463,0
DA:467,5
DA:468,5
DA:470,4
DA:471,4
DA:476,1
DA:477,1
DA:478,1
DA:479,1
DA:482,1
DA:487,1
DA:488,0
DA:492,1
DA:493,1
DA:495,4
DA:500,8
DA:501,2
DA:503,2
DA:504,2
DA:505,0
DA:506,2
DA:507,0
DA:511,2
DA:512,2
DA:514,1
DA:515,1
DA:520,1
DA:521,1
DA:522,1
DA:523,1
DA:526,1
DA:531,1
DA:532,0
DA:536,1
DA:537,1
DA:539,1
DA:544,8
DA:545,3
DA:547,3
DA:548,3
DA:549,0
DA:550,3
DA:551,0
DA:555,3
DA:556,3
DA:558,2
DA:559,2
DA:564,1
DA:565,1
DA:566,1
DA:567,1
DA:570,1
DA:575,1
DA:576,0
DA:580,1
DA:581,1
DA:583,2
DA:596,8
DA:597,1
DA:599,1
DA:600,1
DA:601,0
DA:602,1
DA:603,0
DA:606,1
DA:608,1
DA:610,0
DA:615,8
DA:616,1
DA:618,1
DA:619,1
DA:620,0
DA:621,1
DA:622,0
DA:625,1
DA:627,1
DA:629,0
DA:634,8
DA:635,1
DA:637,1
DA:638,1
DA:639,0
DA:640,1
DA:641,0
DA:644,1
DA:646,1
DA:648,0
DA:653,8
DA:654,1
DA:656,1
DA:657,1
DA:658,0
DA:659,1
DA:660,0
DA:663,1
DA:665,1
DA:667,0
DA:672,8
DA:673,1
DA:675,1
DA:676,1
DA:677,0
DA:678,1
DA:679,0
DA:682,1
DA:684,1
DA:686,0
DA:691,8
DA:692,1
DA:694,1
DA:695,1
DA:696,0
DA:697,1
DA:698,0
DA:701,1
DA:703,1
DA:705,0
DA:710,8
DA:711,1
DA:713,1
DA:714,1
DA:715,0
DA:716,1
DA:717,0
DA:720,1
DA:722,1
DA:724,0
DA:730,8
DA:731,0
DA:733,0
DA:735,0
DA:736,0
DA:737,0
DA:738,0
DA:741,0
DA:743,0
DA:745,0
DA:749,8
LF:353
LH:284
BRDA:49,0,0,3
BRDA:49,0,1,2
BRDA:67,1,0,0
BRDA:67,1,1,6
BRDA:67,2,0,6
BRDA:67,2,1,6
BRDA:73,3,0,4
BRDA:73,3,1,2
BRDA:91,4,0,0
BRDA:91,4,1,4
BRDA:91,5,0,4
BRDA:91,5,1,4
BRDA:97,6,0,2
BRDA:97,6,1,2
BRDA:115,7,0,0
BRDA:115,7,1,4
BRDA:115,8,0,4
BRDA:115,8,1,4
BRDA:121,9,0,2
BRDA:121,9,1,2
BRDA:139,10,0,0
BRDA:139,10,1,4
BRDA:139,11,0,4
BRDA:139,11,1,4
BRDA:145,12,0,2
BRDA:145,12,1,2
BRDA:163,13,0,0
BRDA:163,13,1,7
BRDA:163,14,0,7
BRDA:163,14,1,7
BRDA:169,15,0,5
BRDA:169,15,1,2
BRDA:187,16,0,3
BRDA:187,16,1,1
BRDA:205,17,0,0
BRDA:205,17,1,0
BRDA:205,18,0,0
BRDA:205,18,1,0
BRDA:229,19,0,8
BRDA:229,19,1,1
BRDA:245,20,0,0
BRDA:245,20,1,1
BRDA:284,21,0,0
BRDA:284,21,1,3
BRDA:286,22,0,0
BRDA:286,22,1,3
BRDA:292,23,0,2
BRDA:292,23,1,1
BRDA:303,24,0,1
BRDA:303,24,1,0
BRDA:303,25,0,1
BRDA:303,25,1,1
BRDA:303,25,2,1
BRDA:303,25,3,1
BRDA:311,26,0,0
BRDA:311,26,1,1
BRDA:328,27,0,0
BRDA:328,27,1,4
BRDA:330,28,0,0
BRDA:330,28,1,4
BRDA:336,29,0,3
BRDA:336,29,1,1
BRDA:347,30,0,1
BRDA:347,30,1,0
BRDA:347,31,0,1
BRDA:347,31,1,1
BRDA:347,31,2,1
BRDA:347,31,3,1
BRDA:355,32,0,0
BRDA:355,32,1,1
BRDA:372,33,0,0
BRDA:372,33,1,2
BRDA:374,34,0,0
BRDA:374,34,1,2
BRDA:380,35,0,1
BRDA:380,35,1,1
BRDA:391,36,0,1
BRDA:391,36,1,0
BRDA:391,37,0,1
BRDA:391,37,1,1
BRDA:391,37,2,1
BRDA:391,37,3,1
BRDA:399,38,0,0
BRDA:399,38,1,1
BRDA:416,39,0,0
BRDA:416,39,1,3
BRDA:418,40,0,0
BRDA:418,40,1,3
BRDA:424,41,0,1
BRDA:424,41,1,2
BRDA:435,42,0,2
BRDA:435,42,1,0
BRDA:435,43,0,2
BRDA:435,43,1,2
BRDA:435,43,2,2
BRDA:435,43,3,2
BRDA:443,44,0,0
BRDA:443,44,1,2
BRDA:460,45,0,0
BRDA:460,45,1,5
BRDA:462,46,0,0
BRDA:462,46,1,5
BRDA:468,47,0,4
BRDA:468,47,1,1
BRDA:479,48,0,1
BRDA:479,48,1,0
BRDA:479,49,0,1
BRDA:479,49,1,1
BRDA:479,49,2,1
BRDA:479,49,3,1
BRDA:487,50,0,0
BRDA:487,50,1,1
BRDA:504,51,0,0
BRDA:504,51,1,2
BRDA:506,52,0,0
BRDA:506,52,1,2
BRDA:512,53,0,1
BRDA:512,53,1,1
BRDA:523,54,0,1
BRDA:523,54,1,0
BRDA:523,55,0,1
BRDA:523,55,1,1
BRDA:523,55,2,1
BRDA:523,55,3,1
BRDA:531,56,0,0
BRDA:531,56,1,1
BRDA:548,57,0,0
BRDA:548,57,1,3
BRDA:550,58,0,0
BRDA:550,58,1,3
BRDA:556,59,0,2
BRDA:556,59,1,1
BRDA:567,60,0,1
BRDA:567,60,1,0
BRDA:567,61,0,1
BRDA:567,61,1,1
BRDA:567,61,2,1
BRDA:567,61,3,1
BRDA:575,62,0,0
BRDA:575,62,1,1
BRDA:600,63,0,0
BRDA:600,63,1,1
BRDA:602,64,0,0
BRDA:602,64,1,1
BRDA:619,65,0,0
BRDA:619,65,1,1
BRDA:621,66,0,0
BRDA:621,66,1,1
BRDA:638,67,0,0
BRDA:638,67,1,1
BRDA:640,68,0,0
BRDA:640,68,1,1
BRDA:657,69,0,0
BRDA:657,69,1,1
BRDA:659,70,0,0
BRDA:659,70,1,1
BRDA:676,71,0,0
BRDA:676,71,1,1
BRDA:678,72,0,0
BRDA:678,72,1,1
BRDA:695,73,0,0
BRDA:695,73,1,1
BRDA:697,74,0,0
BRDA:697,74,1,1
BRDA:714,75,0,0
BRDA:714,75,1,1
BRDA:716,76,0,0
BRDA:716,76,1,1
BRDA:735,77,0,0
BRDA:735,77,1,0
BRDA:737,78,0,0
BRDA:737,78,1,0
BRF:172
BRH:116
end_of_record
TN:
SF:routes\register.js
FN:29,(anonymous_0)
FN:35,(anonymous_1)
FN:53,(anonymous_2)
FN:59,(anonymous_3)
FNF:4
FNH:4
FNDA:5,(anonymous_0)
FNDA:4,(anonymous_1)
FNDA:5,(anonymous_2)
FNDA:4,(anonymous_3)
DA:2,8
DA:3,8
DA:6,8
DA:7,8
DA:10,8
DA:11,8
DA:14,8
DA:15,8
DA:17,8
DA:29,8
DA:30,5
DA:32,5
DA:33,5
DA:35,4
DA:36,4
DA:40,1
DA:42,1
DA:43,1
DA:45,4
DA:53,8
DA:54,5
DA:56,5
DA:57,5
DA:59,4
DA:60,4
DA:64,1
DA:66,1
DA:67,1
DA:69,4
DA:73,8
LF:30
LH:30
BRDA:33,0,0,4
BRDA:33,0,1,1
BRDA:57,1,0,4
BRDA:57,1,1,1
BRF:4
BRH:4
end_of_record
TN:
SF:routes\users.js
FN:27,(anonymous_0)
FN:47,(anonymous_1)
FN:58,(anonymous_2)
FN:65,(anonymous_3)
FN:98,(anonymous_4)
FN:120,(anonymous_5)
FNF:6
FNH:6
FNDA:1,(anonymous_0)
FNDA:7,(anonymous_1)
FNDA:4,(anonymous_2)
FNDA:4,(anonymous_3)
FNDA:1,(anonymous_4)
FNDA:1,(anonymous_5)
DA:2,8
DA:3,8
DA:6,8
DA:9,8
DA:12,8
DA:15,8
DA:18,8
DA:27,8
DA:28,1
DA:29,1
DA:30,1
DA:31,0
DA:34,1
DA:36,0
DA:47,8
DA:48,7
DA:50,7
DA:51,7
DA:52,0
DA:56,7
DA:57,7
DA:58,4
DA:59,4
DA:63,3
DA:64,3
DA:65,3
DA:66,4
DA:69,3
DA:74,3
DA:75,1
DA:79,3
DA:80,0
DA:84,3
DA:85,2
DA:87,5
DA:98,8
DA:99,1
DA:100,1
DA:101,1
DA:102,0
DA:105,1
DA:106,1
DA:107,1
DA:109,0
DA:120,8
DA:121,1
DA:122,1
DA:123,1
DA:125,1
DA:127,0
DA:131,8
LF:51
LH:44
BRDA:30,0,0,0
BRDA:30,0,1,1
BRDA:51,1,0,0
BRDA:51,1,1,7
BRDA:57,2,0,4
BRDA:57,2,1,3
BRDA:66,3,0,3
BRDA:66,3,1,1
BRDA:66,4,0,4
BRDA:66,4,1,4
BRDA:66,4,2,3
BRDA:66,4,3,3
BRDA:74,5,0,1
BRDA:74,5,1,2
BRDA:79,6,0,0
BRDA:79,6,1,3
BRDA:101,7,0,0
BRDA:101,7,1,1
BRF:18
BRH:14
end_of_record
